 0  58.3333321
 1  52.9798431
 2  50.2061272
 3  48.0746613
 4  46.3113136
 5  44.7987709
 6  43.4725914
 7  42.29245
 8  41.2309189
 9  40.2683067
 10  39.3898277
 11  38.5840607
 12  37.8419647
 13  37.1562004
 14  36.5207481
 15  35.930584
 16  35.3814774
 17  34.8698006
 18  34.3924675
 19  33.9467735
 20  33.5303879
 21  33.1412468
 22  32.7775459
 23  32.4376793
 24  32.1202316
 25  31.8239288
 26  31.5476589
 27  31.2903824
 28  31.051218
 29  30.8293419
 30  30.6240253
 31  30.4346085
 32  30.2605114
 33  30.1012039
 34  29.9562206
 35  29.8251362
 36  29.7075882
 37  29.6032372
 38  29.5118065
 39  29.4330521
 40  29.3667583
 41  29.3127499
 42  29.2708874
 43  29.241066
 44  29.2231979
 45  29.2172565
 46  29.2231979
 47  29.241066
 48  29.2708912
 49  29.3127537
 50  29.3667583
 51  29.4330521
 52  29.5118103
 53  29.6032352
 54  29.7075844
 55  29.8251362
 56  29.9562225
 57  30.1012039
 58  30.2605114
 59  30.4346085
 60  30.6240215
 61  30.8293419
 62  31.051218
 63  31.2903824
 64  31.5476589
 65  31.8239288
 66  32.1202316
 67  32.4376793
 68  32.7775459
 69  33.1412468
 70  33.5303879
 71  33.9467735
 72  34.3924675
 73  34.8698006
 74  35.3814774
 75  35.930584
 76  36.5207481
 77  37.1562004
 78  37.8419647
 79  38.5840569
 80  39.3898277
 81  40.2683067
 82  41.2309189
 83  42.29245
 84  43.4725914
 85  44.7987595
 86  46.311306
 87  48.0746574
 88  50.2061272
 89  52.9798431
