   1  9.476023E-06 -3.999391E-02 -3.998443E-02  1.783858E-03  0.102178
   3  8.521497E-05 -3.994519E-02 -3.985997E-02  5.345436E-03  0.101827
   5  2.363238E-04 -3.984779E-02 -3.961147E-02  8.888617E-03  0.101125
   7  4.620665E-04 -3.970185E-02 -3.923978E-02  1.240123E-02  0.100076
   9  7.613432E-04 -3.950753E-02 -3.874619E-02  1.587124E-02  9.868439E-02
   11  1.132696E-03 -3.926509E-02 -3.813240E-02  1.928679E-02  9.695654E-02
   13  1.574315E-03 -3.897481E-02 -3.740049E-02  2.263626E-02  9.489977E-02
   15  2.084049E-03 -3.863704E-02 -3.655299E-02  2.590832E-02  9.252307E-02
   17  2.659415E-03 -3.825219E-02 -3.559278E-02  2.909198E-02  8.983676E-02
   19  3.297611E-03 -3.782075E-02 -3.452314E-02  3.217664E-02  8.685253E-02
   21  3.995525E-03 -3.734322E-02 -3.334770E-02  3.515211E-02  8.358334E-02
   23  4.749759E-03 -3.682020E-02 -3.207044E-02  3.800871E-02  8.004339E-02
   25  5.556637E-03 -3.625231E-02 -3.069567E-02  4.073723E-02  7.624799E-02
   27  6.412229E-03 -3.564027E-02 -2.922804E-02  4.332904E-02  7.221358E-02
   29  7.312367E-03 -3.498479E-02 -2.767242E-02  4.577611E-02  6.795755E-02
   31  8.252664E-03 -3.428669E-02 -2.603403E-02  4.807100E-02  6.349826E-02
   33  9.228542E-03 -3.354682E-02 -2.431828E-02  5.020698E-02  5.885488E-02
   35  1.023524E-02 -3.276609E-02 -2.253084E-02  5.217794E-02  5.404734E-02
   37  1.126786E-02 -3.194542E-02 -2.067756E-02  5.397852E-02  4.909620E-02
   39  1.232137E-02 -3.108584E-02 -1.876447E-02  5.560408E-02  4.402257E-02
   41  1.339064E-02 -3.018838E-02 -1.679774E-02  5.705070E-02  3.884804E-02
   43  1.447046E-02 -2.925415E-02 -1.478369E-02  5.831527E-02  3.359456E-02
   45  1.555556E-02 -2.828427E-02 -1.272872E-02  5.939538E-02  2.828427E-02
   47  1.664066E-02 -2.727994E-02 -1.063928E-02  6.028948E-02  2.293953E-02
   49  1.772047E-02 -2.624236E-02 -8.521892E-03  6.099672E-02  1.758270E-02
   51  1.878974E-02 -2.517282E-02 -6.383078E-03  6.151710E-02  1.223609E-02
   53  1.984325E-02 -2.407260E-02 -4.229350E-03  6.185135E-02  6.921832E-03
   55  2.087587E-02 -2.294306E-02 -2.067190E-03  6.200097E-02  1.661807E-03
   57  2.188257E-02 -2.178556E-02  9.700656E-05  6.196824E-02 -3.522491E-03
   59  2.285845E-02 -2.060152E-02  2.256922E-03  6.175617E-02 -8.610042E-03
   61  2.379875E-02 -1.939238E-02  4.406361E-03  6.136851E-02 -1.358038E-02
   63  2.469888E-02 -1.815962E-02  6.539259E-03  6.080968E-02 -1.841368E-02
   65  2.555447E-02 -1.690473E-02  8.649740E-03  6.008480E-02 -2.309095E-02
   67  2.636135E-02 -1.562925E-02  1.073210E-02  5.919966E-02 -2.759393E-02
   69  2.711559E-02 -1.433472E-02  1.278086E-02  5.816062E-02 -3.190540E-02
   71  2.781350E-02 -1.302273E-02  1.479077E-02  5.697466E-02 -3.600905E-02
   73  2.845169E-02 -1.169487E-02  1.675682E-02  5.564931E-02 -3.988969E-02
   75  2.902706E-02 -1.035276E-02  1.867430E-02  5.419259E-02 -4.353326E-02
   77  2.953680E-02 -8.998042E-03  2.053875E-02  5.261302E-02 -4.692692E-02
   79  2.997841E-02 -7.632363E-03  2.234605E-02  5.091952E-02 -5.005908E-02
   81  3.034977E-02 -6.257380E-03  2.409239E-02  4.912140E-02 -5.291947E-02
   83  3.064904E-02 -4.874773E-03  2.577427E-02  4.722831E-02 -5.549918E-02
   85  3.087479E-02 -3.486232E-03  2.738855E-02  4.525018E-02 -5.779070E-02
   87  3.102590E-02 -2.093439E-03  2.893246E-02  4.319718E-02 -5.978793E-02
   89  3.110164E-02 -6.980954E-04  3.040354E-02  4.107967E-02 -6.148622E-02
   91  3.110164E-02  6.980940E-04  3.179973E-02  3.890815E-02 -6.288242E-02
   93  3.102590E-02  2.093438E-03  3.311933E-02  3.669319E-02 -6.397480E-02
   95  3.087479E-02  3.486231E-03  3.436102E-02  3.444540E-02 -6.476316E-02
   97  3.064904E-02  4.874772E-03  3.552382E-02  3.217539E-02 -6.524874E-02
   99  3.034977E-02  6.257379E-03  3.660715E-02  2.989367E-02 -6.543423E-02
   101  2.997841E-02  7.632362E-03  3.761078E-02  2.761066E-02 -6.532381E-02
   103  2.953680E-02  8.998041E-03  3.853484E-02  2.533660E-02 -6.492301E-02
   105  2.902706E-02  1.035276E-02  3.937982E-02  2.308148E-02 -6.423879E-02
   107  2.845169E-02  1.169487E-02  4.014656E-02  2.085508E-02 -6.327943E-02
   109  2.781350E-02  1.302273E-02  4.083623E-02  1.866684E-02 -6.205451E-02
   111  2.711559E-02  1.433472E-02  4.145030E-02  1.652582E-02 -6.057484E-02
   113  2.636135E-02  1.562925E-02  4.199060E-02  1.444073E-02 -5.885243E-02
   115  2.555447E-02  1.690473E-02  4.245920E-02  1.241982E-02 -5.690040E-02
   117  2.469889E-02  1.815962E-02  4.285850E-02  1.047085E-02 -5.473294E-02
   119  2.379875E-02  1.939238E-02  4.319113E-02  8.601073E-03 -5.236515E-02
   121  2.285845E-02  2.060152E-02  4.345997E-02  6.817212E-03 -4.981310E-02
   123  2.188257E-02  2.178556E-02  4.366813E-02  5.125407E-03 -4.709362E-02
   125  2.087587E-02  2.294306E-02  4.381893E-02  3.531199E-03 -4.422431E-02
   127  1.984325E-02  2.407261E-02  4.391585E-02  2.039498E-03 -4.122337E-02
   129  1.878974E-02  2.517281E-02  4.396256E-02  6.545838E-04 -3.810956E-02
   131  1.772048E-02  2.624236E-02  4.396284E-02 -6.199516E-04 -3.490203E-02
   133  1.664066E-02  2.727994E-02  4.392060E-02 -1.781177E-03 -3.162035E-02
   135  1.555556E-02  2.828427E-02  4.383983E-02 -2.826840E-03 -2.828427E-02
   137  1.447046E-02  2.925415E-02  4.372461E-02 -3.755393E-03 -2.491375E-02
   139  1.339064E-02  3.018839E-02  4.357903E-02 -4.565980E-03 -2.152872E-02
   141  1.232138E-02  3.108584E-02  4.340722E-02 -5.258443E-03 -1.814913E-02
   143  1.126787E-02  3.194542E-02  4.321329E-02 -5.833318E-03 -1.479466E-02
   145  1.023525E-02  3.276609E-02  4.300133E-02 -6.291823E-03 -1.148483E-02
   147  9.228542E-03  3.354682E-02  4.277537E-02 -6.635852E-03 -8.238764E-03
   149  8.252664E-03  3.428669E-02  4.253936E-02 -6.867956E-03 -5.075121E-03
   151  7.312366E-03  3.498479E-02  4.229715E-02 -6.991332E-03 -2.012022E-03
   153  6.412232E-03  3.564026E-02  4.205249E-02 -7.009797E-03  9.330325E-04
   155  5.556639E-03  3.625231E-02  4.180895E-02 -6.927764E-03  3.743358E-03
   157  4.749759E-03  3.682020E-02  4.156996E-02 -6.750215E-03  6.402992E-03
   159  3.995524E-03  3.734322E-02  4.133874E-02 -6.482678E-03  8.896906E-03
   161  3.297610E-03  3.782075E-02  4.111836E-02 -6.131186E-03  1.121104E-02
   163  2.659418E-03  3.825219E-02  4.091161E-02 -5.702246E-03  1.333236E-02
   165  2.084051E-03  3.863703E-02  4.072108E-02 -5.202794E-03  1.524899E-02
   167  1.574316E-03  3.897480E-02  4.054912E-02 -4.640171E-03  1.695016E-02
   169  1.132696E-03  3.926509E-02  4.039779E-02 -4.022067E-03  1.842635E-02
   171  7.613429E-04  3.950753E-02  4.026888E-02 -3.356483E-03  1.966932E-02
   173  4.620660E-04  3.970185E-02  4.016392E-02 -2.651684E-03  2.067211E-02
   175  2.363245E-04  3.984779E-02  4.008412E-02 -1.916161E-03  2.142914E-02
   177  8.521527E-05  3.994518E-02  4.003040E-02 -1.158560E-03  2.193618E-02
   179  9.476081E-06  3.999391E-02  4.000339E-02 -3.876669E-04  2.219040E-02
   181  9.476012E-06  3.999391E-02  4.000339E-02  3.876655E-04  2.219041E-02
   183  8.521506E-05  3.994518E-02  4.003040E-02  1.158559E-03  2.193618E-02
   185  2.363242E-04  3.984779E-02  4.008411E-02  1.916160E-03  2.142914E-02
   187  4.620656E-04  3.970185E-02  4.016392E-02  2.651683E-03  2.067211E-02
   189  7.613424E-04  3.950754E-02  4.026888E-02  3.356483E-03  1.966932E-02
   191  1.132695E-03  3.926509E-02  4.039779E-02  4.022067E-03  1.842635E-02
   193  1.574315E-03  3.897481E-02  4.054912E-02  4.640171E-03  1.695016E-02
   195  2.084050E-03  3.863703E-02  4.072108E-02  5.202794E-03  1.524899E-02
   197  2.659417E-03  3.825219E-02  4.091161E-02  5.702245E-03  1.333236E-02
   199  3.297608E-03  3.782075E-02  4.111836E-02  6.131185E-03  1.121104E-02
   201  3.995524E-03  3.734322E-02  4.133875E-02  6.482678E-03  8.896906E-03
   203  4.749758E-03  3.682020E-02  4.156995E-02  6.750215E-03  6.402995E-03
   205  5.556637E-03  3.625231E-02  4.180895E-02  6.927762E-03  3.743362E-03
   207  6.412231E-03  3.564026E-02  4.205249E-02  7.009799E-03  9.330399E-04
   209  7.312369E-03  3.498479E-02  4.229716E-02  6.991332E-03 -2.012044E-03
   211  8.252661E-03  3.428670E-02  4.253936E-02  6.867956E-03 -5.075118E-03
   213  9.228538E-03  3.354683E-02  4.277537E-02  6.635852E-03 -8.238761E-03
   215  1.023524E-02  3.276609E-02  4.300132E-02  6.291822E-03 -1.148483E-02
   217  1.126786E-02  3.194542E-02  4.321329E-02  5.833320E-03 -1.479465E-02
   219  1.232137E-02  3.108584E-02  4.340722E-02  5.258445E-03 -1.814912E-02
   221  1.339064E-02  3.018838E-02  4.357903E-02  4.565977E-03 -2.152874E-02
   223  1.447045E-02  2.925416E-02  4.372460E-02  3.755396E-03 -2.491374E-02
   225  1.555555E-02  2.828428E-02  4.383983E-02  2.826842E-03 -2.828427E-02
   227  1.664065E-02  2.727994E-02  4.392059E-02  1.781179E-03 -3.162034E-02
   229  1.772047E-02  2.624236E-02  4.396283E-02  6.199554E-04 -3.490203E-02
   231  1.878974E-02  2.517282E-02  4.396255E-02 -6.545819E-04 -3.810955E-02
   233  1.984324E-02  2.407261E-02  4.391585E-02 -2.039494E-03 -4.122336E-02
   235  2.087587E-02  2.294306E-02  4.381893E-02 -3.531210E-03 -4.422432E-02
   237  2.188257E-02  2.178557E-02  4.366813E-02 -5.125403E-03 -4.709361E-02
   239  2.285844E-02  2.060153E-02  4.345997E-02 -6.817199E-03 -4.981307E-02
   241  2.379875E-02  1.939239E-02  4.319113E-02 -8.601071E-03 -5.236515E-02
   243  2.469888E-02  1.815963E-02  4.285850E-02 -1.047084E-02 -5.473292E-02
   245  2.555448E-02  1.690473E-02  4.245921E-02 -1.241982E-02 -5.690041E-02
   247  2.636135E-02  1.562925E-02  4.199060E-02 -1.444073E-02 -5.885243E-02
   249  2.711559E-02  1.433471E-02  4.145030E-02 -1.652583E-02 -6.057485E-02
   251  2.781350E-02  1.302273E-02  4.083623E-02 -1.866683E-02 -6.205451E-02
   253  2.845169E-02  1.169488E-02  4.014657E-02 -2.085507E-02 -6.327942E-02
   255  2.902707E-02  1.035276E-02  3.937983E-02 -2.308149E-02 -6.423879E-02
   257  2.953679E-02  8.998048E-03  3.853484E-02 -2.533658E-02 -6.492300E-02
   259  2.997842E-02  7.632354E-03  3.761077E-02 -2.761067E-02 -6.532381E-02
   261  3.034977E-02  6.257381E-03  3.660715E-02 -2.989367E-02 -6.543423E-02
   263  3.064904E-02  4.874784E-03  3.552383E-02 -3.217538E-02 -6.524874E-02
   265  3.087479E-02  3.486229E-03  3.436102E-02 -3.444541E-02 -6.476316E-02
   267  3.102590E-02  2.093445E-03  3.311934E-02 -3.669317E-02 -6.397481E-02
   269  3.110164E-02  6.980919E-04  3.179973E-02 -3.890816E-02 -6.288242E-02
   271  3.110164E-02 -6.980928E-04  3.040355E-02 -4.107967E-02 -6.148623E-02
   273  3.102590E-02 -2.093446E-03  2.893245E-02 -4.319719E-02 -5.978791E-02
   275  3.087479E-02 -3.486230E-03  2.738856E-02 -4.525018E-02 -5.779070E-02
   277  3.064905E-02 -4.874766E-03  2.577428E-02 -4.722830E-02 -5.549920E-02
   279  3.034977E-02 -6.257382E-03  2.409239E-02 -4.912140E-02 -5.291947E-02
   281  2.997842E-02 -7.632356E-03  2.234606E-02 -5.091951E-02 -5.005909E-02
   283  2.953679E-02 -8.998048E-03  2.053874E-02 -5.261303E-02 -4.692690E-02
   285  2.902707E-02 -1.035276E-02  1.867430E-02 -5.419259E-02 -4.353327E-02
   287  2.845170E-02 -1.169486E-02  1.675684E-02 -5.564930E-02 -3.988972E-02
   289  2.781350E-02 -1.302273E-02  1.479077E-02 -5.697466E-02 -3.600905E-02
   291  2.711559E-02 -1.433471E-02  1.278088E-02 -5.816061E-02 -3.190542E-02
   293  2.636135E-02 -1.562925E-02  1.073210E-02 -5.919966E-02 -2.759393E-02
   295  2.555448E-02 -1.690473E-02  8.649752E-03 -6.008481E-02 -2.309096E-02
   297  2.469889E-02 -1.815961E-02  6.539278E-03 -6.080968E-02 -1.841372E-02
   299  2.379875E-02 -1.939239E-02  4.406359E-03 -6.136851E-02 -1.358037E-02
   301  2.285845E-02 -2.060152E-02  2.256935E-03 -6.175618E-02 -8.610070E-03
   303  2.188257E-02 -2.178557E-02  9.699911E-05 -6.196824E-02 -3.522482E-03
   305  2.087587E-02 -2.294306E-02 -2.067182E-03 -6.200097E-02  1.661787E-03
   307  1.984324E-02 -2.407261E-02 -4.229365E-03 -6.185135E-02  6.921859E-03
   309  1.878974E-02 -2.517282E-02 -6.383078E-03 -6.151710E-02  1.223609E-02
   311  1.772048E-02 -2.624235E-02 -8.521877E-03 -6.099673E-02  1.758267E-02
   313  1.664065E-02 -2.727994E-02 -1.063928E-02 -6.028947E-02  2.293954E-02
   315  1.555556E-02 -2.828427E-02 -1.272871E-02 -5.939539E-02  2.828425E-02
   317  1.447045E-02 -2.925416E-02 -1.478370E-02 -5.831526E-02  3.359457E-02
   319  1.339064E-02 -3.018838E-02 -1.679774E-02 -5.705071E-02  3.884804E-02
   321  1.232138E-02 -3.108583E-02 -1.876445E-02 -5.560409E-02  4.402253E-02
   323  1.126786E-02 -3.194542E-02 -2.067756E-02 -5.397852E-02  4.909619E-02
   325  1.023525E-02 -3.276608E-02 -2.253084E-02 -5.217795E-02  5.404732E-02
   327  9.228538E-03 -3.354683E-02 -2.431829E-02 -5.020697E-02  5.885490E-02
   329  8.252666E-03 -3.428669E-02 -2.603403E-02 -4.807101E-02  6.349824E-02
   331  7.312363E-03 -3.498479E-02 -2.767243E-02 -4.577609E-02  6.795757E-02
   333  6.412230E-03 -3.564026E-02 -2.922803E-02 -4.332904E-02  7.221357E-02
   335  5.556642E-03 -3.625231E-02 -3.069567E-02 -4.073724E-02  7.624796E-02
   337  4.749757E-03 -3.682020E-02 -3.207044E-02 -3.800870E-02  8.004339E-02
   339  3.995528E-03 -3.734322E-02 -3.334769E-02 -3.515213E-02  8.358333E-02
   341  3.297608E-03 -3.782075E-02 -3.452314E-02 -3.217663E-02  8.685254E-02
   343  2.659417E-03 -3.825219E-02 -3.559278E-02 -2.909199E-02  8.983675E-02
   345  2.084053E-03 -3.863703E-02 -3.655298E-02 -2.590834E-02  9.252305E-02
   347  1.574315E-03 -3.897481E-02 -3.740049E-02 -2.263625E-02  9.489977E-02
   349  1.132698E-03 -3.926509E-02 -3.813239E-02 -1.928680E-02  9.695652E-02
   351  7.613421E-04 -3.950754E-02 -3.874620E-02 -1.587123E-02  9.868439E-02
   353  4.620671E-04 -3.970185E-02 -3.923978E-02 -1.240124E-02  0.100076
   355  2.363254E-04 -3.984779E-02 -3.961146E-02 -8.888647E-03  0.101125
   357  8.521498E-05 -3.994518E-02 -3.985997E-02 -5.345436E-03  0.101827
   359  9.476244E-06 -3.999391E-02 -3.998443E-02 -1.783879E-03  0.102178
