   1  4.26421  13497.9  13502.2  252.988  14485.0
   3  38.3467  13481.5  13519.8  756.865  14365.1
   5  106.346  13448.6  13555.0  1254.47  14126.0
   7  207.930  13399.4  13607.3  1741.67  13768.9
   9  342.604  13333.8  13676.4  2214.37  13295.8
   11  509.713  13252.0  13761.7  2668.57  12709.2
   13  708.442  13154.0  13862.4  3100.36  12012.2
   15  937.822  13040.0  13977.8  3505.94  11208.7
   17  1196.74  12910.1  14106.9  3881.68  10302.9
   19  1483.92  12764.5  14248.4  4224.09  9299.80
   21  1797.99  12603.3  14401.3  4529.86  8204.72
   23  2137.39  12426.8  14564.2  4795.89  7023.62
   25  2500.49  12235.2  14735.6  5019.28  5762.90
   27  2885.50  12028.6  14914.1  5197.37  4429.40
   29  3290.56  11807.4  15097.9  5327.74  3030.37
   31  3713.70  11571.8  15285.5  5408.25  1573.45
   33  4152.84  11322.1  15474.9  5437.01  66.5723
   35  4605.86  11058.6  15664.4  5412.41 -1481.99
   37  5070.54  10781.6  15852.1  5333.16 -3063.73
   39  5544.62  10491.5  16036.1  5198.24 -4669.95
   41  6025.79  10188.6  16214.4  5006.96 -6291.73
   43  6511.71  9873.28  16385.0  4758.92 -7920.09
   45  7000.00  9545.94  16545.9  4454.06 -9545.94
   47  7488.30  9206.98  16695.3  4092.62 -11160.2
   49  7974.21  8856.80  16831.0  3675.17 -12753.6
   51  8455.38  8495.83  16951.2  3202.60 -14317.4
   53  8929.46  8124.50  17054.0  2676.08 -15842.4
   55  9394.14  7743.28  17137.4  2097.14 -17319.8
   57  9847.16  7352.63  17199.8  1467.58 -18741.3
   59  10286.3  6953.01  17239.3  789.506 -20098.2
   61  10709.4  6544.93  17254.4  65.3066 -21382.7
   63  11114.5  6128.87  17243.4 -702.349 -22586.9
   65  11499.5  5705.35  17204.9 -1510.53 -23703.4
   67  11862.6  5274.87  17137.5 -2356.06 -24725.3
   69  12202.0  4837.97  17040.0 -3235.51 -25646.0
   71  12516.1  4395.17  16911.2 -4145.24 -26459.5
   73  12803.3  3947.02  16750.3 -5081.41 -27160.1
   75  13062.2  3494.06  16556.2 -6040.00 -27742.8
   77  13291.6  3036.84  16328.4 -7016.80 -28203.1
   79  13490.3  2575.92  16066.2 -8007.47 -28537.1
   81  13657.4  2111.87  15769.3 -9007.55 -28741.4
   83  13792.1  1645.24  15437.3 -10012.5 -28813.5
   85  13893.7  1176.60  15070.3 -11017.6 -28751.2
   87  13961.7  706.537  14668.2 -12018.1 -28553.2
   89  13995.7  235.608  14231.3 -13009.4 -28218.6
   91  13995.7 -235.606  13760.1 -13986.5 -27747.3
   93  13961.7 -706.534  13255.1 -14944.9 -27140.1
   95  13893.7 -1176.60  12717.1 -15879.7 -26398.0
   97  13792.1 -1645.23  12146.8 -16786.3 -25523.0
   99  13657.4 -2111.86  11545.5 -17660.0 -24517.7
   101  13490.3 -2575.92  10914.4 -18496.5 -23385.2
   103  13291.6 -3036.84  10254.7 -19291.2 -22129.4
   105  13062.2 -3494.06  9568.12 -20040.0 -20754.7
   107  12803.3 -3947.02  8856.24 -20738.8 -19266.0
   109  12516.1 -4395.17  8120.91 -21383.8 -17669.1
   111  12202.0 -4837.97  7364.05 -21971.2 -15970.1
   113  11862.6 -5274.87  6587.74 -22497.6 -14175.6
   115  11499.5 -5705.35  5794.16 -22959.8 -12292.7
   117  11114.5 -6128.87  4985.63 -23354.8 -10329.1
   119  10709.4 -6544.93  4164.51 -23680.0 -8292.82
   121  10286.3 -6953.01  3333.29 -23933.0 -6192.19
   123  9847.16 -7352.63  2494.53 -24111.7 -4036.00
   125  9394.14 -7743.28  1650.86 -24214.3 -1833.28
   127  8929.46 -8124.50  804.958 -24239.2  406.661
   129  8455.38 -8495.82 -40.4395 -24185.5  2674.29
   131  7974.21 -8856.80 -882.582 -24052.3  4959.94
   133  7488.30 -9206.98 -1718.68 -23839.2  7253.79
   135  7000.00 -9545.94 -2545.94 -23545.9  9545.94
   137  6511.71 -9873.27 -3361.57 -23172.9  11826.5
   139  6025.79 -10188.6 -4162.79 -22720.6  14085.4
   141  5544.62 -10491.5 -4946.85 -22189.9  16313.0
   143  5070.54 -10781.6 -5711.04 -21582.2  18499.4
   145  4605.86 -11058.6 -6452.69 -20899.0  20635.1
   147  4152.84 -11322.1 -7169.21 -20142.3  22710.7
   149  3713.70 -11571.8 -7858.06 -19314.3  24717.0
   151  3290.56 -11807.4 -8516.80 -18417.6  26645.1
   153  2885.50 -12028.6 -9143.08 -17455.1  28486.6
   155  2500.49 -12235.2 -9734.67 -16430.0  30233.2
   157  2137.39 -12426.8 -10289.4 -15345.6  31877.2
   159  1797.99 -12603.3 -10805.3 -14205.8  33411.4
   161  1483.92 -12764.5 -11280.6 -13014.4  34828.8
   163  1196.74 -12910.1 -11713.4 -11775.7  36123.2
   165  937.823 -13040.0 -12102.2 -10494.1  37288.7
   167  708.442 -13154.0 -12445.6 -9174.04  38320.2
   169  509.713 -13252.0 -12742.3 -7820.42  39213.1
   171  342.604 -13333.8 -12991.2 -6438.10  39963.4
   173  207.930 -13399.4 -13191.4 -5032.14  40567.7
   175  106.346 -13448.6 -13342.3 -3607.68  41023.2
   177  38.3469 -13481.5 -13443.2 -2169.94  41328.1
   179  4.26424 -13497.9 -13493.7 -724.204  41480.9
   181  4.26420 -13497.9 -13493.7  724.199  41480.9
   183  38.3468 -13481.5 -13443.2  2169.93  41328.1
   185  106.346 -13448.6 -13342.3  3607.68  41023.2
   187  207.930 -13399.4 -13191.4  5032.14  40567.7
   189  342.604 -13333.8 -12991.2  6438.10  39963.4
   191  509.713 -13252.0 -12742.3  7820.41  39213.1
   193  708.442 -13154.0 -12445.6  9174.04  38320.2
   195  937.822 -13040.0 -12102.2  10494.1  37288.7
   197  1196.74 -12910.1 -11713.4  11775.7  36123.2
   199  1483.92 -12764.5 -11280.6  13014.4  34828.8
   201  1797.99 -12603.3 -10805.4  14205.8  33411.4
   203  2137.39 -12426.8 -10289.4  15345.6  31877.3
   205  2500.49 -12235.2 -9734.67  16430.0  30233.2
   207  2885.50 -12028.6 -9143.09  17455.1  28486.6
   209  3290.57 -11807.4 -8516.80  18417.6  26645.1
   211  3713.70 -11571.8 -7858.06  19314.3  24717.0
   213  4152.84 -11322.1 -7169.21  20142.3  22710.7
   215  4605.86 -11058.6 -6452.70  20899.0  20635.1
   217  5070.54 -10781.6 -5711.04  21582.2  18499.4
   219  5544.62 -10491.5 -4946.85  22189.9  16313.0
   221  6025.79 -10188.6 -4162.79  22720.6  14085.4
   223  6511.70 -9873.28 -3361.57  23172.9  11826.5
   225  7000.00 -9545.94 -2545.94  23545.9  9545.95
   227  7488.29 -9206.98 -1718.69  23839.2  7253.80
   229  7974.21 -8856.80 -882.586  24052.3  4959.95
   231  8455.38 -8495.83 -40.4443  24185.5  2674.30
   233  8929.46 -8124.51  804.953  24239.2  406.668
   235  9394.14 -7743.28  1650.86  24214.3 -1833.29
   237  9847.15 -7352.63  2494.52  24111.7 -4035.99
   239  10286.3 -6953.02  3333.28  23933.0 -6192.17
   241  10709.4 -6544.93  4164.50  23680.0 -8292.81
   243  11114.5 -6128.88  4985.62  23354.8 -10329.1
   245  11499.5 -5705.35  5794.17  22959.8 -12292.7
   247  11862.6 -5274.87  6587.73  22497.6 -14175.6
   249  12202.0 -4837.97  7364.05  21971.2 -15970.1
   251  12516.1 -4395.17  8120.90  21383.8 -17669.1
   253  12803.3 -3947.02  8856.24  20738.8 -19266.0
   255  13062.2 -3494.06  9568.12  20040.0 -20754.7
   257  13291.6 -3036.84  10254.7  19291.2 -22129.4
   259  13490.3 -2575.92  10914.4  18496.5 -23385.2
   261  13657.4 -2111.87  11545.5  17660.0 -24517.7
   263  13792.1 -1645.24  12146.8  16786.3 -25523.0
   265  13893.7 -1176.60  12717.1  15879.7 -26398.0
   267  13961.7 -706.539  13255.1  14944.9 -27140.1
   269  13995.7 -235.607  13760.1  13986.5 -27747.3
   271  13995.7  235.605  14231.3  13009.4 -28218.5
   273  13961.7  706.537  14668.2  12018.1 -28553.1
   275  13893.7  1176.60  15070.3  11017.6 -28751.2
   277  13792.1  1645.23  15437.3  10012.5 -28813.5
   279  13657.4  2111.87  15769.3  9007.55 -28741.4
   281  13490.3  2575.92  16066.2  8007.48 -28537.1
   283  13291.6  3036.84  16328.4  7016.80 -28203.1
   285  13062.2  3494.06  16556.2  6040.00 -27742.8
   287  12803.3  3947.01  16750.3  5081.42 -27160.1
   289  12516.1  4395.17  16911.2  4145.24 -26459.5
   291  12202.0  4837.96  17040.0  3235.51 -25646.0
   293  11862.6  5274.87  17137.5  2356.06 -24725.3
   295  11499.5  5705.34  17204.9  1510.54 -23703.4
   297  11114.5  6128.87  17243.4  702.357 -22586.9
   299  10709.4  6544.93  17254.4 -65.3057 -21382.7
   301  10286.3  6953.01  17239.3 -789.503 -20098.2
   303  9847.15  7352.63  17199.8 -1467.58 -18741.3
   305  9394.14  7743.28  17137.4 -2097.14 -17319.9
   307  8929.46  8124.50  17054.0 -2676.08 -15842.3
   309  8455.38  8495.83  16951.2 -3202.59 -14317.4
   311  7974.21  8856.79  16831.0 -3675.17 -12753.7
   313  7488.29  9206.98  16695.3 -4092.62 -11160.2
   315  7000.00  9545.94  16545.9 -4454.05 -9545.95
   317  6511.70  9873.28  16385.0 -4758.92 -7920.09
   319  6025.79  10188.6  16214.4 -5006.95 -6291.74
   321  5544.62  10491.5  16036.1 -5198.24 -4669.96
   323  5070.54  10781.6  15852.1 -5333.16 -3063.73
   325  4605.86  11058.6  15664.4 -5412.41 -1482.00
   327  4152.84  11322.1  15474.9 -5437.01  66.5771
   329  3713.70  11571.8  15285.5 -5408.25  1573.44
   331  3290.56  11807.4  15097.9 -5327.74  3030.38
   333  2885.50  12028.6  14914.1 -5197.36  4429.40
   335  2500.49  12235.2  14735.6 -5019.28  5762.89
   337  2137.39  12426.8  14564.2 -4795.88  7023.62
   339  1797.99  12603.3  14401.3 -4529.86  8204.71
   341  1483.92  12764.5  14248.4 -4224.09  9299.80
   343  1196.74  12910.1  14106.9 -3881.68  10302.9
   345  937.824  13040.0  13977.8 -3505.94  11208.7
   347  708.442  13154.0  13862.4 -3100.36  12012.2
   349  509.714  13252.0  13761.7 -2668.57  12709.2
   351  342.604  13333.8  13676.4 -2214.37  13295.8
   353  207.930  13399.4  13607.3 -1741.67  13768.9
   355  106.346  13448.6  13555.0 -1254.47  14126.0
   357  38.3467  13481.5  13519.8 -756.862  14365.1
   359  4.26431  13497.9  13502.2 -252.987  14485.0
