   1  4.26421  27895.8  27900.0  1.67596  87.1895
   3  38.3467  27861.8  27900.1  3.22937 -15.1543
   5  106.346  27793.8  27900.2 -0.567871 -219.217
   7  207.930  27692.0  27900.0 -13.2463 -523.758
   9  342.604  27556.5  27899.1 -38.2832 -926.922
   11  509.713  27387.4  27897.1 -79.0791 -1426.25
   13  708.442  27184.9  27893.4 -138.934 -2018.69
   15  937.822  26949.3  27887.2 -221.048 -2700.62
   17  1196.74  26680.9  27877.6 -328.468 -3467.85
   19  1483.92  26380.0  27863.9 -464.089 -4315.67
   21  1797.99  26046.9  27844.9 -630.638 -5238.84
   23  2137.39  25682.1  27819.5 -830.637 -6231.65
   25  2500.49  25286.0  27786.5 -1066.42 -7287.94
   27  2885.50  24859.1  27744.6 -1340.09 -8401.10
   29  3290.56  24401.9  27692.5 -1653.52 -9564.15
   31  3713.70  23915.0  27628.7 -2008.30 -10769.8
   33  4152.84  23398.9  27551.8 -2405.79 -12010.3
   35  4605.86  22854.3  27460.2 -2847.09 -13277.8
   37  5070.54  22281.9  27352.5 -3332.97 -14564.1
   39  5544.62  21682.4  27227.0 -3863.97 -15860.9
   41  6025.79  21056.4  27082.2 -4440.29 -17159.6
   43  6511.71  20404.8  26916.5 -5061.86 -18451.6
   45  7000.00  19728.3  26728.3 -5728.28 -19728.3
   47  7488.30  19027.8  26516.1 -6438.87 -20980.9
   49  7974.21  18304.1  26278.3 -7192.64 -22200.9
   51  8455.38  17558.0  26013.4 -7988.31 -23379.6
   53  8929.46  16790.6  25720.1 -8824.27 -24508.5
   55  9394.14  16002.8  25396.9 -9698.65 -25579.3
   57  9847.16  15195.4  25042.6 -10609.3 -26584.1
   59  10286.3  14369.6  24655.9 -11553.7 -27514.8
   61  10709.4  13526.2  24235.6 -12529.2 -28363.9
   63  11114.5  12666.3  23780.8 -13532.8 -29124.3
   65  11499.5  11791.1  23290.6 -14561.4 -29789.1
   67  11862.6  10901.4  22764.0 -15611.3 -30351.8
   69  12202.0  9998.47  22200.5 -16679.1 -30806.5
   71  12516.1  9083.35  21599.4 -17760.7 -31147.7
   73  12803.3  8157.17  20960.4 -18852.2 -31370.2
   75  13062.2  7221.05  20283.2 -19949.3 -31469.8
   77  13291.6  6276.14  19567.7 -21047.7 -31442.4
   79  13490.3  5323.58  18813.9 -22142.9 -31284.7
   81  13657.4  4364.52  18021.9 -23230.3 -30994.1
   83  13792.1  3400.16  17192.2 -24305.1 -30568.4
   85  13893.7  2431.65  16325.3 -25362.8 -30006.3
   87  13961.7  1460.18  15421.8 -26398.4 -29306.8
   89  13995.7  486.924  14482.7 -27407.2 -28469.9
   91  13995.7 -486.918  13508.8 -28384.3 -27496.0
   93  13961.7 -1460.17  12501.5 -29325.2 -26386.4
   95  13893.7 -2431.64  11462.0 -30224.9 -25143.0
   97  13792.1 -3400.15  10391.9 -31078.9 -23768.1
   99  13657.4 -4364.52  9292.88 -31882.7 -22265.1
   101  13490.3 -5323.57  8166.72 -32631.9 -20637.6
   103  13291.6 -6276.13  7015.43 -33322.1 -18890.1
   105  13062.2 -7221.05  5841.13 -33949.3 -17027.7
   107  12803.3 -8157.17  4646.09 -34509.6 -15055.9
   109  12516.1 -9083.35  3432.73 -34999.2 -12981.0
   111  12202.0 -9998.46  2203.55 -35414.7 -10809.6
   113  11862.6 -10901.4  961.209 -35752.8 -8549.04
   115  11499.5 -11791.1 -291.539 -36010.6 -6207.00
   117  11114.5 -12666.3 -1551.83 -36185.3 -3791.66
   119  10709.4 -13526.2 -2816.75 -36274.6 -1311.56
   121  10286.3 -14369.6 -4083.26 -36276.2  1224.35
   123  9847.16 -15195.4 -5348.27 -36188.5  3806.80
   125  9394.14 -16002.8 -6608.64 -36010.0  6426.22
   127  8929.46 -16790.6 -7861.18 -35739.6  9072.80
   129  8455.38 -17558.0 -9102.65 -35376.4  11736.5
   131  7974.21 -18304.0 -10329.8 -34920.2  14407.2
   133  7488.30 -19027.8 -11539.5 -34370.7  17074.6
   135  7000.00 -19728.3 -12728.3 -33728.3  19728.3
   137  6511.71 -20404.8 -13893.1 -32993.7  22358.0
   139  6025.79 -21056.4 -15030.6 -32167.8  24953.2
   141  5544.62 -21682.4 -16137.8 -31252.1  27503.9
   143  5070.54 -22281.9 -17211.4 -30248.3  29999.8
   145  4605.86 -22854.3 -18248.5 -29158.5  32430.9
   147  4152.84 -23398.9 -19246.1 -27985.1  34787.5
   149  3713.70 -23915.0 -20201.3 -26730.8  37060.2
   151  3290.56 -24401.9 -21111.3 -25398.9  39239.6
   153  2885.50 -24859.1 -21973.6 -23992.6  41317.1
   155  2500.49 -25286.0 -22785.5 -22515.7  43284.0
   157  2137.39 -25682.1 -23544.7 -20972.2  45132.5
   159  1797.99 -26046.9 -24248.9 -19366.3  46855.0
   161  1483.92 -26380.0 -24896.0 -17702.6  48444.3
   163  1196.74 -26680.9 -25484.2 -15985.9  49894.0
   165  937.823 -26949.3 -26011.5 -14221.1  51198.0
   167  708.442 -27184.9 -26476.5 -12413.3  52351.2
   169  509.713 -27387.4 -26877.7 -10568.1  53348.5
   171  342.604 -27556.5 -27213.9 -8690.76  54186.1
   173  207.930 -27692.0 -27484.1 -6787.06  54860.3
   175  106.346 -27793.8 -27687.5 -4862.73  55368.5
   177  38.3469 -27861.8 -27823.4 -2923.58  55708.4
   179  4.26424 -27895.8 -27891.5 -975.520  55878.7
   181  4.26420 -27895.8 -27891.5  975.512  55878.7
   183  38.3468 -27861.8 -27823.4  2923.57  55708.4
   185  106.346 -27793.8 -27687.5  4862.72  55368.5
   187  207.930 -27692.0 -27484.1  6787.05  54860.3
   189  342.604 -27556.5 -27213.9  8690.75  54186.1
   191  509.713 -27387.4 -26877.7  10568.1  53348.6
   193  708.442 -27184.9 -26476.5  12413.3  52351.2
   195  937.822 -26949.3 -26011.5  14221.1  51198.0
   197  1196.74 -26680.9 -25484.2  15985.9  49894.0
   199  1483.92 -26380.0 -24896.0  17702.6  48444.3
   201  1797.99 -26046.9 -24248.9  19366.3  46855.0
   203  2137.39 -25682.1 -23544.7  20972.2  45132.5
   205  2500.49 -25286.0 -22785.5  22515.7  43284.0
   207  2885.50 -24859.1 -21973.6  23992.6  41317.1
   209  3290.57 -24401.9 -21111.3  25398.9  39239.6
   211  3713.70 -23915.0 -20201.3  26730.8  37060.2
   213  4152.84 -23398.9 -19246.1  27985.1  34787.5
   215  4605.86 -22854.3 -18248.5  29158.5  32430.9
   217  5070.54 -22281.9 -17211.4  30248.3  29999.8
   219  5544.62 -21682.4 -16137.8  31252.1  27503.9
   221  6025.79 -21056.4 -15030.6  32167.8  24953.2
   223  6511.70 -20404.8 -13893.1  32993.6  22358.0
   225  7000.00 -19728.3 -12728.3  33728.3  19728.3
   227  7488.29 -19027.8 -11539.5  34370.7  17074.6
   229  7974.21 -18304.0 -10329.8  34920.1  14407.2
   231  8455.38 -17558.0 -9102.66  35376.4  11736.5
   233  8929.46 -16790.6 -7861.19  35739.6  9072.81
   235  9394.14 -16002.8 -6608.64  36010.0  6426.21
   237  9847.15 -15195.4 -5348.28  36188.5  3806.81
   239  10286.3 -14369.6 -4083.27  36276.2  1224.38
   241  10709.4 -13526.2 -2816.76  36274.6 -1311.55
   243  11114.5 -12666.3 -1551.85  36185.3 -3791.64
   245  11499.5 -11791.1 -291.535  36010.6 -6207.01
   247  11862.6 -10901.4  961.203  35752.8 -8549.03
   249  12202.0 -9998.46  2203.55  35414.7 -10809.6
   251  12516.1 -9083.36  3432.72  34999.2 -12980.9
   253  12803.3 -8157.18  4646.08  34509.6 -15055.9
   255  13062.2 -7221.05  5841.13  33949.3 -17027.7
   257  13291.6 -6276.14  7015.42  33322.1 -18890.1
   259  13490.3 -5323.57  8166.72  32631.9 -20637.6
   261  13657.4 -4364.53  9292.87  31882.7 -22265.1
   263  13792.1 -3400.16  10391.9  31078.9 -23768.1
   265  13893.7 -2431.65  11462.0  30224.9 -25143.0
   267  13961.7 -1460.18  12501.5  29325.2 -26386.4
   269  13995.7 -486.922  13508.8  28384.3 -27496.0
   271  13995.7  486.917  14482.7  27407.2 -28469.9
   273  13961.7  1460.18  15421.8  26398.4 -29306.8
   275  13893.7  2431.64  16325.3  25362.8 -30006.3
   277  13792.1  3400.15  17192.2  24305.1 -30568.4
   279  13657.4  4364.52  18021.9  23230.3 -30994.1
   281  13490.3  5323.57  18813.9  22142.9 -31284.7
   283  13291.6  6276.14  19567.7  21047.7 -31442.4
   285  13062.2  7221.05  20283.2  19949.3 -31469.8
   287  12803.3  8157.16  20960.4  18852.2 -31370.2
   289  12516.1  9083.35  21599.4  17760.7 -31147.7
   291  12202.0  9998.46  22200.5  16679.1 -30806.5
   293  11862.6  10901.4  22764.0  15611.3 -30351.8
   295  11499.5  11791.0  23290.6  14561.4 -29789.1
   297  11114.5  12666.3  23780.8  13532.9 -29124.3
   299  10709.4  13526.2  24235.6  12529.2 -28363.9
   301  10286.3  14369.6  24655.9  11553.7 -27514.8
   303  9847.15  15195.4  25042.6  10609.3 -26584.1
   305  9394.14  16002.8  25396.9  9698.65 -25579.3
   307  8929.46  16790.6  25720.1  8824.27 -24508.5
   309  8455.38  17558.0  26013.4  7988.31 -23379.6
   311  7974.21  18304.0  26278.3  7192.65 -22200.9
   313  7488.29  19027.8  26516.1  6438.88 -20980.9
   315  7000.00  19728.3  26728.3  5728.29 -19728.3
   317  6511.70  20404.8  26916.5  5061.86 -18451.6
   319  6025.79  21056.4  27082.2  4440.30 -17159.6
   321  5544.62  21682.4  27227.0  3863.98 -15860.9
   323  5070.54  22281.9  27352.5  3332.98 -14564.1
   325  4605.86  22854.3  27460.2  2847.09 -13277.8
   327  4152.84  23398.9  27551.8  2405.80 -12010.3
   329  3713.70  23915.0  27628.7  2008.30 -10769.8
   331  3290.56  24401.9  27692.5  1653.52 -9564.14
   333  2885.50  24859.1  27744.6  1340.10 -8401.10
   335  2500.49  25286.0  27786.5  1066.43 -7287.94
   337  2137.39  25682.1  27819.5  830.645 -6231.65
   339  1797.99  26046.9  27844.9  630.642 -5238.84
   341  1483.92  26380.0  27863.9  464.094 -4315.66
   343  1196.74  26680.9  27877.6  328.473 -3467.86
   345  937.824  26949.3  27887.2  221.055 -2700.62
   347  708.442  27184.9  27893.4  138.941 -2018.69
   349  509.714  27387.4  27897.1  79.0820 -1426.25
   351  342.604  27556.5  27899.1  38.2861 -926.922
   353  207.930  27692.0  27900.0  13.2505 -523.760
   355  106.346  27793.8  27900.2  0.573242 -219.219
   357  38.3467  27861.8  27900.1 -3.22278 -15.1523
   359  4.26431  27895.8  27900.0 -1.66830  87.1895
