   1  4.26421 -1618.51 -1614.25 -1074.39  29601.5
   3  38.3467 -1672.08 -1633.73 -42.1454  29518.7
   5  106.346 -1723.60 -1617.25  984.802  29298.2
   7  207.930 -1773.02 -1565.09  2001.67  28941.3
   9  342.604 -1820.29 -1477.68  3003.72  28449.9
   11  509.713 -1865.33 -1355.62  3986.31  27826.5
   13  708.442 -1908.11 -1199.67  4944.88  27074.3
   15  937.822 -1948.56 -1010.74  5875.00  26197.3
   17  1196.74 -1986.63 -789.895  6772.39  25199.7
   19  1483.92 -2022.29 -538.362  7632.93  24086.6
   21  1797.99 -2055.48 -257.491  8452.67  22863.5
   23  2137.39 -2086.16  51.2275  9227.89  21536.6
   25  2500.49 -2114.31  386.178  9955.08  20112.4
   27  2885.50 -2139.88  745.626  10631.0  18597.9
   29  3290.56 -2162.84  1127.73  11252.5  17000.6
   31  3713.70 -2183.17  1530.53  11816.9  15328.4
   33  4152.84 -2200.83  1952.01  12321.8  13589.5
   35  4605.86 -2215.82  2390.04  12765.0  11792.4
   37  5070.54 -2228.10  2842.43  13144.5  9945.95
   39  5544.62 -2237.67  3306.94  13458.9  8059.20
   41  6025.79 -2244.52  3781.27  13706.8  6141.37
   43  6511.71 -2248.63  4263.08  13887.4  4201.81
   45  7000.00 -2250.00  4750.00  14000.0  2250.00
   47  7488.30 -2248.63  5239.67  14044.4  295.448
   49  7974.21 -2244.52  5729.69  14020.7 -1652.33
   51  8455.38 -2237.67  6217.71  13929.3 -3583.85
   53  8929.46 -2228.10  6701.36  13770.8 -5489.74
   55  9394.14 -2215.82  7178.32  13546.4 -7360.74
   57  9847.16 -2200.83  7646.32  13257.4 -9187.79
   59  10286.3 -2183.17  8103.14  12905.6 -10962.0
   61  10709.4 -2162.84  8546.60  12492.9 -12674.9
   63  11114.5 -2139.88  8974.62  12021.5 -14318.1
   65  11499.5 -2114.31  9385.20  11494.2 -15883.7
   67  11862.6 -2086.16  9776.44  10913.6 -17364.3
   69  12202.0 -2055.48  10146.5  10283.0 -18752.6
   71  12516.1 -2022.29  10493.8  9605.60 -20042.0
   73  12803.3 -1986.63  10816.6  8885.01 -21226.4
   75  13062.2 -1948.56  11113.6  8125.00 -22300.2
   77  13291.6 -1908.11  11383.5  7329.51 -23258.1
   79  13490.3 -1865.33  11625.0  6502.68 -24095.8
   81  13657.4 -1820.29  11837.1  5648.76 -24809.3
   83  13792.1 -1773.02  12019.0  4772.14 -25395.3
   85  13893.7 -1723.60  12170.1  3877.35 -25851.0
   87  13961.7 -1672.08  12289.6  2968.94 -26174.5
   89  13995.7 -1618.51  12377.2  2051.57 -26364.4
   91  13995.7 -1562.98  12432.8  1129.92 -26420.0
   93  13961.7 -1505.54  12456.1  208.678 -26341.1
   95  13893.7 -1446.27  12447.4 -707.475 -26128.3
   97  13792.1 -1385.24  12406.8 -1613.88 -25783.0
   99  13657.4 -1322.52  12334.9 -2505.95 -25307.1
   101  13490.3 -1258.18  12232.1 -3379.16 -24703.0
   103  13291.6 -1192.32  12099.2 -4229.09 -23973.9
   105  13062.2 -1125.00  11937.2 -5051.44 -23123.7
   107  12803.3 -1056.31  11747.0 -5842.07 -22156.7
   109  12516.1 -986.335  11529.7 -6596.97 -21078.0
   111  12202.0 -915.158  11286.9 -7312.35 -19892.9
   113  11862.6 -842.865  11019.7 -7984.59 -18607.6
   115  11499.5 -769.545  10730.0 -8610.32 -17228.5
   117  11114.5 -695.289  10419.2 -9186.36 -15762.7
   119  10709.4 -620.185  10089.3 -9709.83 -14217.6
   121  10286.3 -544.325  9741.98 -10178.1 -12600.9
   123  9847.16 -467.802  9379.35 -10588.8 -10920.8
   125  9394.14 -390.709  9003.43 -10939.9 -9185.85
   127  8929.46 -313.140  8616.32 -11229.6 -7404.70
   129  8455.38 -235.189  8220.19 -11456.4 -5586.34
   131  7974.21 -156.952  7817.26 -11619.2 -3739.90
   133  7488.30 -78.5241  7409.77 -11717.3 -1874.66
   135  7000.00 -1.699300E-04  7000.00 -11750.0  5.015972E-04
   137  6511.71  78.5238  6590.23 -11717.3  1874.66
   139  6025.79  156.952  6182.74 -11619.2  3739.90
   141  5544.62  235.189  5779.81 -11456.4  5586.33
   143  5070.54  313.139  5383.68 -11229.6  7404.70
   145  4605.86  390.708  4996.57 -10939.9  9185.85
   147  4152.84  467.801  4620.65 -10588.8  10920.8
   149  3713.70  544.324  4258.02 -10178.1  12600.9
   151  3290.56  620.184  3910.75 -9709.83  14217.6
   153  2885.50  695.288  3580.79 -9186.36  15762.7
   155  2500.49  769.545  3270.03 -8610.32  17228.5
   157  2137.39  842.865  2980.26 -7984.59  18607.6
   159  1797.99  915.157  2713.14 -7312.35  19892.9
   161  1483.92  986.335  2470.26 -6596.97  21078.0
   163  1196.74  1056.31  2253.05 -5842.07  22156.7
   165  937.823  1125.00  2062.82 -5051.44  23123.7
   167  708.442  1192.32  1900.76 -4229.09  23973.9
   169  509.713  1258.18  1767.90 -3379.16  24703.0
   171  342.604  1322.52  1665.12 -2505.95  25307.1
   173  207.930  1385.24  1593.17 -1613.88  25783.0
   175  106.346  1446.27  1552.62 -707.478  26128.3
   177  38.3469  1505.54  1543.89  208.675  26341.1
   179  4.26424  1562.98  1567.25  1129.92  26420.0
   181  4.26420  1618.51  1622.78  2051.57  26364.4
   183  38.3468  1672.08  1710.42  2968.94  26174.5
   185  106.346  1723.60  1829.95  3877.35  25851.0
   187  207.930  1773.02  1980.95  4772.14  25395.3
   189  342.604  1820.29  2162.89  5648.75  24809.3
   191  509.713  1865.33  2375.05  6502.68  24095.8
   193  708.442  1908.11  2616.55  7329.52  23258.1
   195  937.822  1948.56  2886.38  8125.00  22300.2
   197  1196.74  1986.63  3183.37  8885.01  21226.4
   199  1483.92  2022.29  3506.21  9605.59  20042.0
   201  1797.99  2055.48  3853.46  10283.0  18752.6
   203  2137.39  2086.16  4223.55  10913.6  17364.3
   205  2500.49  2114.31  4614.80  11494.2  15883.7
   207  2885.50  2139.88  5025.38  12021.5  14318.1
   209  3290.57  2162.84  5453.40  12492.9  12674.9
   211  3713.70  2183.17  5896.86  12905.6  10962.0
   213  4152.84  2200.83  6353.67  13257.4  9187.80
   215  4605.86  2215.82  6821.68  13546.4  7360.75
   217  5070.54  2228.10  7298.64  13770.8  5489.74
   219  5544.62  2237.67  7782.29  13929.3  3583.85
   221  6025.79  2244.52  8270.31  14020.7  1652.32
   223  6511.70  2248.63  8760.33  14044.4 -295.442
   225  7000.00  2250.00  9250.00  14000.0 -2250.00
   227  7488.29  2248.63  9736.92  13887.4 -4201.81
   229  7974.21  2244.52  10218.7  13706.8 -6141.37
   231  8455.38  2237.67  10693.1  13458.9 -8059.21
   233  8929.46  2228.10  11157.6  13144.5 -9945.94
   235  9394.14  2215.82  11610.0  12765.0 -11792.4
   237  9847.15  2200.83  12048.0  12321.8 -13589.5
   239  10286.3  2183.17  12469.5  11816.9 -15328.4
   241  10709.4  2162.84  12872.3  11252.5 -17000.6
   243  11114.5  2139.88  13254.4  10631.0 -18597.9
   245  11499.5  2114.31  13613.8  9955.08 -20112.4
   247  11862.6  2086.16  13948.8  9227.90 -21536.6
   249  12202.0  2055.48  14257.5  8452.67 -22863.5
   251  12516.1  2022.29  14538.4  7632.93 -24086.6
   253  12803.3  1986.63  14789.9  6772.40 -25199.7
   255  13062.2  1948.56  15010.7  5875.00 -26197.3
   257  13291.6  1908.11  15199.7  4944.88 -27074.3
   259  13490.3  1865.33  15355.6  3986.30 -27826.5
   261  13657.4  1820.29  15477.7  3003.72 -28449.9
   263  13792.1  1773.02  15565.1  2001.68 -28941.3
   265  13893.7  1723.60  15617.3  984.802 -29298.2
   267  13961.7  1672.08  15633.7 -42.1404 -29518.7
   269  13995.7  1618.51  15614.3 -1074.39 -29601.5
   271  13995.7  1562.98  15558.7 -2107.10 -29545.9
   273  13961.7  1505.54  15467.2 -3135.48 -29352.2
   275  13893.7  1446.27  15339.9 -4154.67 -29020.9
   277  13792.1  1385.24  15177.3 -5159.93 -28553.5
   279  13657.4  1322.52  14979.9 -6146.53 -27952.1
   281  13490.3  1258.18  14748.5 -7109.82 -27219.3
   283  13291.6  1192.32  14483.9 -8045.31 -26358.5
   285  13062.2  1125.00  14187.2 -8948.56 -25373.7
   287  12803.3  1056.31  13859.6 -9815.33 -24269.4
   289  12516.1  986.335  13502.4 -10641.5 -23050.6
   291  12202.0  915.158  13117.2 -11423.3 -21723.2
   293  11862.6  842.864  12705.5 -12156.9 -20293.3
   295  11499.5  769.545  12269.1 -12838.9 -18767.6
   297  11114.5  695.289  11809.8 -13466.1 -17153.3
   299  10709.4  620.184  11329.6 -14035.5 -15457.9
   301  10286.3  544.324  10830.6 -14544.4 -13689.5
   303  9847.15  467.801  10315.0 -14990.5 -11856.4
   305  9394.14  390.708  9784.85 -15371.5 -9967.28
   307  8929.46  313.139  9242.60 -15685.8 -8030.98
   309  8455.38  235.189  8690.57 -15931.7 -6056.72
   311  7974.21  156.952  8131.17 -16108.3 -4053.81
   313  7488.29  78.5234  7566.82 -16214.5 -2031.70
   315  7000.00 -2.665184E-05  7000.00 -16250.0 -8.100418E-03
   317  6511.70 -78.5245  6433.18 -16214.5  2031.71
   319  6025.79 -156.952  5868.84 -16108.3  4053.80
   321  5544.62 -235.189  5309.43 -15931.7  6056.70
   323  5070.54 -313.140  4757.40 -15685.8  8030.99
   325  4605.86 -390.708  4215.15 -15371.5  9967.26
   327  4152.84 -467.802  3685.04 -14990.5  11856.4
   329  3713.70 -544.324  3169.38 -14544.4  13689.5
   331  3290.56 -620.185  2670.38 -14035.5  15457.9
   333  2885.50 -695.289  2190.21 -13466.1  17153.3
   335  2500.49 -769.545  1730.94 -12838.9  18767.6
   337  2137.39 -842.865  1294.53 -12156.9  20293.3
   339  1797.99 -915.158  882.830 -11423.3  21723.2
   341  1483.92 -986.336  497.588 -10641.5  23050.6
   343  1196.74 -1056.31  140.426 -9815.33  24269.4
   345  937.824 -1125.00 -187.176 -8948.56  25373.7
   347  708.442 -1192.32 -483.877 -8045.30  26358.6
   349  509.714 -1258.18 -748.470 -7109.83  27219.3
   351  342.604 -1322.52 -979.914 -6146.52  27952.1
   353  207.930 -1385.24 -1177.31 -5159.93  28553.5
   355  106.346 -1446.27 -1339.93 -4154.68  29020.9
   357  38.3467 -1505.54 -1467.20 -3135.47  29352.2
   359  4.26431 -1562.98 -1558.72 -2107.11  29545.9
