   1  4.26421 -9711.09 -9706.82 -8889.30  37694.0
   3  38.3467 -10032.5 -9994.11 -7569.87  37879.1
   5  106.346 -10341.6 -10235.3 -6246.56  37916.2
   7  207.930 -10638.1 -10430.2 -4924.52  37806.4
   9  342.604 -10921.7 -10579.1 -3608.86  37551.3
   11  509.713 -11192.0 -10682.3 -2304.61  37153.2
   13  708.442 -11448.7 -10740.2 -1016.72  36614.9
   15  937.822 -11691.3 -10753.5  250.000  35940.1
   17  1196.74 -11919.8 -10723.1  1490.83  35132.8
   19  1483.92 -12133.7 -10649.8  2701.25  34198.0
   21  1797.99 -12332.9 -10534.9  3876.88  33140.9
   23  2137.39 -12517.0 -10379.6  5013.57  31967.4
   25  2500.49 -12685.9 -10185.4  6107.35  30683.9
   27  2885.50 -12839.3 -9953.76  7154.51  29297.2
   29  3290.56 -12977.0 -9686.47  8151.57  27814.8
   31  3713.70 -13099.0 -9385.29  9095.32  26244.2
   33  4152.84 -13205.0 -9052.15  9982.83  24593.6
   35  4605.86 -13294.9 -8689.05  10811.4  22871.5
   37  5070.54 -13368.6 -8298.08  11578.8  21086.5
   39  5544.62 -13426.0 -7881.43  12282.9  19247.6
   41  6025.79 -13467.1 -7441.33  12922.0  17364.0
   43  6511.71 -13491.8 -6980.07  13494.8  15445.0
   45  7000.00 -13500.0 -6500.00  14000.0  13500.0
   47  7488.30 -13491.8 -6003.48  14437.0  11538.6
   49  7974.21 -13467.1 -5492.90  14805.5  9570.27
   51  8455.38 -13426.0 -4970.67  15105.2  7604.52
   53  8929.46 -13368.6 -4439.16  15336.5  5650.77
   55  9394.14 -13294.9 -3900.77  15499.9  3718.34
   57  9847.16 -13205.0 -3357.84  15596.4  1816.37
   59  10286.3 -13099.0 -2812.69  15627.2 -46.2109
   61  10709.4 -12977.0 -2267.60  15593.8 -1860.71
   63  11114.5 -12839.3 -1724.77  15498.0 -3618.72
   65  11499.5 -12685.9 -1186.34  15341.9 -5312.20
   67  11862.6 -12517.0 -654.376  15127.9 -6933.45
   69  12202.0 -12332.9 -130.851  14858.8 -8475.19
   71  12516.1 -12133.7  382.355  14537.3 -9930.58
   73  12803.3 -11919.8  883.467  14166.6 -11293.3
   75  13062.2 -11691.3  1370.83  13750.0 -12557.4
   77  13291.6 -11448.7  1842.91  13291.1 -13717.6
   79  13490.3 -11192.0  2298.28  12793.6 -14769.1
   81  13657.4 -10921.7  2735.66  12261.3 -15707.9
   83  13792.1 -10638.1  3153.92  11698.3 -16530.1
   85  13893.7 -10341.6  3552.05  11108.7 -17233.0
   87  13961.7 -10032.5  3929.20  10496.7 -17814.2
   89  13995.7 -9711.09  4284.65  9866.48 -18271.9
   91  13995.7 -9377.89  4617.85  9222.50 -18605.1
   93  13961.7 -9033.26  4928.39  8569.06 -18813.3
   95  13893.7 -8677.63  5216.02  7910.53 -18897.0
   97  13792.1 -8311.43  5480.64  7251.24 -18856.9
   99  13657.4 -7935.10  5722.29  6595.49 -18694.5
   101  13490.3 -7549.10  5941.18  5947.52 -18412.0
   103  13291.6 -7153.91  6137.65  5311.46 -18012.3
   105  13062.2 -6750.00  6312.18  4691.34 -17498.7
   107  12803.3 -6337.87  6465.40  4091.09 -16875.2
   109  12516.1 -5918.01  6598.06  3514.46 -16146.3
   111  12202.0 -5490.95  6711.07  2965.04 -15317.1
   113  11862.6 -5057.19  6805.42  2446.23 -14393.2
   115  11499.5 -4617.27  6882.24  1961.23 -13380.8
   117  11114.5 -4171.73  6942.77  1513.03 -12286.3
   119  10709.4 -3721.11  6988.33  1104.36 -11116.6
   121  10286.3 -3265.95  7020.35  737.727 -9879.26
   123  9847.16 -2806.81  7040.35  415.357 -8581.82
   125  9394.14 -2344.25  7049.89  139.208 -7232.31
   127  8929.46 -1878.84  7050.62 -89.0449 -5839.00
   129  8455.38 -1411.14  7044.25 -268.021 -4410.40
   131  7974.21 -941.715  7032.50 -396.638 -2955.14
   133  7488.30 -471.145  7017.15 -474.122 -1482.04
   135  7000.00 -1.019580E-03  7000.00 -499.999  1.351247E-03
   137  6511.71  471.143  6982.85 -474.121  1482.04
   139  6025.79  941.713  6967.50 -396.638  2955.14
   141  5544.62  1411.13  6955.75 -268.021  4410.39
   143  5070.54  1878.84  6949.37 -89.0449  5839.01
   145  4605.86  2344.25  6950.11  139.207  7232.31
   147  4152.84  2806.81  6959.65  415.357  8581.82
   149  3713.70  3265.95  6979.64  737.727  9879.26
   151  3290.56  3721.10  7011.67  1104.36  11116.6
   153  2885.50  4171.73  7057.23  1513.02  12286.3
   155  2500.49  4617.27  7117.76  1961.23  13380.8
   157  2137.39  5057.19  7194.58  2446.23  14393.2
   159  1797.99  5490.94  7288.93  2965.04  15317.1
   161  1483.92  5918.01  7401.94  3514.46  16146.3
   163  1196.74  6337.86  7534.60  4091.09  16875.2
   165  937.823  6750.00  7687.82  4691.34  17498.7
   167  708.442  7153.91  7862.35  5311.45  18012.3
   169  509.713  7549.10  8058.82  5947.52  18412.0
   171  342.604  7935.10  8277.71  6595.49  18694.5
   173  207.930  8311.43  8519.36  7251.24  18856.9
   175  106.346  8677.63  8783.98  7910.53  18897.0
   177  38.3469  9033.26  9071.61  8569.06  18813.3
   179  4.26424  9377.89  9382.15  9222.50  18605.1
   181  4.26420  9711.09  9715.35  9866.48  18271.9
   183  38.3468  10032.5  10070.8  10496.7  17814.2
   185  106.346  10341.6  10447.9  11108.7  17233.0
   187  207.930  10638.1  10846.1  11698.3  16530.1
   189  342.604  10921.7  11264.3  12261.3  15707.9
   191  509.713  11192.0  11701.7  12793.6  14769.1
   193  708.442  11448.6  12157.1  13291.1  13717.6
   195  937.822  11691.3  12629.2  13750.0  12557.4
   197  1196.74  11919.8  13116.5  14166.6  11293.3
   199  1483.92  12133.7  13617.6  14537.3  9930.59
   201  1797.99  12332.9  14130.8  14858.8  8475.20
   203  2137.39  12517.0  14654.4  15127.9  6933.45
   205  2500.49  12685.9  15186.3  15341.9  5312.20
   207  2885.50  12839.3  15724.8  15498.0  3618.72
   209  3290.57  12977.0  16267.6  15593.8  1860.70
   211  3713.70  13099.0  16812.7  15627.2  46.2178
   213  4152.84  13205.0  17357.8  15596.4 -1816.36
   215  4605.86  13294.9  17900.8  15499.9 -3718.34
   217  5070.54  13368.6  18439.2  15336.5 -5650.77
   219  5544.62  13426.0  18970.7  15105.2 -7604.52
   221  6025.79  13467.1  19492.9  14805.5 -9570.27
   223  6511.70  13491.8  20003.5  14437.0 -11538.6
   225  7000.00  13500.0  20500.0  14000.0 -13500.0
   227  7488.29  13491.8  20980.1  13494.8 -15445.0
   229  7974.21  13467.1  21441.3  12922.0 -17364.0
   231  8455.38  13426.0  21881.4  12282.9 -19247.6
   233  8929.46  13368.6  22298.1  11578.8 -21086.5
   235  9394.14  13294.9  22689.0  10811.4 -22871.5
   237  9847.15  13205.0  23052.1  9982.83 -24593.6
   239  10286.3  13099.0  23385.3  9095.33 -26244.2
   241  10709.4  12977.0  23686.5  8151.57 -27814.8
   243  11114.5  12839.3  23953.8  7154.51 -29297.2
   245  11499.5  12685.9  24185.4  6107.35 -30683.9
   247  11862.6  12517.0  24379.6  5013.57 -31967.4
   249  12202.0  12332.9  24534.9  3876.88 -33140.9
   251  12516.1  12133.7  24649.8  2701.25 -34198.0
   253  12803.3  11919.8  24723.1  1490.84 -35132.8
   255  13062.2  11691.3  24753.5  249.999 -35940.1
   257  13291.6  11448.7  24740.2 -1016.71 -36614.9
   259  13490.3  11192.0  24682.3 -2304.62 -37153.2
   261  13657.4  10921.7  24579.1 -3608.86 -37551.3
   263  13792.1  10638.1  24430.2 -4924.51 -37806.4
   265  13893.7  10341.6  24235.3 -6246.56 -37916.2
   267  13961.7  10032.5  23994.1 -7569.86 -37879.1
   269  13995.7  9711.09  23706.8 -8889.30 -37694.0
   271  13995.7  9377.89  23373.6 -10199.7 -37360.8
   273  13961.7  9033.26  22994.9 -11495.9 -36879.9
   275  13893.7  8677.63  22571.3 -12772.7 -36252.2
   277  13792.1  8311.43  22103.5 -14025.0 -35479.7
   279  13657.4  7935.10  21592.5 -15248.0 -34564.7
   281  13490.3  7549.10  21039.4 -16436.5 -33510.3
   283  13291.6  7153.91  20445.5 -17585.9 -32320.1
   285  13062.2  6750.00  19812.2 -18691.3 -30998.7
   287  12803.3  6337.87  19141.1 -19748.5 -29550.9
   289  12516.1  5918.01  18434.1 -20753.0 -27982.3
   291  12202.0  5490.95  17693.0 -21700.7 -26299.0
   293  11862.6  5057.19  16919.8 -22587.7 -24507.6
   295  11499.5  4617.27  16116.8 -23410.5 -22615.3
   297  11114.5  4171.73  15286.2 -24165.5 -20629.7
   299  10709.4  3721.10  14430.5 -24849.7 -18558.8
   301  10286.3  3265.95  13552.3 -25460.3 -16411.2
   303  9847.15  2806.80  12654.0 -25994.6 -14195.4
   305  9394.14  2344.25  11738.4 -26450.6 -11920.8
   307  8929.46  1878.83  10808.3 -26826.3 -9596.67
   309  8455.38  1411.13  9866.51 -27120.1 -7232.66
   311  7974.21  941.713  8915.93 -27330.9 -4838.57
   313  7488.29  471.140  7959.43 -27457.7 -2424.32
   315  7000.00 -1.599110E-04  7000.00 -27500.0 -7.967159E-03
   317  6511.70 -471.147  6040.56 -27457.7  2424.34
   319  6025.79 -941.714  5084.08 -27330.9  4838.56
   321  5544.62 -1411.13  4133.49 -27120.1  7232.65
   323  5070.54 -1878.84  3191.70 -26826.3  9596.69
   325  4605.86 -2344.25  2261.61 -26450.6  11920.8
   327  4152.84 -2806.81  1346.03 -25994.6  14195.4
   329  3713.70 -3265.95  447.753 -25460.3  16411.1
   331  3290.56 -3721.11 -430.546 -24849.7  18558.9
   333  2885.50 -4171.73 -1286.23 -24165.5  20629.7
   335  2500.49 -4617.27 -2116.78 -23410.5  22615.3
   337  2137.39 -5057.19 -2919.80 -22587.7  24507.6
   339  1797.99 -5490.95 -3692.96 -21700.7  26299.0
   341  1483.92 -5918.01 -4434.09 -20753.0  27982.3
   343  1196.74 -6337.87 -5141.13 -19748.5  29550.9
   345  937.824 -6750.00 -5812.18 -18691.4  30998.7
   347  708.442 -7153.91 -6445.47 -17585.8  32320.1
   349  509.714 -7549.10 -7039.39 -16436.5  33510.2
   351  342.604 -7935.10 -7592.50 -15248.0  34564.7
   353  207.930 -8311.43 -8103.50 -14025.1  35479.7
   355  106.346 -8677.63 -8571.29 -12772.7  36252.2
   357  38.3467 -9033.27 -8994.92 -11495.9  36879.9
   359  4.26431 -9377.89 -9373.62 -10199.7  37360.8
