8.039206
12.482074
12.505212
8.826729
9.706299
7.451944
12.444573
11.476682
9.694224
10.593468
11.936630
10.435088
11.852517
6.322698
9.482312
6.624478
10.556355
7.584052
12.743361
10.931508
9.610487
6.921060
10.895621
12.330780
11.032158
8.942685
12.240918
8.401091
9.547018
10.758181
8.866842
7.959854
8.382527
8.862218
10.435460
8.818763
5.533040
7.313723
10.429508
15.537699
8.339571
10.614974
11.711087
10.878681
10.892499
11.980400
9.069513
11.649565
11.854404
11.921958
11.301489
12.312822
10.236260
8.378034
11.811255
12.438087
14.295806
9.003594
10.386710
8.401584
8.518762
11.443203
11.634266
10.931090
9.706540
15.659062
12.177452
10.333616
8.353900
11.195153
14.442446
11.750561
8.192167
11.513581
13.112832
8.796532
8.632534
9.400489
6.289997
12.909067
8.242159
13.082067
7.197176
13.890478
11.406262
10.461204
8.253316
11.148854
9.450563
9.639133
8.436355
10.219437
8.818464
7.388974
8.355990
6.685508
13.756981
8.853351
12.756536
14.396073
9.549590
11.416518
7.577935
13.420408
8.741063
8.009478
9.342834
9.300704
11.642632
10.110204
9.994948
9.465886
8.390557
15.004661
11.907373
12.924549
9.110509
13.951531
12.102033
8.204200
9.751155
8.011006
13.190824
12.985430
10.174543
10.037294
10.729996
10.513853
6.679674
11.079134
12.211676
9.375940
6.034899
12.453413
10.297888
9.298431
8.568547
10.593669
11.129330
7.750625
7.654902
9.648858
11.299041
8.260745
7.298663
9.480030
8.838071
11.909472
8.727794
10.165650
8.988002
11.035632
10.551075
11.848278
12.863213
10.467191
10.774970
11.102713
8.692357
11.678567
8.933976
7.134509
7.400564
9.452209
11.102371
10.602009
9.381792
10.105519
5.551527
3.765338
11.176753
9.717334
14.131993
10.022893
9.016515
10.252465
12.449932
9.331388
11.392735
9.701916
9.653830
6.944368
8.690138
9.707278
9.246092
11.135784
11.218154
8.625920
7.744365
8.439695
10.007667
9.713787
8.994459
8.487547
8.732779
6.730976
8.209037
10.489565
10.810516
7.667574
13.573643
12.030019
7.874868
12.215381
9.569537
11.057720
10.029418
9.290891
11.075636
14.520939
9.948778
12.173047
11.457338
14.855505
9.387096
11.883030
12.599422
11.812625
10.326258
8.043516
11.282760
6.788345
8.826795
13.364133
9.361813
9.628591
13.112405
11.403611
8.495067
7.464559
10.467575
9.435005
12.636095
11.557036
7.654953
10.760489
12.384603
12.204997
8.772787
10.288685
11.009598
12.255676
11.370105
10.027452
12.917813
7.483088
8.444031
10.185732
10.927228
9.532337
7.720009
7.357405
10.471275
5.657977
11.714037
10.139237
10.874747
6.013761
9.508379
12.361724
9.170200
8.844356
9.515520
8.229901
7.844421
11.240009
10.287216
10.475240
9.596646
10.035578
11.507000
8.766840
9.830290
11.993585
12.017160
8.230376
9.857168
7.871021
8.703770
7.305043
10.463165
10.471572
6.347305
11.692599
9.163065
9.488639
12.017637
9.112506
8.056665
14.654104
9.283356
8.571751
11.480007
11.394030
8.461342
7.369766
8.885809
8.887255
7.517683
14.473181
10.880591
9.127856
8.627984
9.503078
8.949322
10.134818
8.387295
12.861854
4.508883
10.874774
11.125132
8.886185
14.613749
9.042428
8.795969
10.795301
9.075612
11.661635
10.665582
8.598154
12.510279
11.272581
11.806652
11.567856
13.069792
10.197091
10.025789
8.498102
10.213325
7.466703
8.121722
10.805812
7.739409
8.275367
7.029389
10.808412
11.049455
9.002855
10.295442
11.643809
9.533254
7.197062
11.380264
8.731909
11.635852
11.475312
9.430128
8.649327
6.561853
11.142715
12.212104
12.265319
11.324268
10.481492
7.710536
10.306690
9.698650
11.787610
9.286858
11.764708
9.797079
12.716372
9.289943
9.546711
6.930959
11.689792
11.051023
5.610746
8.660634
10.135739
11.224547
13.953459
12.904012
4.796353
11.484507
8.028931
8.915590
7.584623
10.429648
7.706442
12.127863
8.396590
7.767168
13.787788
9.989692
12.090284
8.024931
10.239252
11.299763
8.823280
11.429079
10.122686
9.891841
10.338273
9.747281
9.449149
9.770414
12.685664
10.097341
9.892968
8.586165
12.952036
9.513515
10.320767
11.638055
9.716813
9.036772
9.457854
9.777973
8.928170
11.233214
7.584670
8.416921
10.273629
9.541013
9.569194
8.193500
8.515021
10.154122
5.437761
8.764399
8.588823
12.125822
9.099291
9.716195
8.749453
10.127657
10.623941
12.643333
11.546839
5.540120
9.135119
11.277225
9.263269
9.697070
10.707835
8.171111
13.859350
10.987086
11.590166
10.076303
8.871216
10.933581
8.624517
9.750131
8.261824
7.311315
12.541752
7.025812
9.939574
11.038831
10.117741
11.950437
13.416301
9.253151
8.409527
10.819621
6.976057
7.865179
7.244209
9.617525
12.845917
13.052753
13.186340
12.207634
10.125454
11.832438
9.568454
10.807409
11.522977
8.418820
10.620822
11.408678
6.804857
7.325255
9.887766
11.754588
7.666485
8.786970
11.952144
8.716505
13.330702
9.177446
8.131468
7.129757
11.667685
8.648311
12.325721
11.157020
8.601207
9.564363
10.383148
7.927858
10.222925
8.853021
9.644498
11.722996
10.324668
12.322479
10.779405
