    10.8905
    11.2393
    10.8681
    7.97081
    9.19761
    12.3065
    6.74891
   10.48837
    9.42398
    8.67123
   10.13099
    9.34625
    7.06024
    6.32456
    8.18776
   10.37620
    8.42674
    13.4693
    6.52875
    7.14458
    9.02176
    7.99255
   10.21617
    11.2403
   10.20346
   10.38814
    8.69221
    9.77436
    10.8653
    12.5040
    12.1211
    8.89245
    11.6092
    11.0750
    12.0823
   10.54529
    9.09410
    7.40235
    9.88972
    9.24098
    9.34692
    9.73011
    10.8403
   10.20662
   10.11916
    7.47056
    7.94346
    11.4610
    8.11618
   10.07905
    9.93818
    11.0410
    11.3508
    9.16781
    8.03039
    12.0676
    8.74072
    11.5817
    11.4978
   10.00173
    9.45912
    8.83051
    9.11540
    11.5795
    8.38664
   10.03224
    9.67736
   10.38745
    13.0321
    11.9594
    13.5560
    7.09662
    11.5368
    8.79829
    12.5982
    8.31783
    14.3817
    8.65890
    9.68832
    8.87065
    5.36576
    12.1883
    8.27311
    9.18757
    11.0231
    5.29518
    7.53109
    11.2088
    9.06589
    11.4046
    12.7544
    5.70645
    11.0011
   10.29724
    7.92320
   10.18510
    10.8325
    7.69307
    11.4160
    11.5136
    9.66086
    10.5895
    11.0373
   10.41391
    9.87931
    13.7730
    9.88464
   10.42203
   10.09145
    11.9943
    11.1963
   10.42226
    9.66019
    10.6161
    9.77224
    11.3386
    11.0403
    12.2256
    12.0180
    8.83174
    13.2976
    9.11295
    6.74118
   10.30113
    8.40179
    9.14108
    13.0881
    11.7989
    11.5486
   10.50795
    11.3999
    12.6188
    12.1423
    10.8307
    9.39059
    8.27505
   10.10145
    9.45610
   10.22498
    6.94205
    8.69195
    12.7131
   10.15434
    9.41276
    14.0531
    7.82972
    11.5702
    6.37600
    6.36698
    11.4273
    12.0200
    13.2471
    8.26069
    6.66667
    3.92970
    8.60045
    9.32984
    11.7620
    10.8213
    7.06783
    8.73685
    8.25953
    9.10802
    8.80314
   10.37243
   10.33380
    9.97539
    9.50644
    11.2519
    10.8031
   10.24596
    10.9255
    14.0720
    6.98321
    7.22623
    8.96241
   10.29801
   10.55785
    13.0934
    9.70754
   10.18413
    11.1230
    8.66217
    13.2492
    10.6746
    9.92813
    9.48178
    12.8145
    11.6017
    14.0969
    9.74109
    10.6472
   10.44465
    12.9274
    8.68164
    7.43637
    11.1070
    12.0636
    11.1096
    9.22533
    9.87630
    8.94846
   10.19618
   10.11768
    7.32441
    9.42363
    8.89312
    8.21598
    12.5777
    8.48573
   10.48096
    7.58602
    8.31044
    10.5939
   10.06226
    6.36647
    12.9858
    12.0964
    7.76663
    9.25317
    6.46565
    13.1888
    8.58192
    10.6911
    7.23458
   10.14803
    7.26468
    9.35332
    9.79243
    11.3346
    7.37081
    8.72184
    9.57879
    7.08079
    14.7258
    6.08777
    7.80645
    6.90327
    11.1330
    12.7420
    14.0167
    9.73748
    12.3728
    8.18361
    9.06900
    11.3667
    7.24230
    11.7613
    12.7727
   10.45714
    9.18251
    9.54327
    11.6643
    11.9822
    9.09381
    11.2919
    14.1107
    9.60006
    9.40069
    11.0697
    8.21227
    11.0954
    7.38016
    9.00117
    10.6715
   10.53339
    11.1088
    11.2259
    7.97555
    8.44650
    8.83520
    10.8805
    11.1563
    7.36182
    10.9666
    11.4162
    11.0162
    10.9605
    7.53952
    6.65001
    12.7849
    12.4698
   10.06508
    8.94174
    8.16032
    8.49646
    10.6192
    8.99943
    11.6807
    9.91585
    6.58479
    9.35186
    8.71869
    12.7593
    8.33501
   10.22073
    6.17974
    9.95940
    11.0054
    12.9987
    6.87202
    9.29371
   10.33449
   10.16905
    11.1077
    12.6670
    11.0054
   10.00452
    10.9821
    8.39997
    6.30864
    13.2241
    9.19549
    9.09308
    9.53081
    12.6385
    12.2410
    12.0860
    10.6619
    13.6853
    11.1032
    12.3623
    14.2321
    11.1402
    8.25934
   10.39459
    8.47897
    11.8854
    8.51126
    11.8030
    11.1866
    8.82055
    12.7034
    8.72214
    16.0726
    11.2699
    11.0128
    6.89609
    7.94720
    9.44811
    12.2552
    11.7936
    10.7578
   10.07761
    8.56312
    8.19780
   10.07478
    12.0986
    11.8892
    11.9961
    9.31055
    11.4733
    8.65791
    8.32046
    7.83673
    6.86010
   10.53396
    6.80323
    11.0385
    9.74648
    8.47918
    12.0284
    11.9725
    7.86815
    12.7169
   10.53075
    8.54713
    10.6435
    10.6680
    12.8384
   10.19469
    8.93009
    11.7863
    8.20094
    5.96174
   10.39700
    10.7864
    13.1798
    13.0467
    11.2169
    10.5845
    9.88001
    8.35069
   10.25711
    7.73772
    9.34976
    12.6221
    9.21942
    13.4074
    13.2315
   10.50950
    8.51263
    9.71861
    7.98675
    13.2368
   10.15288
    12.3170
    8.83520
   10.53458
    7.56711
    8.58044
    8.96447
    11.1764
   10.11114
    10.6213
    9.21099
    8.21800
    9.79378
    8.63196
    14.4302
    7.54128
    9.76795
    11.7006
    9.51583
    9.15854
    13.8085
    14.4050
   10.12533
   10.36101
    11.9664
    11.2399
    8.34331
    6.79890
    10.7075
    10.9064
    11.3148
    8.60706
   10.25006
   10.23753
   10.18922
    9.89585
   10.29732
    10.6100
    11.5941
    15.8754
    12.1598
    11.7552
   10.45914
    9.03219
    11.0834
    12.5814
    12.3660
    8.67970
    9.48318
    7.39556
    9.15907
    9.48534
    8.12863
    8.50396
   10.21811
   10.11131
    11.8843
    11.1772
    9.19741
    8.86688
    9.70267
    10.9210
    6.94786
    8.77276
    5.74350
    8.73969
    12.2701
    11.3878
    7.60800
    8.66167
    12.4598
   10.16531
    11.7570
   10.13938
    8.03273
    8.46570
    4.88159
    12.2311
    13.4374
    11.8813
   10.53398
    8.28260
    8.17603
    10.6711
   10.06922
    13.9333
   10.42288
    9.97633
    8.04218
    13.4124
    7.51461
    9.80719
    10.9035
    7.82198
    8.09217
    10.7993
   10.08552
    12.9005
    9.49749
    6.58997
   10.34372
   10.00996
    10.9725
    10.7899
    7.51238
