\BOOKMARK [2][-]{section*.1}{Preface}{}% 1
\BOOKMARK [0][-]{chapter.1}{The physics of magnetism}{}% 2
\BOOKMARK [1][-]{section.1.1}{What is a magnetic field?}{chapter.1}% 3
\BOOKMARK [1][-]{section.1.2}{Magnetic moment}{chapter.1}% 4
\BOOKMARK [1][-]{section.1.3}{Magnetic flux}{chapter.1}% 5
\BOOKMARK [1][-]{section.1.4}{Magnetic energy}{chapter.1}% 6
\BOOKMARK [1][-]{section.1.5}{Magnetization and magnetic susceptibility}{chapter.1}% 7
\BOOKMARK [1][-]{section.1.6}{Relationship of B and H}{chapter.1}% 8
\BOOKMARK [1][-]{section.1.7}{A brief tour of magnetic units in the cgs system}{chapter.1}% 9
\BOOKMARK [1][-]{section.1.8}{The magnetic potential }{chapter.1}% 10
\BOOKMARK [1][-]{section.1.9}{Origin of the geomagnetic field}{chapter.1}% 11
\BOOKMARK [1][-]{section.1.10}{Problems}{chapter.1}% 12
\BOOKMARK [0][-]{chapter.2}{The geomagnetic field}{}% 13
\BOOKMARK [1][-]{section.2.1}{Components of magnetic vectors}{chapter.2}% 14
\BOOKMARK [1][-]{section.2.2}{Reference magnetic field}{chapter.2}% 15
\BOOKMARK [1][-]{section.2.3}{Geocentric axial dipole \(GAD\) and other poles}{chapter.2}% 16
\BOOKMARK [1][-]{section.2.4}{Plotting magnetic directional data}{chapter.2}% 17
\BOOKMARK [2][-]{subsection.2.4.1}{D', I' \040transformation}{section.2.4}% 18
\BOOKMARK [2][-]{subsection.2.4.2}{Virtual geomagnetic poles}{section.2.4}% 19
\BOOKMARK [2][-]{subsection.2.4.3}{Virtual dipole moment}{section.2.4}% 20
\BOOKMARK [1][-]{section.2.5}{Problems}{chapter.2}% 21
\BOOKMARK [0][-]{chapter.3}{Induced and remanent magnetism}{}% 22
\BOOKMARK [1][-]{section.3.1}{Magnetism at the atomic level}{chapter.3}% 23
\BOOKMARK [1][-]{section.3.2}{Induced magnetization}{chapter.3}% 24
\BOOKMARK [2][-]{subsection.3.2.1}{Orbital contribution and diamagnetism}{section.3.2}% 25
\BOOKMARK [2][-]{subsection.3.2.2}{Role of electronic spins and paramagnetism}{section.3.2}% 26
\BOOKMARK [1][-]{section.3.3}{Ferromagnetism}{chapter.3}% 27
\BOOKMARK [1][-]{section.3.4}{Problems }{chapter.3}% 28
\BOOKMARK [0][-]{chapter.4}{Magnetic anisotropy and domains}{}% 29
\BOOKMARK [1][-]{section.4.1}{The magnetic energy of particles}{chapter.4}% 30
\BOOKMARK [2][-]{subsection.4.1.1}{Exchange energy}{section.4.1}% 31
\BOOKMARK [2][-]{subsection.4.1.2}{Magnetic moments and external fields}{section.4.1}% 32
\BOOKMARK [2][-]{subsection.4.1.3}{Magnetocrystalline anisotropy energy}{section.4.1}% 33
\BOOKMARK [2][-]{subsection.4.1.4}{Magnetostriction - stress anisotropy}{section.4.1}% 34
\BOOKMARK [2][-]{subsection.4.1.5}{Magnetostatic \(shape\) anisotropy}{section.4.1}% 35
\BOOKMARK [2][-]{subsection.4.1.6}{Magnetic energy and magnetic stability}{section.4.1}% 36
\BOOKMARK [1][-]{section.4.2}{Magnetic domains}{chapter.4}% 37
\BOOKMARK [1][-]{section.4.3}{Thermal energy}{chapter.4}% 38
\BOOKMARK [1][-]{section.4.4}{Putting it all together}{chapter.4}% 39
\BOOKMARK [1][-]{section.4.5}{Problems}{chapter.4}% 40
