This is pdfTeX, Version 3.14159265-2.6-1.40.16 (TeX Live 2015) (preloaded format=latex 2015.5.24)  5 APR 2016 17:20
entering extended mode
 restricted \write18 enabled.
 %&-line parsing enabled.
**\makeatletter\def\HCode{\futurelet\HCode\HChar}\def\HChar{\ifx"\HCode\def\HCo
de"##1"{\Link##1}\expandafter\HCode\else\expandafter\Link\fi}\def\Link#1.a.b.c.
{\g@addto@macro\@documentclasshook{\RequirePackage[#1,html]{tex4ht}}\let\HCode\
documentstyle\def\documentstyle{\let\documentstyle\HCode\expandafter\def\csname
 tex4ht\endcsname{#1,html}\def\HCode####1{\documentstyle[tex4ht,}\@ifnextchar[{
\HCode}{\documentstyle[tex4ht]}}}\makeatother\HCode html, 2, sections+.a.b.c.\i
nput  WebBook3
(./WebBook3.tex (./mydefs.tex)
(/usr/local/texlive/2015/texmf-dist/tex/latex/base/book.cls
Document Class: book 2014/09/29 v1.4h Standard LaTeX document class
(/usr/local/texlive/2015/texmf-dist/tex/latex/base/bk11.clo
File: bk11.clo 2014/09/29 v1.4h Standard LaTeX file (size option)
)
\c@part=\count79
\c@chapter=\count80
\c@section=\count81
\c@subsection=\count82
\c@subsubsection=\count83
\c@paragraph=\count84
\c@subparagraph=\count85
\c@figure=\count86
\c@table=\count87
\abovecaptionskip=\skip41
\belowcaptionskip=\skip42
\bibindent=\dimen102
)
(/usr/local/texlive/2015/texmf-dist/tex/generic/tex4ht/tex4ht.sty
version 2008-10-27-17:23
Package: tex4ht 
--------------------------------------
--- Note --- for _ at preamble, use the command line option `early_'
--------------------------------------
--------------------------------------
--- Note --- for ^ at preamble, use the command line option `early^'
--------------------------------------
\tmp:toks=\toks14
)
(/usr/local/texlive/2015/texmf-dist/tex/generic/tex4ht/usepackage.4ht
version 2009-05-21-09:32
)
(./stylemydefs.sty) (./natbib.sty
Package: natbib 2007/10/30 8.1 (PWD)
\bibhang=\skip43
\bibsep=\skip44
LaTeX Info: Redefining \cite on input line 602.
\c@NAT@ctr=\count88
)
(/usr/local/texlive/2015/texmf-dist/tex/latex/appendix/appendix.sty
Package: appendix 2009/09/02 v1.2b extra appendix facilities
\c@@pps=\count89
\c@@ppsavesec=\count90
\c@@ppsaveapp=\count91
)
(/usr/local/texlive/2015/texmf-dist/tex/latex/tools/bm.sty
Package: bm 2014/10/28 v1.1c Bold Symbol Support (DPC/FMi)
\symboldoperators=\mathgroup4
\symboldletters=\mathgroup5
\symboldsymbols=\mathgroup6
LaTeX Font Info:    Redeclaring math alphabet \mathbf on input line 141.
LaTeX Info: Redefining \bm on input line 207.
)
(/usr/local/texlive/2015/texmf-dist/tex/latex/amsfonts/amssymb.sty
Package: amssymb 2013/01/14 v3.01 AMS font symbols

(/usr/local/texlive/2015/texmf-dist/tex/latex/amsfonts/amsfonts.sty
Package: amsfonts 2013/01/14 v3.01 Basic AMSFonts support
\@emptytoks=\toks15
\symAMSa=\mathgroup7
\symAMSb=\mathgroup8
LaTeX Font Info:    Overwriting math alphabet `\mathfrak' in version `bold'
(Font)                  U/euf/m/n --> U/euf/b/n on input line 106.
))
(/usr/local/texlive/2015/texmf-dist/tex/latex/rotating/rotating.sty
Package: rotating 2009/03/28 v2.16a rotated objects in LaTeX

(/usr/local/texlive/2015/texmf-dist/tex/latex/graphics/graphicx.sty
Package: graphicx 2014/10/28 v1.0g Enhanced LaTeX Graphics (DPC,SPQR)

(/usr/local/texlive/2015/texmf-dist/tex/latex/graphics/keyval.sty
Package: keyval 2014/10/28 v1.15 key=value parser (DPC)
\KV@toks@=\toks16
)
(/usr/local/texlive/2015/texmf-dist/tex/latex/graphics/graphics.sty
Package: graphics 2014/10/28 v1.0p Standard LaTeX Graphics (DPC,SPQR)

(/usr/local/texlive/2015/texmf-dist/tex/latex/graphics/trig.sty
Package: trig 1999/03/16 v1.09 sin cos tan (DPC)
)
(/usr/local/texlive/2015/texmf-dist/tex/latex/latexconfig/graphics.cfg
File: graphics.cfg 2010/04/23 v1.9 graphics configuration of TeX Live
)
Package graphics Info: Driver file: dvips.def on input line 94.

(/usr/local/texlive/2015/texmf-dist/tex/latex/graphics/dvips.def
File: dvips.def 2014/10/14 v3.0j Driver-dependent file (DPC,SPQR)
))
\Gin@req@height=\dimen103
\Gin@req@width=\dimen104
)
(/usr/local/texlive/2015/texmf-dist/tex/latex/base/ifthen.sty
Package: ifthen 2014/09/29 v1.1c Standard LaTeX ifthen package (DPC)
)
\c@r@tfl@t=\count92
\rotFPtop=\skip45
\rotFPbot=\skip46
\rot@float@box=\box26
\rot@mess@toks=\toks17
)
(/usr/local/texlive/2015/texmf-dist/tex/latex/tools/longtable.sty
Package: longtable 2014/10/28 v4.11 Multi-page Table package (DPC)
\LTleft=\skip47
\LTright=\skip48
\LTpre=\skip49
\LTpost=\skip50
\LTchunksize=\count93
\LTcapwidth=\dimen105
\LT@head=\box27
\LT@firsthead=\box28
\LT@foot=\box29
\LT@lastfoot=\box30
\LT@cols=\count94
\LT@rows=\count95
\c@LT@tables=\count96
\c@LT@chunks=\count97
\LT@p@ftn=\toks18
)
(/usr/local/texlive/2015/texmf-dist/tex/latex/hyperref/hyperref.sty
Package: hyperref 2012/11/06 v6.83m Hypertext links for LaTeX

(/usr/local/texlive/2015/texmf-dist/tex/generic/oberdiek/hobsub-hyperref.sty
Package: hobsub-hyperref 2012/05/28 v1.13 Bundle oberdiek, subset hyperref (HO)


(/usr/local/texlive/2015/texmf-dist/tex/generic/oberdiek/hobsub-generic.sty
Package: hobsub-generic 2012/05/28 v1.13 Bundle oberdiek, subset generic (HO)
Package: hobsub 2012/05/28 v1.13 Construct package bundles (HO)
Package: infwarerr 2010/04/08 v1.3 Providing info/warning/error messages (HO)
Package: ltxcmds 2011/11/09 v1.22 LaTeX kernel commands for general use (HO)
Package: ifluatex 2010/03/01 v1.3 Provides the ifluatex switch (HO)
Package ifluatex Info: LuaTeX not detected.
Package: ifvtex 2010/03/01 v1.5 Detect VTeX and its facilities (HO)
Package ifvtex Info: VTeX not detected.
Package: intcalc 2007/09/27 v1.1 Expandable calculations with integers (HO)
Package: ifpdf 2011/01/30 v2.3 Provides the ifpdf switch (HO)
Package ifpdf Info: pdfTeX in PDF mode is not detected.
Package: etexcmds 2011/02/16 v1.5 Avoid name clashes with e-TeX commands (HO)
Package etexcmds Info: Could not find \expanded.
(etexcmds)             That can mean that you are not using pdfTeX 1.50 or
(etexcmds)             that some package has redefined \expanded.
(etexcmds)             In the latter case, load this package earlier.
Package: kvsetkeys 2012/04/25 v1.16 Key value parser (HO)
Package: kvdefinekeys 2011/04/07 v1.3 Define keys (HO)
Package: pdftexcmds 2011/11/29 v0.20 Utility functions of pdfTeX for LuaTeX (HO
)
Package pdftexcmds Info: LuaTeX not detected.
Package pdftexcmds Info: \pdf@primitive is available.
Package pdftexcmds Info: \pdf@ifprimitive is available.
Package pdftexcmds Info: \pdfdraftmode is ignored in DVI mode.
Package: pdfescape 2011/11/25 v1.13 Implements pdfTeX's escape features (HO)
Package: bigintcalc 2012/04/08 v1.3 Expandable calculations on big integers (HO
)
Package: bitset 2011/01/30 v1.1 Handle bit-vector datatype (HO)
Package: uniquecounter 2011/01/30 v1.2 Provide unlimited unique counter (HO)
)
Package hobsub Info: Skipping package `hobsub' (already loaded).
Package: letltxmacro 2010/09/02 v1.4 Let assignment for LaTeX macros (HO)
Package: hopatch 2012/05/28 v1.2 Wrapper for package hooks (HO)
Package: xcolor-patch 2011/01/30 xcolor patch
Package: atveryend 2011/06/30 v1.8 Hooks at the very end of document (HO)
Package atveryend Info: \enddocument detected (standard20110627).
Package: atbegshi 2011/10/05 v1.16 At begin shipout hook (HO)
Package: refcount 2011/10/16 v3.4 Data extraction from label references (HO)
Package: hycolor 2011/01/30 v1.7 Color options for hyperref/bookmark (HO)
)
(/usr/local/texlive/2015/texmf-dist/tex/generic/ifxetex/ifxetex.sty
Package: ifxetex 2010/09/12 v0.6 Provides ifxetex conditional
)
(/usr/local/texlive/2015/texmf-dist/tex/latex/oberdiek/auxhook.sty
Package: auxhook 2011/03/04 v1.3 Hooks for auxiliary files (HO)


Package auxhook Warning: Cannot patch \document,
(auxhook)                using \AtBeginDocument instead.

) (/usr/local/texlive/2015/texmf-dist/tex/latex/oberdiek/kvoptions.sty
Package: kvoptions 2011/06/30 v3.11 Key value format for package options (HO)
)
\@linkdim=\dimen106
\Hy@linkcounter=\count98
\Hy@pagecounter=\count99

(/usr/local/texlive/2015/texmf-dist/tex/latex/hyperref/pd1enc.def
File: pd1enc.def 2012/11/06 v6.83m Hyperref: PDFDocEncoding definition (HO)
)
\Hy@SavedSpaceFactor=\count100

(/usr/local/texlive/2015/texmf-dist/tex/latex/latexconfig/hyperref.cfg
File: hyperref.cfg 2002/06/06 v1.2 hyperref configuration of TeXLive
)
Package hyperref Info: Option `colorlinks' set `true' on input line 4319.
Package hyperref Info: Hyper figures OFF on input line 4443.
Package hyperref Info: Link nesting OFF on input line 4448.
Package hyperref Info: Hyper index ON on input line 4451.
Package hyperref Info: Plain pages OFF on input line 4458.
Package hyperref Info: Backreferencing OFF on input line 4463.
Package hyperref Info: Implicit mode ON; LaTeX internals redefined.
Package hyperref Info: Bookmarks ON on input line 4688.
\c@Hy@tempcnt=\count101

(/usr/local/texlive/2015/texmf-dist/tex/latex/url/url.sty
\Urlmuskip=\muskip10
Package: url 2013/09/16  ver 3.4  Verb mode for urls, etc.
)
LaTeX Info: Redefining \url on input line 5041.
\XeTeXLinkMargin=\dimen107
\Fld@menulength=\count102
\Field@Width=\dimen108
\Fld@charsize=\dimen109
\Field@toks=\toks19
Package hyperref Info: Hyper figures OFF on input line 6295.
Package hyperref Info: Link nesting OFF on input line 6300.
Package hyperref Info: Hyper index ON on input line 6303.
Package hyperref Info: backreferencing OFF on input line 6310.
Package hyperref Info: Link coloring ON on input line 6313.
Package hyperref Info: Link coloring with OCG OFF on input line 6320.
Package hyperref Info: PDF/A mode OFF on input line 6325.
LaTeX Info: Redefining \ref on input line 6365.
LaTeX Info: Redefining \pageref on input line 6369.
\Hy@abspage=\count103


Package hyperref Message: Stopped early.

)

Package hyperref Message: Driver: htex4ht.

(/usr/local/texlive/2015/texmf-dist/tex/latex/hyperref/htex4ht.def
File: htex4ht.def 2012/11/06 v6.83m Hyperref driver for TeX4ht
Package hyperref Info: tex4ht is already loaded.
)
(/usr/local/texlive/2015/texmf-dist/tex/generic/tex4ht/tex4ht.4ht
version 2009-01-07-07:11
--------------------------------------
--- Note --- for additional information, use the command line option `info'
--------------------------------------

::::::::::::::::::::::::::::::::::::::::::
 TeX4ht info is available in the log file 
::::::::::::::::::::::::::::::::::::::::::
) (/usr/local/texlive/2015/texmf-dist/tex/generic/tex4ht/tex4ht.sty
version 2008-10-27-17:23

(/usr/local/texlive/2015/texmf-dist/tex/latex/graphics/color.sty
Package: color 2014/10/28 v1.1a Standard LaTeX Color (DPC)

(/usr/local/texlive/2015/texmf-dist/tex/latex/latexconfig/color.cfg
File: color.cfg 2007/01/18 v1.5 color configuration of teTeX/TeXLive
)
Package color Info: Driver file: dvips.def on input line 142.

(/usr/local/texlive/2015/texmf-dist/tex/latex/graphics/dvipsnam.def
File: dvipsnam.def 2014/10/14 v3.0j Driver-dependent file (DPC,SPQR)
))
--- needs --- tex4ht WebBook3 ---
\tmp:cnt=\count104
\openout15 = `WebBook3.tmp'.

(./WebBook3.tmp)
\tmp:dim=\skip51
--------------------------------------
--- Note --- for XML code, use the command line option `xml' or `xhtml'
--------------------------------------
 (./WebBook3.xref)
\:refout=\write3
\openout3 = `WebBook3.xref'.


(/usr/local/texlive/2015/texmf-dist/tex/generic/tex4ht/html4.4ht
version 2015-01-26-15:58
--------------------------------------
--- Note --- to remove the <?xml version=...?> processing instruction use the c
ommand line option `no-VERSION'
--------------------------------------
--------------------------------------
--- Note --- to remove the DOCTYPE declaration use the command line option `no-
DOCTYPE'
--------------------------------------
)
(/usr/local/texlive/2015/texmf-dist/tex/generic/tex4ht/html4-math.4ht
version 2009-05-18-23:01
)
--------------------------------------
--- Note --- for marking of the base font, use the command line option `fonts+'

--------------------------------------
--------------------------------------
--- Note --- for non active _, use the command line option `no_'
--------------------------------------
--------------------------------------
--- Note --- for _ of catcode 13, use the command line option `_13'
--------------------------------------
--------------------------------------
--- Note --- for non active ^, use the command line option `no^'
--------------------------------------
--------------------------------------
--- Note --- for ^ of catcode 13, use the command line option `^13'
--------------------------------------

(/usr/local/texlive/2015/texmf-dist/tex/generic/tex4ht/html4.4ht
version 2015-01-26-15:58
--------------------------------------
--- Note --- For section filenames that reflect on their titles use the command
 line option `sec-filename'
--------------------------------------
--------------------------------------
--- Note --- for alternative charset, use the command line option `charset=...'

--------------------------------------
--------------------------------------
--- Note --- to ignore CSS font decoration, use the `NoFonts' command line opti
on
--------------------------------------
--------------------------------------
--- Note --- for jpg bitmaps of pictures, use the `jpg' command line option. (C
haracter bitmaps are controled only by `g' records of tex4ht.env and `-g' switc
hes of tex4ht.c) 
--------------------------------------
--------------------------------------
--- Note --- for gif bitmaps of pictures, use the `gif' command line option. (C
haracter bitmaps are controled only by `g' records of tex4ht.env and `-g' switc
hes of tex4ht.c) 
--------------------------------------
--------------------------------------
--- Note --- for content and toc in 2 frames, use the command line option `fram
es'
--------------------------------------
--------------------------------------
--- Note --- for content, toc, and footnotes in 3 frames, use the command line 
option `frames-fn'
--------------------------------------
--------------------------------------
--- Note --- for file extension name xht, use the command line option `xht'
--------------------------------------
TeX4ht package options: html,2,sections+
--------------------------------------
--- Note --- to ignore CSS code, use the command line option `-css
--------------------------------------
--------------------------------------
--- Note --- for inline CSS code, use the command line option `css-in'
--------------------------------------
--------------------------------------
--- Note --- for pop ups on mouse over, use the command line option `mouseover'

--------------------------------------
--------------------------------------
--- Note --- for addressing images in a subdirectory, use the command line opti
on `imgdir:.../'
--------------------------------------
)
(/usr/local/texlive/2015/texmf-dist/tex/generic/tex4ht/html4-math.4ht
version 2009-05-18-23:01
)
\:tokwrite=\toks20
\:tokpage=\toks21
--------------------------------------
--- Note --- for linear crosslinks of pages, use the command line option `next'

--------------------------------------
\openout15 = `WebBook3.4ct'.

\:tocout=\write4
\openout4 = `WebBook3.4tc'.


(/usr/local/texlive/2015/texmf-dist/tex/generic/tex4ht/html4.4ht
version 2015-01-26-15:58
)
(/usr/local/texlive/2015/texmf-dist/tex/generic/tex4ht/html4-math.4ht
version 2009-05-18-23:01
)
(/usr/local/texlive/2015/texmf-dist/tex/generic/tex4ht/latex.4ht
version 2009-05-21-09:32
--------------------------------------
--- Note --- for links into captions, instead of float heads, use the command l
ine option `refcaption'
--------------------------------------

(/usr/local/texlive/2015/texmf-dist/tex/generic/tex4ht/html4.4ht
version 2015-01-26-15:58
--------------------------------------
--- Note --- For mini tocs immediately aftter the header use the command line o
ption `minitoc<'
--------------------------------------
--------------------------------------
--- Note --- for enumerated list elements with valued data, use the command lin
e option `enumerate+'
--------------------------------------
--------------------------------------
--- Note --- for enumerated list elements li's with value attributes, use the c
ommand line option `enumerate-'
--------------------------------------
--------------------------------------
--- Note --- for CSS2 code, use the command line option `css2'
--------------------------------------
--------------------------------------
--- Note --- for pictorial tabular, use the command line option `pic-tabular'
--------------------------------------
--------------------------------------
--- Note --- for bitmap fbox'es, use the command line option `pic-fbox'
--------------------------------------
--------------------------------------
--- Note --- for bitmap framebox'es, use the command line option `pic-framebox'

--------------------------------------
--------------------------------------
--- Note --- for inline footnotes use command line option `fn-in'
--------------------------------------
--------------------------------------
--- Note --- for tracing of latex font commands, use the command line option `f
onts'
--------------------------------------
--------------------------------------
--- Note --- for width specifications of tabular p entries, use the `p-width' c
ommand line option or a configuration similar to \Configure{HColWidth}{\HCode{ 
style="width:\HColWidth"}}
--------------------------------------
)
(/usr/local/texlive/2015/texmf-dist/tex/generic/tex4ht/html4-math.4ht
version 2009-05-18-23:01
--------------------------------------
--- Note --- for pictorial eqnarray, use the command line option `pic-eqnarray'

--------------------------------------
--------------------------------------
--- Note --- for pictorial array, use the command line option `pic-array'
--------------------------------------
--------------------------------------
--- Note --- for pictorial $...$ environments, use the command line option `pic
-m' (not recommended!!)
--------------------------------------
--------------------------------------
--- Note --- for pictorial $...$ and $$...$$ environments with latex alt, use t
he command line option `pic-m+' (not safe!!)
--------------------------------------
--------------------------------------
--- Note --- for pictorial array, use the command line option `pic-array'
--------------------------------------
))
(/usr/local/texlive/2015/texmf-dist/tex/generic/tex4ht/fontmath.4ht
version 2009-05-21-09:32

(/usr/local/texlive/2015/texmf-dist/tex/generic/tex4ht/html4.4ht
version 2015-01-26-15:58
)
(/usr/local/texlive/2015/texmf-dist/tex/generic/tex4ht/html4-math.4ht
version 2009-05-18-23:01
))
(/usr/local/texlive/2015/texmf-dist/tex/generic/tex4ht/book.4ht
version 2009-05-21-09:32

(/usr/local/texlive/2015/texmf-dist/tex/generic/tex4ht/html4.4ht
version 2015-01-26-15:58
--------------------------------------
--- Note --- for tocs without * entries, use command line option `notoc*'
--------------------------------------
--------------------------------------
--- Note --- for tocs without * entries, use command line option `notoc*'
--------------------------------------
--------------------------------------
--- Note --- to eliminate mini tables of contents, use the command line option 
`nominitoc'
--------------------------------------
--------------------------------------
--- Note --- for frames-like object-based table of contents, use the command li
ne option `obj-toc'
--------------------------------------
--------------------------------------
--- Note --- for files named derived from section titles, use the command line 
option `sec-filename'
--------------------------------------
--------------------------------------
--- Note --- for i-columns index, use the command line option `index=i' (e.g., 
index=2)
--------------------------------------
)
(/usr/local/texlive/2015/texmf-dist/tex/generic/tex4ht/html4-math.4ht
version 2009-05-18-23:01
))
(/usr/local/texlive/2015/texmf-dist/tex/generic/tex4ht/natbib.4ht
version 2013-01-19-12:33

(/usr/local/texlive/2015/texmf-dist/tex/generic/tex4ht/html4.4ht
version 2015-01-26-15:58
)
(/usr/local/texlive/2015/texmf-dist/tex/generic/tex4ht/html4-math.4ht
version 2009-05-18-23:01
))
(/usr/local/texlive/2015/texmf-dist/tex/generic/tex4ht/bm.4ht
version 2009-05-21-09:32

(/usr/local/texlive/2015/texmf-dist/tex/generic/tex4ht/html4.4ht
version 2015-01-26-15:58
)
(/usr/local/texlive/2015/texmf-dist/tex/generic/tex4ht/html4-math.4ht
version 2009-05-18-23:01
))
(/usr/local/texlive/2015/texmf-dist/tex/generic/tex4ht/amssymb.4ht
version 2009-05-21-09:32

(/usr/local/texlive/2015/texmf-dist/tex/generic/tex4ht/html4.4ht
version 2015-01-26-15:58
)
(/usr/local/texlive/2015/texmf-dist/tex/generic/tex4ht/html4-math.4ht
version 2009-05-18-23:01
))
(/usr/local/texlive/2015/texmf-dist/tex/generic/tex4ht/amsfonts.4ht
version 2009-05-21-09:32

(/usr/local/texlive/2015/texmf-dist/tex/generic/tex4ht/html4.4ht
version 2015-01-26-15:58
)
(/usr/local/texlive/2015/texmf-dist/tex/generic/tex4ht/html4-math.4ht
version 2009-05-18-23:01
))
(/usr/local/texlive/2015/texmf-dist/tex/generic/tex4ht/rotating.4ht
version 2009-05-21-09:32

(/usr/local/texlive/2015/texmf-dist/tex/generic/tex4ht/html4.4ht
version 2015-01-26-15:58
)
(/usr/local/texlive/2015/texmf-dist/tex/generic/tex4ht/html4-math.4ht
version 2009-05-18-23:01
))
(/usr/local/texlive/2015/texmf-dist/tex/generic/tex4ht/graphicx.4ht
version 2009-05-21-09:32

(/usr/local/texlive/2015/texmf-dist/tex/generic/tex4ht/html4.4ht
version 2015-01-26-15:58
)
(/usr/local/texlive/2015/texmf-dist/tex/generic/tex4ht/html4-math.4ht
version 2009-05-18-23:01
))
(/usr/local/texlive/2015/texmf-dist/tex/generic/tex4ht/graphics.4ht
version 2009-05-21-09:32

(/usr/local/texlive/2015/texmf-dist/tex/generic/tex4ht/html4.4ht
version 2015-01-26-15:58
--------------------------------------
--- Note --- if included graphics are of degraded quality, try the command line
 options `graphics-num' or `graphics-'. The `num' should provide the density of
 pixels in the bitmaps (e.g., 110). 
--------------------------------------
--------------------------------------
--- Note --- for key dimensions try the option `Gin-dim'; for key dimensions wh
en bounding box is unavailable try `Gin-dim+'; neither is recommended
--------------------------------------
)
(/usr/local/texlive/2015/texmf-dist/tex/generic/tex4ht/html4-math.4ht
version 2009-05-18-23:01
))
(/usr/local/texlive/2015/texmf-dist/tex/generic/tex4ht/dvips.4ht
version 2009-05-21-09:32

(/usr/local/texlive/2015/texmf-dist/tex/generic/tex4ht/html4.4ht
version 2015-01-26-15:58
)
(/usr/local/texlive/2015/texmf-dist/tex/generic/tex4ht/html4-math.4ht
version 2009-05-18-23:01
))
(/usr/local/texlive/2015/texmf-dist/tex/generic/tex4ht/ifthen.4ht
version 2009-05-21-09:32

(/usr/local/texlive/2015/texmf-dist/tex/generic/tex4ht/html4.4ht
version 2015-01-26-15:58
)
(/usr/local/texlive/2015/texmf-dist/tex/generic/tex4ht/html4-math.4ht
version 2009-05-18-23:01
))
(/usr/local/texlive/2015/texmf-dist/tex/generic/tex4ht/longtable.4ht
version 2009-05-21-09:32
\LT:box=\box31
\LT:ebox=\box32
\tmp:bx=\box33

(/usr/local/texlive/2015/texmf-dist/tex/generic/tex4ht/html4.4ht
version 2015-01-26-15:58
--------------------------------------
--- Note --- for pictorial longtable, use the command line option `pic-longtabl
e'
--------------------------------------
)
(/usr/local/texlive/2015/texmf-dist/tex/generic/tex4ht/html4-math.4ht
version 2009-05-18-23:01
))
(/usr/local/texlive/2015/texmf-dist/tex/generic/tex4ht/hyperref.4ht
version 2011-01-30-16:01

(/usr/local/texlive/2015/texmf-dist/tex/latex/hyperref/nameref.sty
Package: nameref 2012/10/27 v2.43 Cross-referencing by name of section

(/usr/local/texlive/2015/texmf-dist/tex/generic/oberdiek/gettitlestring.sty
Package: gettitlestring 2010/12/03 v1.4 Cleanup title references (HO)
)
\c@section@level=\count105
)
(/usr/local/texlive/2015/texmf-dist/tex/generic/tex4ht/nameref.4ht
version 2013-06-28-15:01

(/usr/local/texlive/2015/texmf-dist/tex/generic/tex4ht/html4.4ht
version 2015-01-26-15:58
)
(/usr/local/texlive/2015/texmf-dist/tex/generic/tex4ht/html4-math.4ht
version 2009-05-18-23:01
))
LaTeX Info: Redefining \autoref on input line 100.
\Hy@SectionHShift=\skip52

(/usr/local/texlive/2015/texmf-dist/tex/generic/tex4ht/html4.4ht
version 2015-01-26-15:58
)
(/usr/local/texlive/2015/texmf-dist/tex/generic/tex4ht/html4-math.4ht
version 2009-05-18-23:01
))
(/usr/local/texlive/2015/texmf-dist/tex/generic/tex4ht/pd1enc.4ht
version 2009-05-21-09:32

(/usr/local/texlive/2015/texmf-dist/tex/generic/tex4ht/html4.4ht
version 2015-01-26-15:58
)
(/usr/local/texlive/2015/texmf-dist/tex/generic/tex4ht/html4-math.4ht
version 2009-05-18-23:01
))
(/usr/local/texlive/2015/texmf-dist/tex/generic/tex4ht/url.4ht
version 2009-05-21-09:32

(/usr/local/texlive/2015/texmf-dist/tex/generic/tex4ht/html4.4ht
version 2015-01-26-15:58
--------------------------------------
--- Note --- for URL encoding within href use the command line option `url-enc'

--------------------------------------
)
(/usr/local/texlive/2015/texmf-dist/tex/generic/tex4ht/html4-math.4ht
version 2009-05-18-23:01
))
(/usr/local/texlive/2015/texmf-dist/tex/generic/tex4ht/color.4ht
version 2009-05-21-09:32

(/usr/local/texlive/2015/texmf-dist/tex/generic/tex4ht/html4.4ht
version 2015-01-26-15:58
)
(/usr/local/texlive/2015/texmf-dist/tex/generic/tex4ht/html4-math.4ht
version 2009-05-18-23:01
))
(/usr/local/texlive/2015/texmf-dist/tex/generic/tex4ht/dvipsnam.4ht
version 2009-05-21-09:32

(/usr/local/texlive/2015/texmf-dist/tex/latex/graphics/dvipsnam.def)
(/usr/local/texlive/2015/texmf-dist/tex/generic/tex4ht/html4.4ht
version 2015-01-26-15:58
)
(/usr/local/texlive/2015/texmf-dist/tex/generic/tex4ht/html4-math.4ht
version 2009-05-18-23:01
))
(/usr/local/texlive/2015/texmf-dist/tex/generic/tex4ht/html4.4ht
version 2015-01-26-15:58
)
(/usr/local/texlive/2015/texmf-dist/tex/generic/tex4ht/html4-math.4ht
version 2009-05-18-23:01
))
(./WebBook3.aux (./preface.aux) (./Chapters/chapter1.aux)
(./Chapters/chapter2.aux))
\openout1 = `WebBook3.aux'.

LaTeX Font Info:    Checking defaults for OML/cmm/m/it on input line 45.
LaTeX Font Info:    ... okay on input line 45.
LaTeX Font Info:    Checking defaults for T1/cmr/m/n on input line 45.
LaTeX Font Info:    ... okay on input line 45.
LaTeX Font Info:    Checking defaults for OT1/cmr/m/n on input line 45.
LaTeX Font Info:    ... okay on input line 45.
LaTeX Font Info:    Checking defaults for OMS/cmsy/m/n on input line 45.
LaTeX Font Info:    ... okay on input line 45.
LaTeX Font Info:    Checking defaults for OMX/cmex/m/n on input line 45.
LaTeX Font Info:    ... okay on input line 45.
LaTeX Font Info:    Checking defaults for U/cmr/m/n on input line 45.
LaTeX Font Info:    ... okay on input line 45.
LaTeX Font Info:    Checking defaults for PD1/pdf/m/n on input line 45.
LaTeX Font Info:    ... okay on input line 45.
\AtBeginShipoutBox=\box34
Package hyperref Info: Link coloring ON on input line 45.
LaTeX Info: Redefining \ref on input line 45.
LaTeX Info: Redefining \pageref on input line 45.
LaTeX Info: Redefining \nameref on input line 45.
--- file WebBook3.css ---
 [1

] [2

] [3]
LaTeX Font Info:    Try loading font information for U+msa on input line 56.

(/usr/local/texlive/2015/texmf-dist/tex/latex/amsfonts/umsa.fd
File: umsa.fd 2013/01/14 v3.01 AMS symbols A
)
LaTeX Font Info:    Try loading font information for U+msb on input line 56.

(/usr/local/texlive/2015/texmf-dist/tex/latex/amsfonts/umsb.fd
File: umsb.fd 2013/01/14 v3.01 AMS symbols B
) [1] [1]
\openout2 = `preface.aux'.


(./preface.tex (./WebBook3.4ct) [2

]

Package natbib Warning: Citation `kono07b' undefined on input line 32.


Package natbib Warning: Citation `gubbins07' undefined on input line 32.


Package natbib Warning: Citation `mcelhinny00' undefined on input line 35.


Package natbib Warning: Citation `dunlop97' undefined on input line 35.


Package natbib Warning: Citation `backus96' undefined on input line 35.


Package natbib Warning: Citation `fisher87' undefined on input line 35.


Package natbib Warning: Citation `voo93' undefined on input line 35.


Package natbib Warning: Citation `opdyke96' undefined on input line 35.

[3] [4]

LaTeX Warning: Reference `app:definitions' on page v undefined on input line 83
.


LaTeX Warning: Reference `app:eqarea' on page v undefined on input line 83.


LaTeX Warning: Reference `app:dirstics' on page v undefined on input line 83.


LaTeX Warning: Reference `app:anis' on page v undefined on input line 83.


LaTeX Warning: Reference `app:definitions' on page v undefined on input line 10
1.

[5]) [6] [7

] [8

]
--- file WebBook3li1.html ---
 (./WebBook3.4ct) [9] [1

]
\openout2 = `Chapters/chapter1.aux'.

 (./Chapters/chapter1.tex [2

] [3

]
[4

]
Chapter 1.
--- file WebBook3ch1.html ---

LaTeX Warning: Reference `app:definitions' on page 5 undefined on input line 25
.

[5] [6

]
l. 47 Writing WebBook3.idv[1] (WebBook30x.png)
File: EPSFiles/wire.eps Graphic file (type eps)
 <EPSFiles/wire.eps> [7

]

Package natbib Warning: Citation `jiles91' undefined on input line 52.

l. 84 Writing WebBook3.idv[2] (WebBook31x.png)

LaTeX Warning: Reference `app:nabla' on page 8 undefined on input line 97.

[8

]
l. 121 Writing WebBook3.idv[3] (WebBook32x.png)
 [9] [10

]
l. 129 Writing WebBook3.idv[4] (WebBook33x.png)
File: EPSfiles/moment.eps Graphic file (type eps)
 <EPSfiles/moment.eps> [11

]

Package natbib Warning: Citation `jiles91' undefined on input line 133.

[12

] [13

]
l. 146 Writing WebBook3.idv[5] (WebBook34x.png)
File: EPSfiles/barmagnetfield.eps Graphic file (type eps)
 <EPSfiles/barmagnetfield.eps> [14

]

Package natbib Warning: Citation `jiles91' undefined on input line 150.


Package natbib Warning: Citation `tipler99' undefined on input line 150.

l. 167 Writing WebBook3.idv[6] (WebBook35x.png)
[15

]

LaTeX Warning: Reference `app:vecmult' on page 16 undefined on input line 195.

[16] [17

]
l. 198 Writing WebBook3.idv[7] (WebBook36x.png)
File: EPSfiles/compass.eps Graphic file (type eps)
 <EPSfiles/compass.eps> [18

]
l. 217 Writing WebBook3.idv[8] (WebBook37x.png)
 [19

]
l. 254 Writing WebBook3.idv[9] (WebBook38x.png)
 [20] [21] [22

]
l. 276 Writing WebBook3.idv[10] (WebBook39x.png)
File: EPSfiles/pp.eps Graphic file (type eps)
 <EPSfiles/pp.eps>
[23

] [24

]

Package natbib Warning: Citation `cullity72' undefined on input line 283.

l. 292 Writing WebBook3.idv[11] (WebBook310x.png)
l. 302 Writing WebBook3.idv[12] (WebBook311x.png)
[25]
l. 307 Writing WebBook3.idv[13] (WebBook312x.png)
l. 320 Writing WebBook3.idv[14] (WebBook313x.png)
 [26]
l. 334 Writing WebBook3.idv[15] (WebBook314x.png)
 [27] [28] [29

] [30

]

LaTeX Warning: Reference `app:nabla' on page 31 undefined on input line 394.

[31

] [32

]
l. 405 Writing WebBook3.idv[16] (WebBook315x.png)
File: EPSfiles/divergence.eps Graphic file (type eps)
 <EPSfiles/divergence.eps> [33

]
l. 419 Writing WebBook3.idv[17] (WebBook316x.png)


LaTeX Warning: Reference `app:nabla' on page 34 undefined on input line 427.

l. 443 Writing WebBook3.idv[18] (WebBook317x.png)
[34

]
l. 452 Writing WebBook3.idv[19] (WebBook318x.png)
l. 457 Writing WebBook3.idv[20] (WebBook319x.png)
 [35] [36

]
l. 465 Writing WebBook3.idv[21] (WebBook320x.png)
File: EPSfiles/mH.eps Graphic file (type eps)
 <EPSfiles/mH.eps> [37

]

Package natbib Warning: Citation `glatzmaier95' undefined on input line 480.

[38

] [39

]
l. 494 Writing WebBook3.idv[22] (WebBook321x.png)
File: EPSfiles/discdynamo.eps Graphic file (type eps)
 <EPSfiles/discdynamo.eps> [40

]

Package natbib Warning: Citation `elsasser58' undefined on input line 498.


Package natbib Warning: Citation `butler92' undefined on input line 498.

l. 505 Writing WebBook3.idv[23] (WebBook322x.png)
[41

] [42]

Package natbib Warning: Citation `jiles91' undefined on input line 563.


Package natbib Warning: Citation `cullity72' undefined on input line 564.

[43]
l. 588 Writing WebBook3.idv[24] (WebBook323x.png)
 [44]
l. 592 Writing WebBook3.idv[25] (WebBook324x.png)
l. 598 Writing WebBook3.idv[26] (WebBook325x.png)
 [45]
Missing character: There is no Ð in font cmr8!
 [46] [47

]
l. 628 Writing WebBook3.idv[27] (WebBook326x.png)
File: EPSfiles/dipole.eps Graphic file (type eps)
 <EPSfiles/dipole.eps> [48

]) [49

] [50

]
\openout2 = `Chapters/chapter2.aux'.


(./Chapters/chapter2.tex [51

] [52

]
Chapter 2.
--- file WebBook3ch2.html ---
l.2 --- TeX4ht warning --- \Link{tailWebBook3ch2.html}? ---

LaTeX Warning: Reference `fig:coord' on page 53 undefined on input line 27.


LaTeX Warning: Reference `fig:coord' on page 53 undefined on input line 27.

[53

] [54

]
l. 32 Writing WebBook3.idv[28] (WebBook327x.png)
File: EPSfiles/components.eps Graphic file (type eps)
 <EPSfiles/components.eps>
! TeX capacity exceeded, sorry [input stack size=5000].
\Protect ->\let \prOteCt \pr:tc 
                                \ifx \prOteCt \pr:tc \let \prOteCt \relax \e...
l.38 \label{fig:coord}
                      
If you really absolutely need more capacity,
you can ask a wizard to enlarge me.

 
Here is how much of TeX's memory you used:
 9572 strings out of 493090
 129437 string characters out of 6134868
 2854323 words of memory out of 5000000
 12811 multiletter control sequences out of 15000+600000
 15547 words of font info for 57 fonts, out of 8000000 for 9000
 1141 hyphenation exceptions out of 8191
 5000i,11n,4990p,1579b,533s stack positions out of 5000i,500n,10000p,200000b,80000s
Output written on WebBook3.dvi (67 pages, 134812 bytes).
