 1  1.
 2  0.5
 3  0.333333343
 4  0.25
 5  0.200000003
 6  0.166666672
 7  0.142857149
 8  0.125
 9  0.111111112
 10  0.100000001
 11  0.0909090936
 12  0.0833333358
 13  0.0769230798
 14  0.0714285746
 15  0.0666666701
 16  0.0625
 17  0.0588235296
 18  0.055555556
 19  0.0526315793
 20  0.0500000007
 21  0.0476190485
 22  0.0454545468
 23  0.0434782617
 24  0.0416666679
 25  0.0399999991
 26  0.0384615399
 27  0.0370370373
 28  0.0357142873
 29  0.0344827585
 30  0.0333333351
 31  0.0322580636
 32  0.03125
 33  0.0303030312
 34  0.0294117648
 35  0.0285714287
 36  0.027777778
 37  0.0270270277
 38  0.0263157897
 39  0.025641026
 40  0.0250000004
 41  0.024390243
 42  0.0238095243
 43  0.0232558139
 44  0.0227272734
 45  0.0222222228
 46  0.0217391308
 47  0.0212765951
 48  0.020833334
 49  0.0204081628
 50  0.0199999996
 51  0.0196078438
 52  0.0192307699
 53  0.0188679248
 54  0.0185185187
 55  0.0181818176
 56  0.0178571437
 57  0.0175438598
 58  0.0172413792
 59  0.0169491526
 60  0.0166666675
 61  0.0163934417
 62  0.0161290318
 63  0.0158730168
 64  0.015625
 65  0.0153846154
 66  0.0151515156
 67  0.0149253728
 68  0.0147058824
 69  0.0144927539
 70  0.0142857144
 71  0.0140845068
 72  0.013888889
 73  0.01369863
 74  0.0135135138
 75  0.0133333337
 76  0.0131578948
 77  0.012987013
 78  0.012820513
 79  0.0126582282
 80  0.0125000002
 81  0.0123456791
 82  0.0121951215
 83  0.0120481923
 84  0.0119047621
 85  0.0117647061
 86  0.0116279069
 87  0.0114942528
 88  0.0113636367
 89  0.0112359552
 90  0.0111111114
 91  0.0109890113
 92  0.0108695654
 93  0.0107526882
 94  0.0106382975
 95  0.0105263162
 96  0.010416667
 97  0.010309278
 98  0.0102040814
 99  0.0101010101
 100  0.00999999978
 101  0.00990098994
 102  0.00980392192
 103  0.00970873795
 104  0.00961538497
 105  0.00952380989
 106  0.0094339624
 107  0.0093457941
 108  0.00925925933
 109  0.00917431153
 110  0.0090909088
 111  0.00900900923
 112  0.00892857183
 113  0.00884955749
 114  0.00877192989
 115  0.00869565178
 116  0.00862068962
 117  0.00854700897
 118  0.00847457629
 119  0.00840336177
 120  0.00833333377
 121  0.00826446246
 122  0.00819672085
 123  0.008130081
 124  0.00806451589
 125  0.00800000038
 126  0.00793650839
 127  0.00787401572
 128  0.0078125
 129  0.00775193796
 130  0.0076923077
 131  0.00763358781
 132  0.0075757578
 133  0.00751879718
 134  0.00746268639
 135  0.00740740728
 136  0.0073529412
 137  0.00729927002
 138  0.00724637695
 139  0.00719424477
 140  0.00714285718
 141  0.00709219836
 142  0.00704225339
 143  0.00699300691
 144  0.0069444445
 145  0.0068965517
 146  0.00684931502
 147  0.00680272095
 148  0.00675675692
 149  0.00671140943
 150  0.00666666683
 151  0.00662251655
 152  0.00657894742
 153  0.00653594779
 154  0.00649350649
 155  0.0064516128
 156  0.00641025649
 157  0.00636942685
 158  0.00632911408
 159  0.00628930796
 160  0.00625000009
 161  0.00621118024
 162  0.00617283955
 163  0.00613496918
 164  0.00609756075
 165  0.00606060587
 166  0.00602409616
 167  0.00598802418
 168  0.00595238106
 169  0.00591715984
 170  0.00588235306
 171  0.00584795326
 172  0.00581395347
 173  0.00578034669
 174  0.00574712642
 175  0.00571428565
 176  0.00568181835
 177  0.00564971752
 178  0.00561797759
 179  0.00558659201
 180  0.00555555569
 181  0.00552486209
 182  0.00549450563
 183  0.00546448072
 184  0.00543478271
 185  0.00540540554
 186  0.00537634408
 187  0.00534759369
 188  0.00531914877
 189  0.00529100513
 190  0.00526315812
 191  0.00523560215
 192  0.00520833349
 193  0.00518134702
 194  0.00515463902
 195  0.00512820529
 196  0.00510204071
 197  0.00507614203
 198  0.00505050505
 199  0.00502512557
 200  0.00499999989
 201  0.00497512426
 202  0.00495049497
 203  0.00492610829
 204  0.00490196096
 205  0.00487804879
 206  0.00485436898
 207  0.00483091781
 208  0.00480769249
 209  0.00478468882
 210  0.00476190494
 211  0.00473933667
 212  0.0047169812
 213  0.00469483575
 214  0.00467289705
 215  0.00465116277
 216  0.00462962966
 217  0.00460829493
 218  0.00458715577
 219  0.00456620986
 220  0.0045454544
 221  0.00452488707
 222  0.00450450461
 223  0.00448430516
 224  0.00446428591
 225  0.00444444455
 226  0.00442477874
 227  0.00440528616
 228  0.00438596494
 229  0.0043668123
 230  0.00434782589
 231  0.00432900432
 232  0.00431034481
 233  0.00429184549
 234  0.00427350448
 235  0.00425531901
 236  0.00423728814
 237  0.00421940908
 238  0.00420168089
 239  0.00418410031
 240  0.00416666688
 241  0.00414937781
 242  0.00413223123
 243  0.00411522621
 244  0.00409836043
 245  0.00408163248
 246  0.0040650405
 247  0.0040485831
 248  0.00403225794
 249  0.00401606411
 250  0.00400000019
 251  0.00398406386
 252  0.0039682542
 253  0.00395256933
 254  0.00393700786
 255  0.00392156886
 256  0.00390625
 257  0.00389105058
 258  0.00387596898
 259  0.00386100379
 260  0.00384615385
 261  0.00383141753
 262  0.00381679391
 263  0.00380228134
 264  0.0037878789
 265  0.00377358496
 266  0.00375939859
 267  0.00374531839
 268  0.0037313432
 269  0.00371747208
 270  0.00370370364
 271  0.00369003695
 272  0.0036764706
 273  0.00366300368
 274  0.00364963501
 275  0.00363636366
 276  0.00362318847
 277  0.00361010828
 278  0.00359712238
 279  0.00358422939
 280  0.00357142859
 281  0.00355871883
 282  0.00354609918
 283  0.00353356893
 284  0.00352112669
 285  0.003508772
 286  0.00349650346
 287  0.00348432059
 288  0.00347222225
 289  0.00346020772
 290  0.00344827585
 291  0.00343642617
 292  0.00342465751
 293  0.00341296918
 294  0.00340136047
 295  0.00338983047
 296  0.00337837846
 297  0.00336700329
 298  0.00335570471
 299  0.00334448158
 300  0.00333333341
 301  0.00332225906
 302  0.00331125828
 303  0.00330033014
 304  0.00328947371
 305  0.00327868853
 306  0.00326797389
 307  0.00325732888
 308  0.00324675324
 309  0.00323624606
 310  0.0032258064
 311  0.00321543403
 312  0.00320512825
 313  0.00319488812
 314  0.00318471342
 315  0.00317460322
 316  0.00316455704
 317  0.00315457419
 318  0.00314465398
 319  0.00313479616
 320  0.00312500005
 321  0.0031152647
 322  0.00310559012
 323  0.00309597515
 324  0.00308641978
 325  0.00307692308
 326  0.00306748459
 327  0.00305810408
 328  0.00304878037
 329  0.00303951371
 330  0.00303030293
 331  0.00302114803
 332  0.00301204808
 333  0.00300300308
 334  0.00299401209
 335  0.00298507465
 336  0.00297619053
 337  0.00296735903
 338  0.00295857992
 339  0.0029498525
 340  0.00294117653
 341  0.00293255132
 342  0.00292397663
 343  0.002915452
 344  0.00290697673
 345  0.00289855083
 346  0.00289017335
 347  0.0028818443
 348  0.00287356321
 349  0.00286532962
 350  0.00285714283
 351  0.00284900283
 352  0.00284090918
 353  0.00283286115
 354  0.00282485876
 355  0.00281690131
 356  0.00280898879
 357  0.00280112051
 358  0.00279329601
 359  0.00278551527
 360  0.00277777785
 361  0.00277008303
 362  0.00276243105
 363  0.00275482098
 364  0.00274725282
 365  0.0027397261
 366  0.00273224036
 367  0.0027247956
 368  0.00271739135
 369  0.00271002715
 370  0.00270270277
 371  0.00269541773
 372  0.00268817204
 373  0.00268096523
 374  0.00267379684
 375  0.00266666664
 376  0.00265957438
 377  0.00265251985
 378  0.00264550257
 379  0.00263852254
 380  0.00263157906
 381  0.00262467191
 382  0.00261780107
 383  0.0026109661
 384  0.00260416674
 385  0.00259740255
 386  0.00259067351
 387  0.0025839794
 388  0.00257731951
 389  0.00257069408
 390  0.00256410264
 391  0.00255754474
 392  0.00255102036
 393  0.00254452927
 394  0.00253807101
 395  0.00253164559
 396  0.00252525252
 397  0.00251889159
 398  0.00251256279
 399  0.00250626565
 400  0.00249999994
