This is pdfTeXk, Version 3.1415926-1.40.9 (Web2C 7.5.7) (format=pdflatex 2008.8.22)  4 NOV 2008 09:33
entering extended mode
\write18 enabled.
 %&-line parsing enabled.
**chapter16.tex
(./chapter16.tex
LaTeX2e <2005/12/01>
Babel <v3.8l> and hyphenation patterns for english, usenglishmax, dumylang, noh
yphenation, german-x-2008-06-18, ngerman-x-2008-06-18, ancientgreek, ibycus, ar
abic, basque, bulgarian, catalan, pinyin, coptic, croatian, czech, danish, dutc
h, esperanto, estonian, farsi, finnish, french, galician, german, ngerman, mono
greek, greek, hungarian, icelandic, indonesian, interlingua, irish, italian, la
tin, mongolian, mongolian2a, bokmal, nynorsk, polish, portuguese, romanian, rus
sian, sanskrit, serbian, slovak, slovenian, spanish, swedish, turkish, ukenglis
h, ukrainian, uppersorbian, welsh, loaded.
! Undefined control sequence.
l.2 \chapter
            {Apparent Polar Wander Paths and tectonic applications}
? 
! Emergency stop.
l.2 \chapter
            {Apparent Polar Wander Paths and tectonic applications}
End of file on the terminal!

 
Here is how much of TeX's memory you used:
 5 strings out of 493886
 131 string characters out of 1151099
 48889 words of memory out of 3000000
 3378 multiletter control sequences out of 10000+50000
 3640 words of font info for 14 fonts, out of 3000000 for 5000
 714 hyphenation exceptions out of 8191
 5i,0n,1p,79b,8s stack positions out of 5000i,500n,10000p,200000b,50000s
!  ==> Fatal error occurred, no output PDF file produced!
