 1  0.000177979469
 2  0.000356018543
 3  0.000534027757
 4  0.000712036912
 5  0.000890016265
 6  0.00106802525
 7  0.00124603417
 8  0.00142404297
 9  0.00160205155
 10  0.00178008969
 11  0.00195809826
 12  0.00213607657
 13  0.00231405487
 14  0.00249206251
 15  0.00267006992
 16  0.0028481069
 17  0.00302608428
 18  0.00320409075
 19  0.00338209723
 20  0.00356013305
 21  0.00373807945
 22  0.00391608477
 23  0.00409408985
 24  0.00427212426
 25  0.00445012795
 26  0.00462813163
 27  0.00480610551
 28  0.00498413807
 29  0.00516211055
 30  0.00534008257
 31  0.00551814353
 32  0.00569611508
 33  0.00587411551
 34  0.00605208473
 35  0.00623014383
 36  0.00640814286
 37  0.00658614049
 38  0.00676413812
 39  0.00694210501
 40  0.00712010078
 41  0.00729809562
 42  0.00747609138
 43  0.00765411463
 44  0.00783210713
 45  0.00801010057
 46  0.00818806235
 47  0.00836608279
 48  0.00854410324
 49  0.00872206315
 50  0.00890005194
 51  0.00907803886
 52  0.00925605651
 53  0.0094340127
 54  0.00961202662
 55  0.00979004055
 56  0.00996802375
 57  0.010146006
 58  0.0103239575
 59  0.0105019389
 60  0.0106799183
 61  0.0108579556
 62  0.0110358726
 63  0.01121388
 64  0.0113919144
 65  0.0115698576
 66  0.0117478603
 67  0.0119258324
 68  0.0121038044
 69  0.0122818025
 70  0.0124597419
 71  0.0126377679
 72  0.0128157344
 73  0.0129936691
 74  0.0131716626
 75  0.013349684
 76  0.013527615
 77  0.0137056056
 78  0.0138835926
 79  0.0140615497
 80  0.0142394779
 81  0.0144174611
 82  0.0145954434
 83  0.0147733968
 84  0.0149513753
 85  0.0151293548
 86  0.0153073017
 87  0.0154852476
 88  0.0156632215
 89  0.0158411935
 90  0.0160191376
 91  0.0161971357
 92  0.0163750444
 93  0.0165530127
 94  0.016731007
 95  0.0169089399
 96  0.0170869008
 97  0.0172648337
 98  0.0174428187
 99  0.0176207498
 100  0.0177987032
 101  0.0179766268
 102  0.0181546081
 103  0.0183325298
 104  0.0185104795
 105  0.0186884534
 106  0.0188663695
 107  0.0190443117
 108  0.0192222539
 109  0.0194001924
 110  0.0195781309
 111  0.0197560955
 112  0.0199340004
 113  0.0201119334
 114  0.0202898625
 115  0.0204678196
 116  0.0206457172
 117  0.0208236687
 118  0.0210016221
 119  0.0211795438
 120  0.0213574618
 121  0.0215354078
 122  0.021713322
 123  0.0218912344
 124  0.0220691431
 125  0.0222470816
 126  0.0224249884
 127  0.0226028915
 128  0.0227807947
 129  0.022958722
 130  0.0231366195
 131  0.0233145729
 132  0.0234924369
 133  0.0236703567
 134  0.0238482468
 135  0.0240261927
 136  0.0242040455
 137  0.0243819579
 138  0.0245598368
 139  0.0247377716
 140  0.0249156766
 141  0.0250935797
 142  0.0252714474
 143  0.0254493747
 144  0.0256272107
 145  0.0258051641
 146  0.0259830225
 147  0.0261609089
 148  0.0263387915
 149  0.0265166759
 150  0.0266945288
 151  0.0268724058
 152  0.0270502772
 153  0.0272281524
 154  0.0274060499
 155  0.0275839176
 156  0.0277617835
 157  0.0279396139
 158  0.0281175021
 159  0.0282953884
 160  0.0284732152
 161  0.0286511239
 162  0.0288290009
 163  0.0290068444
 164  0.0291846897
 165  0.0293625016
 166  0.0295403693
 167  0.0297182035
 168  0.0298960935
 169  0.0300739519
 170  0.0302518066
 171  0.0304296315
 172  0.030607421
 173  0.0307852663
 174  0.0309631117
 175  0.0311409235
 176  0.0313187912
 177  0.0314966254
 178  0.0316744298
 179  0.0318522863
 180  0.032030087
 181  0.03220791
 182  0.0323856995
 183  0.0325635448
 184  0.0327413864
 185  0.0329191983
 186  0.0330969766
 187  0.0332748108
 188  0.0334526412
 189  0.0336304381
 190  0.0338082053
 191  0.0339860246
 192  0.034163814
 193  0.0343415998
 194  0.0345194153
 195  0.0346972197
 196  0.034874998
 197  0.0350527689
 198  0.0352305956
 199  0.0354083627
 200  0.035586156
 201  0.0357638821
 202  0.0359416679
 203  0.0361194536
 204  0.036297258
 205  0.0364750028
 206  0.0366527773
 207  0.0368305445
 208  0.037008334
 209  0.0371860676
 210  0.0373638235
 211  0.0375415497
 212  0.0377193578
 213  0.0378971063
 214  0.038074851
 215  0.0382525884
 216  0.0384303518
 217  0.0386080854
 218  0.0387858152
 219  0.0389635377
 220  0.0391412936
 221  0.0393190086
 222  0.0394967198
 223  0.0396744907
 224  0.0398522243
 225  0.0400299281
 226  0.0402076282
 227  0.0403853841
 228  0.0405631028
 229  0.0407407917
 230  0.0409184769
 231  0.0410961807
 232  0.0412738882
 233  0.0414515585
 234  0.0416292883
 235  0.0418070108
 236  0.0419846997
 237  0.0421624146
 238  0.0423400663
 239  0.0425177477
 240  0.042695418
 241  0.0428731181
 242  0.0430508144
 243  0.0432284698
 244  0.0434061252
 245  0.0435838103
 246  0.0437614881
 247  0.0439391322
 248  0.0441167764
 249  0.044294443
 250  0.0444721021
 251  0.044649791
 252  0.0448274165
 253  0.0450050645
 254  0.0451827049
 255  0.0453603752
 256  0.0455379561
 257  0.0457156189
 258  0.0458932742
 259  0.0460708663
 260  0.0462485142
 261  0.0464261323
 262  0.046603743
 263  0.0467813797
 264  0.0469589792
 265  0.0471365713
 266  0.0473142229
 267  0.0474917851
 268  0.0476693995
 269  0.0478470325
 270  0.0480245836
 271  0.0482021794
 272  0.0483797751
 273  0.0485573933
 274  0.0487349778
 275  0.0489125885
 276  0.0490901358
 277  0.0492676832
 278  0.0494452789
 279  0.0496228412
 280  0.049800422
 281  0.0499779508
 282  0.0501555279
 283  0.0503331311
 284  0.0505106375
 285  0.0506882034
 286  0.0508657321
 287  0.0510432571
 288  0.0512208343
 289  0.0513983816
 290  0.0515758842
 291  0.051753398
 292  0.0519309528
 293  0.0521084778
 294  0.0522860251
 295  0.0524635129
 296  0.0526410192
 297  0.0528185256
 298  0.0529960841
 299  0.0531735234
 300  0.0533510409
 301  0.0535285845
 302  0.053706035
 303  0.0538835414
 304  0.0540610105
 305  0.0542384721
 306  0.0544159934
 307  0.0545934737
 308  0.0547709279
 309  0.0549484231
 310  0.0551258959
 311  0.0553033538
 312  0.0554807894
 313  0.0556582622
 314  0.0558357425
 315  0.056013152
 316  0.056190595
 317  0.0563680567
 318  0.0565454774
 319  0.056722898
 320  0.0569003411
 321  0.0570777841
 322  0.0572551824
 323  0.0574326403
 324  0.0576100126
 325  0.0577874258
 326  0.0579648986
 327  0.0581422448
 328  0.0583196767
 329  0.058497075
 330  0.0586744919
 331  0.0588518456
 332  0.0590292253
 333  0.0592066571
 334  0.0593839996
 335  0.0595613904
 336  0.0597387478
 337  0.0599160939
 338  0.0600934699
 339  0.0602708384
 340  0.0604481734
 341  0.0606255569
 342  0.0608029366
 343  0.0609802566
 344  0.0611575991
 345  0.0613349304
 346  0.0615122877
 347  0.0616896115
 348  0.0618669018
 349  0.062044248
 350  0.0622215457
 351  0.0623989068
 352  0.0625761747
 353  0.0627534911
 354  0.0629307702
 355  0.0631081089
 356  0.063285403
 357  0.063462697
 358  0.0636399835
 359  0.0638172701
 360  0.0639945716
 361  0.0641718432
 362  0.0643490776
 363  0.0645263642
 364  0.0647036135
 365  0.0648808554
 366  0.065058127
 367  0.0652353838
 368  0.0654126182
 369  0.0655898899
 370  0.0657670796
 371  0.0659443215
 372  0.066121608
 373  0.0662988052
 374  0.0664760247
 375  0.0666532367
 376  0.0668304712
 377  0.0670076385
 378  0.0671848357
 379  0.0673620701
 380  0.06753923
 381  0.0677164271
 382  0.0678936318
 383  0.0680708513
 384  0.0682479814
 385  0.0684251562
 386  0.0686023533
 387  0.0687794909
 388  0.0689566433
 389  0.0691338032
 390  0.0693110079
 391  0.0694881156
 392  0.0696652532
 393  0.0698424354
 394  0.0700195208
 395  0.0701966658
 396  0.0703737959
 397  0.0705509633
 398  0.0707280189
 399  0.0709051341
 400  0.0710822716
 401  0.0712593496
 402  0.0714364797
 403  0.0716135576
 404  0.0717906132
 405  0.071967721
 406  0.0721448213
 407  0.0723219365
 408  0.0724989623
 409  0.0726760402
 410  0.0728531182
 411  0.073030144
 412  0.073207207
 413  0.0733842477
 414  0.0735612959
 415  0.0737383589
 416  0.0739153847
 417  0.0740924105
 418  0.0742694214
 419  0.0744464621
 420  0.0746234953
 421  0.0748004913
 422  0.0749775022
 423  0.0751545131
 424  0.0753315091
 425  0.0755084828
 426  0.0756854638
 427  0.0758624822
 428  0.076039426
 429  0.076216422
 430  0.0763934031
 431  0.0765703544
 432  0.0767473057
 433  0.0769242644
 434  0.0771012008
 435  0.0772781596
 436  0.0774550959
 437  0.0776320621
 438  0.0778089687
 439  0.0779858604
 440  0.0781628042
 441  0.0783397108
 442  0.0785166174
 443  0.0786935389
 444  0.0788704529
 445  0.0790473223
 446  0.0792242587
 447  0.0794010907
 448  0.0795779824
 449  0.0797548816
 450  0.0799317285
 451  0.0801085904
 452  0.0802854449
 453  0.0804623589
 454  0.0806392208
 455  0.0808160529
 456  0.0809928849
 457  0.0811697245
 458  0.081346564
 459  0.0815233663
 460  0.0817001611
 461  0.0818770081
 462  0.0820538178
 463  0.0822305903
 464  0.0824074149
 465  0.0825841948
 466  0.0827609748
 467  0.0829378068
 468  0.0831145868
 469  0.0832913518
 470  0.0834680945
 471  0.0836448967
 472  0.0838216469
 473  0.0839983672
 474  0.084175095
 475  0.0843518525
 476  0.0845285803
 477  0.0847053304
 478  0.0848821029
 479  0.0850588009
 480  0.0852355063
 481  0.0854121894
 482  0.0855889022
 483  0.0857656077
 484  0.085942328
 485  0.0861189514
 486  0.0862956569
 487  0.0864723548
 488  0.086649023
 489  0.0868256614
 490  0.087002337
 491  0.0871790126
 492  0.0873556957
 493  0.0875323117
 494  0.08770895
 495  0.087885581
 496  0.0880621821
 497  0.0882388577
 498  0.088415429
 499  0.0885920674
 500  0.0887686536
