 1  0.00142404297
 2  0.0028481069
 3  0.00427212426
 4  0.00569611508
 5  0.00712010078
 6  0.00854410324
 7  0.00996802375
 8  0.0113919144
 9  0.0128157344
 10  0.0142394779
 11  0.0156632215
 12  0.0170869008
 13  0.0185104795
 14  0.0199340004
 15  0.0213574618
 16  0.0227807947
 17  0.0242040455
 18  0.0256272107
 19  0.0270502772
 20  0.0284732152
 21  0.0298960935
 22  0.0313187912
 23  0.0327413864
 24  0.034163814
 25  0.035586156
 26  0.037008334
 27  0.0384303518
 28  0.0398522243
 29  0.0412738882
 30  0.042695418
 31  0.0441167764
 32  0.0455379561
 33  0.0469589792
 34  0.0483797751
 35  0.049800422
 36  0.0512208343
 37  0.0526410192
 38  0.0540610105
 39  0.0554807894
 40  0.0569003411
 41  0.0583196767
 42  0.0597387478
 43  0.0611575991
 44  0.0625761747
 45  0.0639945716
 46  0.0654126182
 47  0.0668304712
 48  0.0682479814
 49  0.0696652532
 50  0.0710822716
 51  0.0724989623
 52  0.0739153847
 53  0.0753315091
 54  0.0767473057
 55  0.0781628042
 56  0.0795779824
 57  0.0809928849
 58  0.0824074149
 59  0.0838216469
 60  0.0852355063
 61  0.086649023
 62  0.0880621821
 63  0.0894750208
 64  0.0908875242
 65  0.0922996402
 66  0.0937113017
 67  0.0951226354
 68  0.096533604
 69  0.0979442
 70  0.0993544459
 71  0.100764193
 72  0.102173582
 73  0.103582561
 74  0.104991116
 75  0.106399275
 76  0.107806996
 77  0.109214231
 78  0.11062108
 79  0.112027511
 80  0.113433413
 81  0.114838921
 82  0.116243981
 83  0.117648542
 84  0.119052634
 85  0.120456256
 86  0.121859394
 87  0.123262078
 88  0.124664262
 89  0.126065895
 90  0.127467036
 91  0.128867686
 92  0.130267873
 93  0.13166745
 94  0.13306655
 95  0.134465143
 96  0.13586317
 97  0.137260631
 98  0.138657585
 99  0.140053988
 100  0.141449809
 101  0.142845094
 102  0.144239768
 103  0.145633951
 104  0.147027448
 105  0.148420468
 106  0.149812818
 107  0.151204616
 108  0.152595788
 109  0.153986394
 110  0.155376375
 111  0.156765714
 112  0.158154458
 113  0.15954259
 114  0.160930082
 115  0.162316948
 116  0.163703129
 117  0.165088654
 118  0.166473582
 119  0.167857841
 120  0.169241458
 121  0.170624405
 122  0.172006622
 123  0.173388168
 124  0.174769104
 125  0.176149309
 126  0.177528799
 127  0.178907618
 128  0.180285737
 129  0.181663141
 130  0.183039844
 131  0.184415802
 132  0.185791045
 133  0.187165573
 134  0.188539356
 135  0.189912438
 136  0.191284746
 137  0.192656323
 138  0.194027156
 139  0.195397213
 140  0.196766496
 141  0.198135033
 142  0.199502736
 143  0.200869784
 144  0.202235982
 145  0.203601375
 146  0.204965964
 147  0.206329808
 148  0.207692817
 149  0.209055051
 150  0.210416466
 151  0.211777061
 152  0.213136792
 153  0.214495748
 154  0.215853885
 155  0.217211112
 156  0.218567565
 157  0.219923183
 158  0.221277893
 159  0.222631812
 160  0.223984838
 161  0.225336999
 162  0.226688311
 163  0.228038728
 164  0.229388267
 165  0.230736941
 166  0.232084736
 167  0.233431667
 168  0.234777659
 169  0.236122757
 170  0.237466976
 171  0.238810256
 172  0.240152612
 173  0.24149406
 174  0.242834613
 175  0.244174227
 176  0.245512888
 177  0.246850654
 178  0.248187467
 179  0.249523327
 180  0.250858217
 181  0.252192169
 182  0.253525168
 183  0.254857183
 184  0.256188273
 185  0.257518321
 186  0.258847505
 187  0.260175586
 188  0.261502773
 189  0.262828946
 190  0.264154166
 191  0.265478283
 192  0.266801476
 193  0.268123716
 194  0.269444853
 195  0.270764977
 196  0.272084117
 197  0.273402244
 198  0.274719328
 199  0.276035428
 200  0.277350366
 201  0.27866444
 202  0.279977292
 203  0.28128922
 204  0.282600045
 205  0.283909857
 206  0.285218596
 207  0.286526263
 208  0.287832856
 209  0.289138377
 210  0.290442884
 211  0.291746289
 212  0.293048531
 213  0.29434973
 214  0.295649886
 215  0.29694888
 216  0.298246801
 217  0.299543619
 218  0.300839394
 219  0.302133948
 220  0.303427488
 221  0.304719776
 222  0.306011081
 223  0.307301223
 224  0.308590204
 225  0.309878141
 226  0.311164856
 227  0.312450469
 228  0.313734859
 229  0.315018177
 230  0.316300362
 231  0.317581356
 232  0.318861187
 233  0.320139855
 234  0.321417361
 235  0.322693765
 236  0.323968887
 237  0.325242877
 238  0.326515645
 239  0.32778734
 240  0.329057842
 241  0.330327004
 242  0.331595123
 243  0.33286196
 244  0.334127635
 245  0.335392088
 246  0.336655378
 247  0.337917417
 248  0.339178205
 249  0.340437829
 250  0.341696233
 251  0.342953444
 252  0.344209373
 253  0.345464051
 254  0.346717536
 255  0.347969741
 256  0.349220783
 257  0.350470513
 258  0.351718992
 259  0.352966309
 260  0.354212254
 261  0.355457067
 262  0.35670051
 263  0.35794276
 264  0.359183758
 265  0.360423386
 266  0.361661822
 267  0.362898976
 268  0.364134848
 269  0.365369409
 270  0.366602659
 271  0.367834747
 272  0.369065493
 273  0.370294899
 274  0.371523052
 275  0.372749895
 276  0.373975456
 277  0.375199616
 278  0.376422554
 279  0.377644181
 280  0.378864527
 281  0.380083442
 282  0.381301105
 283  0.382517457
 284  0.383732468
 285  0.384946167
 286  0.386158526
 287  0.387369573
 288  0.388579279
 289  0.389787614
 290  0.390994608
 291  0.392200291
 292  0.393404573
 293  0.394607633
 294  0.395809203
 295  0.397009492
 296  0.39820838
 297  0.399405926
 298  0.400602102
 299  0.401796967
 300  0.40299046
 301  0.404182523
 302  0.405373275
 303  0.406562567
 304  0.407750577
 305  0.408937186
 306  0.410122395
 307  0.411306262
 308  0.412488699
 309  0.413669676
 310  0.414849371
 311  0.416027665
 312  0.417204559
 313  0.418380022
 314  0.419554085
 315  0.420726746
 316  0.421898037
 317  0.423067927
 318  0.424236357
 319  0.425403416
 320  0.426569045
 321  0.427733302
 322  0.428896099
 323  0.430057436
 324  0.431217402
 325  0.432375938
 326  0.433533072
 327  0.434688747
 328  0.435842991
 329  0.436995834
 330  0.438147157
 331  0.43929714
 332  0.440445602
 333  0.441592753
 334  0.442738354
 335  0.443882525
 336  0.445025265
 337  0.446166575
 338  0.447306424
 339  0.448444843
 340  0.449581802
 341  0.450717211
 342  0.451851249
 343  0.452983826
 344  0.454114914
 345  0.455244541
 346  0.456372797
 347  0.457499474
 348  0.45862475
 349  0.459748507
 350  0.460870802
 351  0.461991668
 352  0.463111073
 353  0.464228958
 354  0.465345353
 355  0.466460317
 356  0.467573792
 357  0.468685716
 358  0.46979624
 359  0.470905185
 360  0.472012758
 361  0.473118782
 362  0.474223316
 363  0.475326359
 364  0.476427913
 365  0.477527946
 366  0.478626549
 367  0.479723603
 368  0.480819225
 369  0.481913358
 370  0.483005762
 371  0.484096855
 372  0.485186487
 373  0.4862746
 374  0.487361103
 375  0.488446206
 376  0.489529699
 377  0.490611821
 378  0.491692215
 379  0.492771238
 380  0.49384883
 381  0.494924784
 382  0.495999247
 383  0.49707216
 384  0.498143613
 385  0.499213576
 386  0.50028187
 387  0.501348794
 388  0.502414167
 389  0.503477991
 390  0.504540324
 391  0.505600989
 392  0.506660342
 393  0.507718086
 394  0.508774221
 395  0.509828866
 396  0.51088202
 397  0.511933684
 398  0.512983739
 399  0.514032125
 400  0.51507926
 401  0.516124785
 402  0.517168641
 403  0.518211007
 404  0.519251883
 405  0.520291209
 406  0.521328986
 407  0.522365272
 408  0.523399949
 409  0.524433076
 410  0.525464773
 411  0.526494861
 412  0.527523398
 413  0.528550327
 414  0.529575765
 415  0.530599713
 416  0.531621993
 417  0.532642841
 418  0.533662081
 419  0.53467977
 420  0.53569603
 421  0.53671056
 422  0.53772366
 423  0.538735211
 424  0.539745152
 425  0.540753543
 426  0.541760385
 427  0.542765677
 428  0.543769419
 429  0.544771612
 430  0.545772374
 431  0.546771467
 432  0.54776895
 433  0.548764884
 434  0.549759328
 435  0.550752223
 436  0.551743567
 437  0.552733362
 438  0.553721488
 439  0.554708123
 440  0.555693209
 441  0.556676745
 442  0.557658672
 443  0.558639109
 444  0.559617996
 445  0.560595274
 446  0.561571121
 447  0.56254518
 448  0.563517869
 449  0.564488888
 450  0.565458477
 451  0.566426277
 452  0.567392647
 453  0.568357468
 454  0.569320858
 455  0.570282459
 456  0.57124263
 457  0.572201192
 458  0.573158205
 459  0.574113667
 460  0.57506758
 461  0.576019883
 462  0.576970637
 463  0.577919841
 464  0.578867495
 465  0.57981354
 466  0.580758035
 467  0.58170104
 468  0.582642496
 469  0.583582282
 470  0.584520578
 471  0.585457325
 472  0.586392403
 473  0.587326109
 474  0.588258088
 475  0.589188635
 476  0.590117514
 477  0.591044784
 478  0.591970682
 479  0.592894912
 480  0.593817592
 481  0.594738662
 482  0.595658302
 483  0.596576273
 484  0.597492814
 485  0.598407626
 486  0.599320948
 487  0.60023272
 488  0.601142943
 489  0.602051616
 490  0.60295862
 491  0.603864193
 492  0.604768217
 493  0.605670631
 494  0.606571496
 495  0.60747087
 496  0.608368635
 497  0.609264851
 498  0.610159457
 499  0.611052632
 500  0.611944139
