 1  0.00480610551
 2  0.00961202662
 3  0.0144174611
 4  0.0192222539
 5  0.0240261927
 6  0.0288289413
 7  0.0336304381
 8  0.0384303518
 9  0.0432284698
 10  0.0480245836
 11  0.0528185256
 12  0.0576100126
 13  0.0623989068
 14  0.0671848357
 15  0.071967721
 16  0.0767473057
 17  0.0815233663
 18  0.0862956569
 19  0.0910640061
 20  0.0958282202
 21  0.100587986
 22  0.105343178
 23  0.110093534
 24  0.114838921
 25  0.119579032
 26  0.124313712
 27  0.12904273
 28  0.133765921
 29  0.138483033
 30  0.143193811
 31  0.147898138
 32  0.152595788
 33  0.157286555
 34  0.161970243
 35  0.166646689
 36  0.171315581
 37  0.175976813
 38  0.180630118
 39  0.185275391
 40  0.189912438
 41  0.194540977
 42  0.199160904
 43  0.203771994
 44  0.208374009
 45  0.212966859
 46  0.217550322
 47  0.222124174
 48  0.226688311
 49  0.231242463
 50  0.235786557
 51  0.240320355
 52  0.244843617
 53  0.249356374
 54  0.253858179
 55  0.25834915
 56  0.262828946
 57  0.267297387
 58  0.271754414
 59  0.276199788
 60  0.28063336
 61  0.285055041
 62  0.289464623
 63  0.293861926
 64  0.298246771
 65  0.302619129
 66  0.306978792
 67  0.31132558
 68  0.315659404
 69  0.319980085
 70  0.324287504
 71  0.328581512
 72  0.33286196
 73  0.337128729
 74  0.341381758
 75  0.345620781
 76  0.349845797
 77  0.354056597
 78  0.358253092
 79  0.362435162
 80  0.366602659
 81  0.370755583
 82  0.374893665
 83  0.379016936
 84  0.383125097
 85  0.387218237
 86  0.391296148
 87  0.395358771
 88  0.399405926
 89  0.403437644
 90  0.407453716
 91  0.411454082
 92  0.415438622
 93  0.419407398
 94  0.423360139
 95  0.427296817
 96  0.431217402
 97  0.435121685
 98  0.439009726
 99  0.442881405
 100  0.446736664
 101  0.450575322
 102  0.45439744
 103  0.458202928
 104  0.461991638
 105  0.465763509
 106  0.469518751
 107  0.473256886
 108  0.476978093
 109  0.480682284
 110  0.484369457
 111  0.488039434
 112  0.491692215
 113  0.49532783
 114  0.49894619
 115  0.502547145
 116  0.506130755
 117  0.50969708
 118  0.513246
 119  0.516777337
 120  0.520291209
 121  0.523787498
 122  0.527266383
 123  0.530727565
 124  0.534171224
 125  0.537597001
 126  0.541005373
 127  0.544395924
 128  0.547768891
 129  0.551124156
 130  0.554461539
 131  0.557781339
 132  0.561083317
 133  0.564367652
 134  0.567633986
 135  0.570882618
 136  0.574113667
 137  0.577326775
 138  0.58052212
 139  0.583699584
 140  0.586859465
 141  0.590001464
 142  0.593125641
 143  0.596232235
 144  0.599320889
 145  0.602391958
 146  0.605445087
 147  0.608480632
 148  0.611498475
 149  0.614498615
 150  0.617481172
 151  0.620445967
 152  0.623393178
 153  0.626322746
 154  0.629234791
 155  0.632129252
 156  0.63500613
 157  0.637865603
 158  0.640707433
 159  0.643531919
 160  0.646339059
 161  0.649128675
 162  0.651901066
 163  0.654655993
 164  0.657393754
 165  0.660114229
 166  0.662817538
 167  0.665503681
 168  0.668172598
 169  0.670824468
 170  0.673459291
 171  0.676077247
 172  0.678678036
 173  0.681262076
 174  0.683829188
 175  0.686379433
 176  0.688912988
 177  0.691429675
 178  0.693929911
 179  0.696413398
 180  0.698880315
 181  0.701330781
 182  0.703764677
 183  0.706182241
 184  0.708583355
 185  0.710968375
 186  0.713336945
 187  0.715689421
 188  0.718025744
 189  0.720345974
 190  0.722650349
 191  0.724938631
 192  0.727210999
 193  0.729467571
 194  0.731708407
 195  0.733933449
 196  0.736142993
 197  0.738336921
 198  0.740515232
 199  0.742678225
 200  0.74482578
 201  0.746957898
 202  0.749074936
 203  0.751176715
 204  0.753263354
 205  0.755334914
 206  0.757391512
 207  0.75943321
 208  0.761460066
 209  0.763472199
 210  0.765469551
 211  0.76745218
 212  0.769420385
 213  0.771373928
 214  0.773313165
 215  0.775237978
 216  0.777148604
 217  0.779044867
 218  0.780927062
 219  0.78279525
 220  0.784649372
 221  0.786489546
 222  0.788315833
 223  0.79012835
 224  0.791927218
 225  0.793712318
 226  0.795483947
 227  0.797242045
 228  0.798986733
 229  0.800718069
 230  0.802436113
 231  0.804141045
 232  0.805832744
 233  0.807511389
 234  0.80917716
 235  0.810829937
 236  0.812469959
 237  0.814097226
 238  0.815711677
 239  0.817313612
 240  0.818902969
 241  0.820479929
 242  0.822044432
 243  0.823596597
 244  0.825136602
 245  0.826664448
 246  0.828180194
 247  0.8296839
 248  0.831175566
 249  0.83265543
 250  0.834123552
 251  0.835579991
 252  0.837024689
 253  0.838457823
 254  0.839879453
 255  0.84128958
 256  0.842688441
 257  0.844075978
 258  0.845452428
 259  0.846817672
 260  0.848171711
 261  0.849514842
 262  0.850847185
 263  0.852168441
 264  0.853479087
 265  0.854778945
 266  0.856068194
 267  0.857346833
 268  0.858614981
 269  0.859872818
 270  0.861120224
 271  0.862357318
 272  0.86358434
 273  0.86480099
 274  0.866007745
 275  0.867204487
 276  0.868391275
 277  0.869568169
 278  0.870735228
 279  0.871892571
 280  0.873040259
 281  0.87417841
 282  0.875307083
 283  0.87642622
 284  0.87753588
 285  0.87863636
 286  0.879727483
 287  0.880809486
 288  0.88188237
 289  0.882946193
 290  0.884001017
 291  0.885046899
 292  0.886083961
 293  0.8871122
 294  0.888131678
 295  0.889142573
 296  0.890144825
 297  0.891138554
 298  0.89212364
 299  0.8931005
 300  0.894069076
 301  0.895029068
 302  0.895981133
 303  0.896924913
 304  0.897860587
 305  0.898788333
 306  0.899707854
 307  0.900619745
 308  0.90152359
 309  0.902419627
 310  0.903307915
 311  0.904188752
 312  0.905061722
 313  0.905927241
 314  0.90678525
 315  0.907635748
 316  0.908478796
 317  0.909314632
 318  0.910143316
 319  0.910964429
 320  0.911778748
 321  0.912585795
 322  0.913385868
 323  0.914178848
 324  0.914964914
 325  0.915744126
 326  0.916516542
 327  0.917282045
 328  0.918040991
 329  0.918793082
 330  0.919538796
 331  0.920277715
 332  0.921010256
 333  0.92173636
 334  0.922455966
 335  0.923169374
 336  0.923876226
 337  0.924577177
 338  0.92527163
 339  0.925960064
 340  0.926642418
 341  0.927318692
 342  0.927988827
 343  0.928653121
 344  0.929311514
 345  0.929964125
 346  0.930610955
 347  0.931251884
 348  0.93188709
 349  0.932516694
 350  0.933140695
 351  0.933759093
 352  0.934372008
 353  0.934979379
 354  0.935581326
 355  0.936178029
 356  0.936769128
 357  0.937355101
 358  0.93793577
 359  0.938511372
 360  0.93908149
 361  0.939646661
 362  0.940206826
 363  0.940761864
 364  0.941311955
 365  0.94185698
 366  0.942397177
 367  0.942932606
 368  0.943463027
 369  0.94398874
 370  0.944509745
 371  0.945025861
 372  0.945537567
 373  0.946044445
 374  0.946546733
 375  0.947044671
 376  0.947537959
 377  0.948026717
 378  0.948511183
 379  0.94899112
 380  0.949466825
 381  0.949938118
 382  0.950405121
 383  0.950867891
 384  0.951326489
 385  0.951780856
 386  0.95223105
 387  0.95267725
 388  0.953119397
 389  0.953557372
 390  0.953991532
 391  0.954421639
 392  0.954847753
 393  0.955269992
 394  0.955688417
 395  0.956103086
 396  0.956513822
 397  0.956920862
 398  0.957324207
 399  0.957723856
 400  0.95811975
 401  0.958512127
 402  0.958900809
 403  0.959286034
 404  0.959667623
 405  0.960045815
 406  0.96042037
 407  0.960791588
 408  0.961159408
 409  0.961523831
 410  0.961884856
 411  0.962242663
 412  0.962597132
 413  0.962948263
 414  0.963296175
 415  0.963640928
 416  0.963982463
 417  0.964320898
 418  0.964656174
 419  0.96498841
 420  0.965317488
 421  0.965643585
 422  0.965966642
 423  0.966286719
 424  0.966603875
 425  0.966918051
 426  0.967229307
 427  0.967537761
 428  0.967843235
 429  0.968145907
 430  0.968445957
 431  0.968743026
 432  0.969037414
 433  0.969329119
 434  0.969617963
 435  0.969904304
 436  0.970187902
 437  0.970468998
 438  0.970747232
 439  0.971022904
 440  0.971296251
 441  0.971566975
 442  0.971835017
 443  0.972100735
 444  0.972363889
 445  0.97262466
 446  0.972883105
 447  0.973138988
 448  0.973392606
 449  0.973643601
 450  0.97389245
 451  0.974139154
 452  0.974383295
 453  0.974625289
 454  0.974865019
 455  0.975102425
 456  0.975337565
 457  0.975570679
 458  0.975801528
 459  0.97603035
 460  0.976256788
 461  0.976481259
 462  0.976703703
 463  0.976924062
 464  0.977142215
 465  0.977358341
 466  0.977572501
 467  0.977784753
 468  0.977994978
 469  0.978203118
 470  0.978409469
 471  0.978613734
 472  0.978816032
 473  0.979016721
 474  0.979215205
 475  0.979412138
 476  0.979606986
 477  0.979800045
 478  0.979991376
 479  0.980180979
 480  0.980368733
 481  0.980554581
 482  0.980738819
 483  0.980921328
 484  0.981102228
 485  0.98128134
 486  0.981458604
 487  0.981634498
 488  0.981808543
 489  0.98198092
 490  0.982151866
 491  0.982321084
 492  0.982488751
 493  0.982654691
 494  0.9828192
 495  0.982982159
 496  0.983143628
 497  0.983303607
 498  0.983461976
 499  0.983618855
 500  0.983774304
