 1  0.0113919144
 2  0.0227807947
 3  0.034163814
 4  0.0455379561
 5  0.0569003411
 6  0.0682479814
 7  0.0795779824
 8  0.0908875242
 9  0.102173582
 10  0.113433413
 11  0.124664262
 12  0.13586317
 13  0.147027448
 14  0.158154458
 15  0.169241458
 16  0.180285737
 17  0.191284746
 18  0.202235982
 19  0.213136792
 20  0.223984838
 21  0.234777659
 22  0.245512888
 23  0.256188273
 24  0.266801476
 25  0.277350366
 26  0.287832856
 27  0.298246801
 28  0.308590204
 29  0.318861187
 30  0.329057842
 31  0.339178205
 32  0.349220783
 33  0.359183758
 34  0.369065493
 35  0.378864527
 36  0.388579279
 37  0.39820838
 38  0.407750577
 39  0.417204559
 40  0.426569045
 41  0.435842991
 42  0.445025265
 43  0.454114914
 44  0.463111073
 45  0.472012758
 46  0.480819225
 47  0.489529699
 48  0.498143613
 49  0.506660342
 50  0.51507926
 51  0.523399949
 52  0.531621993
 53  0.539745152
 54  0.54776895
 55  0.555693209
 56  0.563517869
 57  0.57124263
 58  0.578867495
 59  0.586392403
 60  0.593817592
 61  0.601142943
 62  0.608368635
 63  0.615494788
 64  0.622521818
 65  0.629449785
 66  0.636279225
 67  0.643010259
 68  0.649643481
 69  0.65617919
 70  0.662617922
 71  0.668960094
 72  0.675206542
 73  0.681357443
 74  0.687413633
 75  0.693375766
 76  0.69924444
 77  0.705020308
 78  0.710704207
 79  0.716296673
 80  0.721798718
 81  0.727210999
 82  0.732534349
 83  0.737769604
 84  0.742917657
 85  0.747979164
 86  0.752955079
 87  0.757846594
 88  0.762654245
 89  0.767379165
 90  0.772022069
 91  0.77658397
 92  0.781066
 93  0.785468936
 94  0.78979373
 95  0.794041455
 96  0.798213005
 97  0.802309394
 98  0.806331515
 99  0.810280561
 100  0.814157248
 101  0.817962587
 102  0.821697831
 103  0.825363696
 104  0.828961372
 105  0.832491755
 106  0.83595562
 107  0.839354217
 108  0.84268856
 109  0.845959365
 110  0.849167764
 111  0.852314651
 112  0.855401039
 113  0.858427942
 114  0.861396074
 115  0.864306569
 116  0.86716038
 117  0.869958282
 118  0.872701228
 119  0.875390291
 120  0.878026187
 121  0.88060993
 122  0.883142173
 123  0.88562417
 124  0.888056576
 125  0.890440106
 126  0.892775834
 127  0.895064533
 128  0.897307217
 129  0.899504185
 130  0.901656926
 131  0.903765619
 132  0.905831456
 133  0.907855153
 134  0.909837186
 135  0.911778748
 136  0.913680315
 137  0.915542841
 138  0.917366803
 139  0.919152915
 140  0.920902133
 141  0.922615111
 142  0.924292386
 143  0.925934672
 144  0.927542806
 145  0.929117084
 146  0.930658519
 147  0.93216759
 148  0.93364495
 149  0.935091257
 150  0.936507106
 151  0.937892914
 152  0.939249516
 153  0.940577447
 154  0.941877186
 155  0.943149269
 156  0.94439429
 157  0.945612967
 158  0.946805477
 159  0.947972596
 160  0.949114919
 161  0.950232625
 162  0.951326489
 163  0.95239687
 164  0.953444183
 165  0.954469204
 166  0.955472052
 167  0.956453204
 168  0.957413375
 169  0.958352745
 170  0.959271789
 171  0.960171044
 172  0.961050749
 173  0.96191144
 174  0.962753475
 175  0.96357733
 176  0.964383185
 177  0.965171576
 178  0.96594286
 179  0.966697216
 180  0.967435241
 181  0.968157113
 182  0.968863308
 183  0.969554007
 184  0.970229745
 185  0.970890582
 186  0.971537113
 187  0.97216934
 188  0.972787738
 189  0.973392606
 190  0.973984122
 191  0.974562824
 192  0.97512871
 193  0.975682199
 194  0.97622335
 195  0.976752758
 196  0.977270484
 197  0.977776885
 198  0.97827208
 199  0.978756368
 200  0.979229987
 201  0.979692996
 202  0.980145931
 203  0.980588973
 204  0.98102212
 205  0.981445551
 206  0.981859863
 207  0.982264817
 208  0.982660949
 209  0.983048081
 210  0.983426929
 211  0.983797133
 212  0.98415935
 213  0.984513342
 214  0.984859526
 215  0.9851982
 216  0.985529125
 217  0.985852778
 218  0.986169338
 219  0.986478806
 220  0.986781359
 221  0.987077236
 222  0.987366557
 223  0.987649381
 224  0.987925887
 225  0.988196313
 226  0.98846066
 227  0.988719165
 228  0.988971949
 229  0.98921895
 230  0.989460468
 231  0.989696741
 232  0.989927709
 233  0.990153491
 234  0.990374148
 235  0.990589976
 236  0.990801036
 237  0.991007268
 238  0.99120903
 239  0.991406202
 240  0.991598964
 241  0.991787493
 242  0.991971672
 243  0.992151797
 244  0.992327869
 245  0.992500126
 246  0.99266839
 247  0.992833138
 248  0.99299401
 249  0.993151248
 250  0.993304968
 251  0.993455291
 252  0.993602395
 253  0.993745983
 254  0.993886471
 255  0.994023621
 256  0.99415803
 257  0.99428916
 258  0.994417489
 259  0.994542897
 260  0.994665563
 261  0.994785368
 262  0.994902611
 263  0.995017111
 264  0.995129108
 265  0.995238543
 266  0.995345533
 267  0.995450139
 268  0.99555248
 269  0.995652378
 270  0.99575007
 271  0.995845616
 272  0.995939016
 273  0.996030331
 274  0.996119618
 275  0.99620688
 276  0.996292174
 277  0.996375561
 278  0.9964571
 279  0.996536732
 280  0.996614575
 281  0.99669075
 282  0.996765196
 283  0.996837974
 284  0.996909022
 285  0.996978641
 286  0.99704659
 287  0.99711293
 288  0.997177958
 289  0.997241378
 290  0.997303486
 291  0.997364104
 292  0.99742347
 293  0.997481406
 294  0.99753809
 295  0.997593403
 296  0.997647643
 297  0.997700453
 298  0.997752309
 299  0.997802854
 300  0.997852266
 301  0.997900665
 302  0.997947812
 303  0.997994125
 304  0.998039246
 305  0.998083353
 306  0.998126507
 307  0.998168647
 308  0.998209894
 309  0.998250246
 310  0.998289406
 311  0.998327971
 312  0.998365581
 313  0.998402417
 314  0.998438358
 315  0.998473525
 316  0.998507857
 317  0.998541415
 318  0.998574436
 319  0.998606443
 320  0.998637736
 321  0.998668492
 322  0.998698354
 323  0.998727679
 324  0.998756349
 325  0.998784363
 326  0.998811662
 327  0.998838544
 328  0.998864591
 329  0.998890162
 330  0.998915195
 331  0.998939574
 332  0.998963535
 333  0.998986781
 334  0.999009609
 335  0.999031901
 336  0.999053836
 337  0.999074996
 338  0.999095857
 339  0.999116182
 340  0.999136209
 341  0.999155521
 342  0.999174535
 343  0.999193251
 344  0.999211311
 345  0.999229074
 346  0.999246538
 347  0.999263406
 348  0.999279976
 349  0.999296308
 350  0.999312043
 351  0.99932766
 352  0.99934274
 353  0.999357581
 354  0.999372005
 355  0.999386191
 356  0.99940002
 357  0.999413431
 358  0.999426663
 359  0.999439538
 360  0.999452233
 361  0.999464512
 362  0.999476671
 363  0.999488413
 364  0.999499917
 365  0.999511182
 366  0.999522209
 367  0.999532998
 368  0.999543369
 369  0.9995538
 370  0.999563813
 371  0.999573648
 372  0.999583304
 373  0.999592602
 374  0.999601722
 375  0.999610722
 376  0.999619544
 377  0.999628007
 378  0.999636531
 379  0.999644697
 380  0.999652743
 381  0.999660492
 382  0.999668062
 383  0.999675691
 384  0.999683022
 385  0.999689996
 386  0.999697089
 387  0.999703884
 388  0.99971056
 389  0.999717057
 390  0.999723494
 391  0.999729633
 392  0.999735713
 393  0.999741614
 394  0.999747455
 395  0.999753237
 396  0.99975872
 397  0.999764264
 398  0.999769509
 399  0.999774754
 400  0.99977988
 401  0.999784708
 402  0.999789655
 403  0.999794364
 404  0.999799013
 405  0.999803543
 406  0.999807835
 407  0.999812245
 408  0.999816418
 409  0.99982065
 410  0.999824703
 411  0.999828637
 412  0.999832392
 413  0.999836266
 414  0.999839902
 415  0.999843597
 416  0.999847114
 417  0.999850512
 418  0.999853909
 419  0.999857128
 420  0.999860406
 421  0.999863505
 422  0.999866545
 423  0.999869645
 424  0.999872565
 425  0.999875367
 426  0.999878287
 427  0.99988085
 428  0.999883592
 429  0.999886334
 430  0.999888718
 431  0.999891341
 432  0.999893665
 433  0.999896228
 434  0.999898493
 435  0.999900699
 436  0.999903083
 437  0.999905229
 438  0.999907374
 439  0.999909461
 440  0.999911487
 441  0.999913514
 442  0.999915481
 443  0.999917388
 444  0.999919116
 445  0.999920964
 446  0.999922812
 447  0.999924421
 448  0.999926209
 449  0.999927819
 450  0.999929547
 451  0.999931037
 452  0.999932706
 453  0.999934196
 454  0.999935627
 455  0.999936998
 456  0.999938607
 457  0.999939919
 458  0.999941289
 459  0.999942601
 460  0.999943912
 461  0.999945164
 462  0.999946415
 463  0.999947488
 464  0.99994874
 465  0.999949932
 466  0.999951065
 467  0.999952078
 468  0.99995321
 469  0.999954343
 470  0.999955297
 471  0.999956369
 472  0.999957263
 473  0.999958336
 474  0.99995923
 475  0.999960065
 476  0.999961078
 477  0.999961913
 478  0.999962747
 479  0.999963522
 480  0.999964476
 481  0.99996525
 482  0.999966025
 483  0.9999668
 484  0.999967515
 485  0.99996829
 486  0.999969006
 487  0.999969542
 488  0.999970376
 489  0.999970973
 490  0.999971747
 491  0.999972284
 492  0.99997282
 493  0.999973595
 494  0.999974072
 495  0.999974608
 496  0.999975324
 497  0.999975801
 498  0.999976277
 499  0.999976993
 500  0.999977469
