   1  9.516251E-02
   2  0.181269
   3  0.259182
   4  0.329680
   5  0.393469
   6  0.451188
   7  0.503414
   8  0.550671
   9  0.593430
   10  0.632120
   11  0.667129
   12  0.698806
   13  0.727468
   14  0.753403
   15  0.776870
   16  0.798103
   17  0.817316
   18  0.834701
   19  0.850431
   20  0.864665
   21  0.877543
   22  0.889197
   23  0.899741
   24  0.909282
   25  0.917915
   26  0.925726
   27  0.932794
   28  0.939190
   29  0.944977
   30  0.950213
   31  0.954951
   32  0.959238
   33  0.963117
   34  0.966627
   35  0.969803
   36  0.972676
   37  0.975276
   38  0.977629
   39  0.979758
   40  0.981684
   41  0.983427
   42  0.985004
   43  0.986431
   44  0.987723
   45  0.988891
   46  0.989948
   47  0.990905
   48  0.991770
   49  0.992553
   50  0.993262
