   1  9.516251E-02
   2  0.181269
   3  0.259182
   4  0.329680
   5  0.393469
   6  0.451188
   7  0.503414
   8  0.550671
   9  0.593430
   10  0.632120
   11  0.667129
   12  0.698806
   13  0.727468
   14  0.753403
   15  0.776870
   16  0.798103
   17  0.817316
   18  0.834701
   19  0.850431
   20  0.864665
   21  0.877543
   22  0.889197
   23  0.899741
   24  0.909282
   25  0.917915
   26  0.925726
   27  0.932794
   28  0.939190
   29  0.944977
   30  0.950213
   31  0.954951
   32  0.959238
   33  0.963117
   34  0.966627
   35  0.969803
   36  0.972676
   37  0.975276
   38  0.977629
   39  0.979758
   40  0.981684
   41  0.983427
   42  0.985004
   43  0.986431
   44  0.987723
   45  0.988891
   46  0.989948
   47  0.990905
   48  0.991770
   49  0.992553
   50  0.993262
   51  0.809675
   52  0.637462
   53  0.481637
   54  0.340640
   55  0.213062
   56  9.762359E-02
   57 -6.828904E-03
   58 -0.101342
   59 -0.186860
   60 -0.264241
   61 -0.334257
   62 -0.397611
   63 -0.454936
   64 -0.506806
   65 -0.553739
   66 -0.596207
   67 -0.634633
   68 -0.669402
   69 -0.700862
   70 -0.729329
   71 -0.755087
   72 -0.778393
   73 -0.799482
   74 -0.818564
   75 -0.835830
   76 -0.851453
   77 -0.865589
   78 -0.878380
   79 -0.889953
   80 -0.900426
   81 -0.909901
   82 -0.918475
   83 -0.926234
   84 -0.933253
   85 -0.939605
   86 -0.945352
   87 -0.950553
   88 -0.955258
   89 -0.959516
   90 -0.963369
   91 -0.966855
   92 -0.970009
   93 -0.972863
   94 -0.975445
   95 -0.977782
   96 -0.979896
   97 -0.981809
   98 -0.983540
   99 -0.985107
   100 -0.986524
