   20  5.033152E+20
   21  3.592122E+20
   22  2.569447E+20
   23  1.842068E+20
   24  1.323516E+20
   25  9.530239E+19
   26  6.877426E+19
   27  4.973695E+19
   28  3.604571E+19
   29  2.617856E+19
   30  1.905223E+19
   31  1.389421E+19
   32  1.015359E+19
   33  7.435048E+18
   34  5.455182E+18
   35  4.010555E+18
   36  2.954278E+18
   37  2.180468E+18
   38  1.612420E+18
   39  1.194625E+18
   40  8.867914E+17
   41  6.594852E+17
   42  4.913683E+17
   43  3.667733E+17
   44  2.742764E+17
   45  2.054761E+17
   46  1.542059E+17
   47  1.159354E+17
   48  8.731458E+16
   49  6.587457E+16
   50  4.978433E+16
   51  3.768815E+16
   52  2.857936E+16
   53  2.170855E+16
   54  1.651651E+16
   55  1.258707E+16
   56  9.608081E+15
   57  7.345949E+15
   58  5.625399E+15
   59  4.314657E+15
   60  3.314516E+15
   61  2.550184E+15
   62  1.965097E+15
   63  1.516582E+15
   64  1.172205E+15
   65  9.073800E+14
   66  7.034328E+14
   67  5.461272E+14
   68  4.246256E+14
   69  3.306281E+14
   70  2.578059E+14
   71  2.013133E+14
   72  1.574188E+14
   73  1.232689E+14
   74  9.665935E+13
   75  7.590006E+13
   76  5.967904E+13
   77  4.698847E+13
   78  3.704552E+13
   79  2.924601E+13
   80  2.311856E+13
   81  1.829889E+13
   82  1.450270E+13
   83  1.150870E+13
   84  9.144539E+12
   85  7.275076E+12
   86  5.795066E+12
   87  4.621886E+12
   88  3.690727E+12
   89  2.950777E+12
   90  2.362016E+12
   91  1.893002E+12
   92  1.518930E+12
   93  1.220201E+12
   94  9.813685E+11
   95  7.901989E+11
   96  6.370072E+11
   97  5.140942E+11
   98  4.153775E+11
   99  3.359829E+11
   100  2.720727E+11
   101  2.205582E+11
   102  1.789954E+11
   103  1.454213E+11
   104  1.182736E+11
   105  9.629594E+10
   106  7.848600E+10
   107  6.403618E+10
   108  5.230270E+10
   109  4.276238E+10
   110  3.499870E+10
   111  2.867384E+10
   112  2.351549E+10
   113  1.930461E+10
   114  1.586337E+10
   115  1.304846E+10
   116  1.074365E+10
   117  8.854594E+09
   118  7.304681E+09
   119  6.031839E+09
   120  4.985523E+09
   121  4.124592E+09
   122  3.415522E+09
   123  2.830994E+09
   124  2.348652E+09
   125  1.950275E+09
   126  1.620935E+09
   127  1.348434E+09
   128  1.122742E+09
   129  9.356521E+08
   130  7.804258E+08
   131  6.515231E+08
   132  5.443825E+08
   133  4.552513E+08
   134  3.810389E+08
   135  3.191944E+08
   136  2.676121E+08
   137  2.245548E+08
   138  1.885797E+08
   139  1.584999E+08
   140  1.333263E+08
   141  1.122424E+08
   142  9.456882E+07
   143  7.974102E+07
   144  6.729227E+07
   145  5.683138E+07
   146  4.803405E+07
   147  4.063028E+07
   148  3.439419E+07
   149  2.913735E+07
   150  2.470290E+07
   151  2.095900E+07
   152  1.779595E+07
   153  1.512145E+07
   154  1.285845E+07
   155  1.094204E+07
   156  9.318008E+06
   157  7.940859E+06
   158  6.772048E+06
   159  5.779418E+06
   160  4.935748E+06
   161  4.218211E+06
   162  3.607504E+06
   163  3.087322E+06
   164  2.644013E+06
   165  2.265879E+06
   166  1.943158E+06
   167  1.667494E+06
   168  1.431920E+06
   169  1.230439E+06
   170  1.058001E+06
   171  910330.
   172  783775.
   173  675259.
   174  582134.
   175  502172.
   176  433473.
   177  374405.
   178  323587.
   179  279840.
   180  242157.
   181  209677.
   182  181665.
   183  157489.
   184  136613.
   185  118575.
   186  102979.
   187  89487.7
   188  77808.3
   189  67693.2
   190  58927.2
   191  51325.3
   192  44729.6
   193  39003.7
   194  34030.0
   195  29706.7
   196  25947.4
   197  22676.1
   198  19828.2
   199  17347.3
   200  15185.0
   201  13299.3
   202  11654.1
   203  10217.8
   204  8963.23
   205  7866.80
   206  6908.07
   207  6069.33
   208  5335.16
   209  4692.18
   210  4128.77
   211  3634.86
   212  3201.63
   213  2821.42
   214  2487.63
   215  2194.37
   216  1936.65
   217  1710.01
   218  1510.61
   219  1335.11
   220  1180.56
   221  1044.40
   222  924.366
   223  818.518
   224  725.125
   225  642.687
   226  569.875
   227  505.547
   228  448.681
   229  398.394
   230  353.898
   231  314.512
   232  279.631
   233  248.729
   234  221.339
   235  197.050
   236  175.502
   237  156.377
   238  139.396
   239  124.311
   240  110.905
   241  98.9861
   242  88.3843
   243  78.9511
   244  70.5536
   245  63.0751
   246  56.4119
   247  50.4732
   248  45.1773
   249  40.4535
   250  36.2380
   251  32.4744
   252  29.1132
   253  26.1100
   254  23.4256
   255  21.0252
   256  18.8781
   257  16.9565
   258  15.2364
   259  13.6959
   260  12.3158
   261  11.0788
   262  9.96971
   263  8.97499
   264  8.08239
   265  7.28126
   266  6.56186
   267  5.91563
   268  5.33500
   269  4.81303
   270  4.34368
   271  3.92147
   272  3.54151
   273  3.19947
   274  2.89146
   275  2.61399
   276  2.36395
   277  2.13856
   278  1.93531
   279  1.75195
   280  1.58649
   281  1.43713
   282  1.30226
   283  1.18043
   284  1.07034
   285  0.970845
   286  0.880873
   287  0.799493
   288  0.725862
   289  0.659223
   290  0.598884
   291  0.544243
   292  0.494738
   293  0.449872
   294  0.409203
   295  0.372326
   296  0.338869
   297  0.308517
   298  0.280965
   299  0.255949
   300  0.233229
   301  0.212591
   302  0.193835
   303  0.176784
   304  0.161280
   305  0.147179
   306  0.134348
   307  0.122671
   308  0.112041
   309  0.102361
   310  9.354315E-02
   311  8.550927E-02
   312  7.818640E-02
   313  7.151029E-02
   314  6.542232E-02
   315  5.986898E-02
   316  5.480187E-02
   317  5.017683E-02
   318  4.595456E-02
   319  4.209891E-02
   320  3.857691E-02
   321  3.535873E-02
   322  3.241780E-02
   323  2.972901E-02
   324  2.727026E-02
   325  2.502131E-02
   326  2.296378E-02
   327  2.108078E-02
   328  1.935707E-02
   329  1.777874E-02
   330  1.633328E-02
   331  1.500900E-02
   332  1.379554E-02
   333  1.268328E-02
   334  1.166356E-02
   335  1.072843E-02
   336  9.870665E-03
   337  9.083696E-03
   338  8.361424E-03
   339  7.698425E-03
   340  7.089721E-03
   341  6.530634E-03
   342  6.017054E-03
   343  5.545174E-03
   344  5.111470E-03
   345  4.712770E-03
   346  4.346164E-03
   347  4.008983E-03
   348  3.698817E-03
   349  3.413397E-03
   350  3.150710E-03
   351  2.908894E-03
   352  2.686231E-03
   353  2.481157E-03
   354  2.292241E-03
   355  2.118172E-03
   356  1.957741E-03
   357  1.809855E-03
   358  1.673496E-03
   359  1.547738E-03
   360  1.431739E-03
   361  1.324712E-03
   362  1.225941E-03
   363  1.134768E-03
   364  1.050593E-03
   365  9.728645E-04
   366  9.010707E-04
   367  8.347454E-04
   368  7.734561E-04
   369  7.168153E-04
   370  6.644516E-04
   371  6.160387E-04
   372  5.712651E-04
   373  5.298501E-04
   374  4.915336E-04
   375  4.560768E-04
   376  4.232584E-04
   377  3.928779E-04
   378  3.647480E-04
   379  3.386965E-04
   380  3.145647E-04
   381  2.922080E-04
   382  2.714905E-04
   383  2.522888E-04
   384  2.344883E-04
   385  2.179843E-04
   386  2.026783E-04
   387  1.884815E-04
   388  1.753107E-04
   389  1.630896E-04
   390  1.517474E-04
   391  1.412193E-04
   392  1.314445E-04
   393  1.223680E-04
   394  1.139382E-04
   395  1.061070E-04
   396  9.883144E-05
   397  9.207071E-05
   398  8.578660E-05
   399  7.994521E-05
   400  7.451408E-05
   401  6.946349E-05
   402  6.476581E-05
   403  6.039601E-05
   404  5.633029E-05
   405  5.254668E-05
   406  4.902535E-05
   407  4.574718E-05
   408  4.269518E-05
   409  3.985310E-05
   410  3.720606E-05
   411  3.474038E-05
   412  3.244313E-05
   413  3.030248E-05
   414  2.830748E-05
   415  2.644782E-05
   416  2.471413E-05
   417  2.309750E-05
   418  2.158995E-05
   419  2.018380E-05
   420  1.887201E-05
   421  1.764806E-05
   422  1.650595E-05
   423  1.543995E-05
   424  1.444492E-05
   425  1.351594E-05
   426  1.264854E-05
   427  1.183843E-05
   428  1.108180E-05
   429  1.037496E-05
   430  9.714571E-06
   431  9.097458E-06
   432  8.520726E-06
   433  7.981620E-06
   434  7.477650E-06
   435  7.006425E-06
   436  6.565783E-06
   437  6.153652E-06
   438  5.768150E-06
   439  5.407509E-06
   440  5.070065E-06
   441  4.754294E-06
   442  4.458752E-06
   443  4.182107E-06
   444  3.923125E-06
   445  3.680630E-06
   446  3.453549E-06
   447  3.240883E-06
   448  3.041675E-06
   449  2.855057E-06
   450  2.680210E-06
   451  2.516367E-06
   452  2.362820E-06
   453  2.218898E-06
   454  2.083985E-06
   455  1.957499E-06
   456  1.838901E-06
   457  1.727679E-06
   458  1.623365E-06
   459  1.525518E-06
   460  1.433726E-06
   461  1.347602E-06
   462  1.266789E-06
   463  1.190948E-06
   464  1.119768E-06
   465  1.052950E-06
   466  9.902201E-07
   467  9.313250E-07
   468  8.760197E-07
   469  8.240817E-07
   470  7.752994E-07
   471  7.294762E-07
   472  6.864292E-07
   473  6.459827E-07
   474  6.079773E-07
   475  5.722617E-07
   476  5.386938E-07
   477  5.071416E-07
   478  4.774800E-07
   479  4.495936E-07
   480  4.233728E-07
   481  3.987157E-07
   482  3.755272E-07
   483  3.537167E-07
   484  3.332005E-07
   485  3.139004E-07
   486  2.957417E-07
   487  2.786556E-07
   488  2.625776E-07
   489  2.474461E-07
   490  2.332038E-07
   491  2.197980E-07
   492  2.071776E-07
   493  1.952961E-07
   494  1.841087E-07
   495  1.735744E-07
   496  1.636539E-07
   497  1.543103E-07
   498  1.455097E-07
   499  1.372196E-07
   500  1.294098E-07
