   1  7.631795E-03
   2  1.526282E-02
   3  2.289199E-02
   4  3.051850E-02
   5  3.814146E-02
   6  4.576004E-02
   7  5.337324E-02
   8  6.098026E-02
   9  6.858022E-02
   10  7.617220E-02
   11  8.375536E-02
   12  9.132878E-02
   13  9.889172E-02
   14  0.106443
   15  0.113982
   16  0.121509
   17  0.129021
   18  0.136518
   19  0.144000
   20  0.151466
   21  0.158914
   22  0.166344
   23  0.173755
   24  0.181147
   25  0.188518
   26  0.195868
   27  0.203196
   28  0.210501
   29  0.217783
   30  0.225041
   31  0.232274
   32  0.239482
   33  0.246663
   34  0.253817
   35  0.260943
   36  0.268041
   37  0.275110
   38  0.282150
   39  0.289159
   40  0.296137
   41  0.303084
   42  0.309999
   43  0.316881
   44  0.323730
   45  0.330545
   46  0.337326
   47  0.344072
   48  0.350783
   49  0.357458
   50  0.364096
   51  0.370698
   52  0.377263
   53  0.383789
   54  0.390278
   55  0.396728
   56  0.403139
   57  0.409511
   58  0.415844
   59  0.422136
   60  0.428387
   61  0.434598
   62  0.440768
   63  0.446897
   64  0.452984
   65  0.459029
   66  0.465031
   67  0.470992
   68  0.476909
   69  0.482784
   70  0.488616
   71  0.494404
   72  0.500148
   73  0.505849
   74  0.511507
   75  0.517120
   76  0.522689
   77  0.528214
   78  0.533694
   79  0.539130
   80  0.544521
   81  0.549868
   82  0.555170
   83  0.560427
   84  0.565640
   85  0.570808
   86  0.575931
   87  0.581009
   88  0.586042
   89  0.591030
   90  0.595974
   91  0.600873
   92  0.605727
   93  0.610536
   94  0.615301
   95  0.620022
   96  0.624697
   97  0.629329
   98  0.633916
   99  0.638459
   100  0.642958
   101  0.647413
   102  0.651824
   103  0.656192
   104  0.660516
   105  0.664796
   106  0.669034
   107  0.673228
   108  0.677380
   109  0.681489
   110  0.685555
   111  0.689579
   112  0.693561
   113  0.697500
   114  0.701399
   115  0.705255
   116  0.709071
   117  0.712845
   118  0.716578
   119  0.720271
   120  0.723924
   121  0.727536
   122  0.731108
   123  0.734641
   124  0.738135
   125  0.741589
   126  0.745004
   127  0.748381
   128  0.751719
   129  0.755019
   130  0.758282
   131  0.761507
   132  0.764695
   133  0.767845
   134  0.770959
   135  0.774037
   136  0.777078
   137  0.780084
   138  0.783054
   139  0.785988
   140  0.788888
   141  0.791753
   142  0.794583
   143  0.797380
   144  0.800142
   145  0.802871
   146  0.805567
   147  0.808230
   148  0.810861
   149  0.813458
   150  0.816024
   151  0.818558
   152  0.821061
   153  0.823532
   154  0.825973
   155  0.828383
   156  0.830762
   157  0.833112
   158  0.835432
   159  0.837723
   160  0.839984
   161  0.842217
   162  0.844421
   163  0.846597
   164  0.848745
   165  0.850866
   166  0.852959
   167  0.855024
   168  0.857064
   169  0.859076
   170  0.861063
   171  0.863023
   172  0.864958
   173  0.866867
   174  0.868752
   175  0.870611
   176  0.872446
   177  0.874257
   178  0.876044
   179  0.877807
   180  0.879546
   181  0.881263
   182  0.882956
   183  0.884627
   184  0.886275
   185  0.887901
   186  0.889506
   187  0.891088
   188  0.892649
   189  0.894189
   190  0.895709
   191  0.897207
   192  0.898686
   193  0.900144
   194  0.901582
   195  0.903000
   196  0.904400
   197  0.905779
   198  0.907140
   199  0.908483
   200  0.909806
   201  0.911112
   202  0.912400
   203  0.913669
   204  0.914921
   205  0.916156
   206  0.917374
   207  0.918574
   208  0.919758
   209  0.920926
   210  0.922077
   211  0.923212
   212  0.924331
   213  0.925435
   214  0.926523
   215  0.927595
   216  0.928653
   217  0.929696
   218  0.930724
   219  0.931738
   220  0.932737
   221  0.933722
   222  0.934693
   223  0.935651
   224  0.936595
   225  0.937525
   226  0.938442
   227  0.939346
   228  0.940238
   229  0.941116
   230  0.941983
   231  0.942836
   232  0.943678
   233  0.944507
   234  0.945325
   235  0.946131
   236  0.946925
   237  0.947708
   238  0.948480
   239  0.949241
   240  0.949990
   241  0.950729
   242  0.951457
   243  0.952175
   244  0.952882
   245  0.953580
   246  0.954267
   247  0.954944
   248  0.955611
   249  0.956269
   250  0.956917
   251  0.957556
   252  0.958185
   253  0.958806
   254  0.959417
   255  0.960020
   256  0.960613
   257  0.961198
   258  0.961775
   259  0.962343
   260  0.962903
   261  0.963455
   262  0.963998
   263  0.964534
   264  0.965062
   265  0.965582
   266  0.966094
   267  0.966599
   268  0.967097
   269  0.967587
   270  0.968071
   271  0.968547
   272  0.969016
   273  0.969478
   274  0.969933
   275  0.970382
   276  0.970824
   277  0.971260
   278  0.971689
   279  0.972112
   280  0.972528
   281  0.972939
   282  0.973343
   283  0.973742
   284  0.974135
   285  0.974521
   286  0.974902
   287  0.975278
   288  0.975648
   289  0.976012
   290  0.976371
   291  0.976725
   292  0.977074
   293  0.977417
   294  0.977755
   295  0.978089
   296  0.978417
   297  0.978741
   298  0.979059
   299  0.979373
   300  0.979682
   301  0.979987
   302  0.980287
   303  0.980583
   304  0.980874
   305  0.981161
   306  0.981444
   307  0.981722
   308  0.981997
   309  0.982267
   310  0.982533
   311  0.982796
   312  0.983054
   313  0.983309
   314  0.983559
   315  0.983806
   316  0.984050
   317  0.984290
   318  0.984526
   319  0.984758
   320  0.984987
   321  0.985213
   322  0.985435
   323  0.985655
   324  0.985870
   325  0.986083
   326  0.986292
   327  0.986499
   328  0.986702
   329  0.986902
   330  0.987099
   331  0.987293
   332  0.987484
   333  0.987673
   334  0.987858
   335  0.988041
   336  0.988221
   337  0.988399
   338  0.988573
   339  0.988746
   340  0.988915
   341  0.989082
   342  0.989247
   343  0.989409
   344  0.989568
   345  0.989725
   346  0.989880
   347  0.990033
   348  0.990183
   349  0.990331
   350  0.990477
   351  0.990620
   352  0.990762
   353  0.990901
   354  0.991038
   355  0.991173
   356  0.991307
   357  0.991438
   358  0.991567
   359  0.991694
   360  0.991819
   361  0.991943
   362  0.992064
   363  0.992184
   364  0.992302
   365  0.992418
   366  0.992533
   367  0.992645
   368  0.992756
   369  0.992866
   370  0.992973
   371  0.993080
   372  0.993184
   373  0.993287
   374  0.993388
   375  0.993488
   376  0.993586
   377  0.993683
   378  0.993779
   379  0.993873
   380  0.993965
   381  0.994056
   382  0.994146
   383  0.994235
   384  0.994322
   385  0.994407
   386  0.994492
   387  0.994575
   388  0.994657
   389  0.994738
   390  0.994817
   391  0.994895
   392  0.994973
   393  0.995049
   394  0.995124
   395  0.995197
   396  0.995270
   397  0.995341
   398  0.995412
   399  0.995481
   400  0.995549
   401  0.995616
   402  0.995683
   403  0.995748
   404  0.995812
   405  0.995876
   406  0.995938
   407  0.995999
   408  0.996060
   409  0.996119
   410  0.996178
   411  0.996236
   412  0.996293
   413  0.996349
   414  0.996404
   415  0.996458
   416  0.996512
   417  0.996565
   418  0.996617
   419  0.996668
   420  0.996718
   421  0.996768
   422  0.996817
   423  0.996865
   424  0.996912
   425  0.996959
   426  0.997005
   427  0.997050
   428  0.997095
   429  0.997139
   430  0.997182
   431  0.997225
   432  0.997267
   433  0.997308
   434  0.997349
   435  0.997389
   436  0.997428
   437  0.997467
   438  0.997506
   439  0.997543
   440  0.997581
   441  0.997617
   442  0.997653
   443  0.997689
   444  0.997724
   445  0.997758
   446  0.997792
   447  0.997826
   448  0.997858
   449  0.997891
   450  0.997923
   451  0.997954
   452  0.997985
   453  0.998016
   454  0.998046
   455  0.998075
   456  0.998104
   457  0.998133
   458  0.998161
   459  0.998189
   460  0.998216
   461  0.998244
   462  0.998270
   463  0.998296
   464  0.998322
   465  0.998348
   466  0.998372
   467  0.998397
   468  0.998421
   469  0.998445
   470  0.998469
   471  0.998492
   472  0.998515
   473  0.998537
   474  0.998559
   475  0.998581
   476  0.998603
   477  0.998624
   478  0.998645
   479  0.998665
   480  0.998685
   481  0.998705
   482  0.998725
   483  0.998744
   484  0.998763
   485  0.998782
   486  0.998800
   487  0.998819
   488  0.998836
   489  0.998854
   490  0.998871
   491  0.998888
   492  0.998905
   493  0.998922
   494  0.998938
   495  0.998954
   496  0.998970
   497  0.998986
   498  0.999001
   499  0.999016
   500  0.999031
