   1  0.904837
   2  0.818731
   3  0.740818
   4  0.670320
   5  0.606531
   6  0.548812
   7  0.496586
   8  0.449329
   9  0.406570
   10  0.367880
   11  0.332871
   12  0.301194
   13  0.272532
   14  0.246597
   15  0.223130
   16  0.201897
   17  0.182684
   18  0.165299
   19  0.149569
   20  0.135335
   21  0.122457
   22  0.110803
   23  0.100259
   24  9.071809E-02
   25  8.208513E-02
   26  7.427371E-02
   27  6.720563E-02
   28  6.081017E-02
   29  5.502332E-02
   30  4.978716E-02
   31  4.504930E-02
   32  4.076229E-02
   33  3.688325E-02
   34  3.337334E-02
   35  3.019745E-02
   36  2.732379E-02
   37  2.472358E-02
   38  2.237083E-02
   39  2.024196E-02
   40  1.831569E-02
   41  1.657272E-02
   42  1.499562E-02
   43  1.356859E-02
   44  1.227737E-02
   45  1.110903E-02
   46  1.005187E-02
   47  9.095307E-03
   48  8.229771E-03
   49  7.446606E-03
   50  6.737968E-03
