   1  1.10506
   2  1.56279
   3  1.91402
   4  2.21012
   5  2.47099
   6  2.70683
   7  2.92371
   8  3.12558
   9  3.31518
   10  3.49451
   11  3.66507
   12  3.82804
   13  3.98435
   14  4.13476
   15  4.27988
   16  4.42024
   17  4.55628
   18  4.68837
   19  4.81685
   20  4.94198
   21  5.06402
   22  5.18319
   23  5.29968
   24  5.41367
   25  5.52530
   26  5.63472
   27  5.74206
   28  5.84743
   29  5.95093
   30  6.05266
   31  6.15271
   32  6.25116
   33  6.34809
   34  6.44355
   35  6.53762
   36  6.63036
   37  6.72182
   38  6.81205
   39  6.90110
   40  6.98901
   41  7.07584
   42  7.16161
   43  7.24636
   44  7.33014
   45  7.41297
   46  7.49488
   47  7.57591
   48  7.65608
   49  7.73542
   50  7.81396
   51  7.89171
   52  7.96870
   53  8.04496
   54  8.12050
   55  8.19535
   56  8.26951
   57  8.34302
   58  8.41589
   59  8.48813
   60  8.55976
   61  8.63080
   62  8.70125
   63  8.77114
   64  8.84048
   65  8.90928
   66  8.97755
   67  9.04531
   68  9.11256
   69  9.17932
   70  9.24560
   71  9.31140
   72  9.37675
   73  9.44164
   74  9.50609
   75  9.57010
   76  9.63369
   77  9.69686
   78  9.75963
   79  9.82199
   80  9.88396
   81  9.94554
   82  10.0067
   83  10.0676
   84  10.1280
   85  10.1882
   86  10.2479
   87  10.3073
   88  10.3664
   89  10.4251
   90  10.4835
   91  10.5416
   92  10.5994
   93  10.6568
   94  10.7140
   95  10.7708
   96  10.8273
   97  10.8836
   98  10.9395
   99  10.9952
   100  11.0506
   101  11.1057
   102  11.1606
   103  11.2151
   104  11.2694
   105  11.3235
   106  11.3773
   107  11.4308
   108  11.4841
   109  11.5372
   110  11.5900
   111  11.6425
   112  11.6949
   113  11.7470
   114  11.7988
   115  11.8504
   116  11.9019
   117  11.9531
   118  12.0040
   119  12.0548
   120  12.1053
   121  12.1557
   122  12.2058
   123  12.2557
   124  12.3054
   125  12.3549
   126  12.4043
   127  12.4534
   128  12.5023
   129  12.5511
   130  12.5996
   131  12.6480
   132  12.6962
   133  12.7442
   134  12.7920
   135  12.8396
   136  12.8871
   137  12.9344
   138  12.9815
   139  13.0285
   140  13.0752
   141  13.1219
   142  13.1683
   143  13.2146
   144  13.2607
   145  13.3067
   146  13.3525
   147  13.3981
   148  13.4436
   149  13.4890
   150  13.5342
   151  13.5792
   152  13.6241
   153  13.6688
   154  13.7134
   155  13.7579
   156  13.8022
   157  13.8464
   158  13.8904
   159  13.9343
   160  13.9780
   161  14.0216
   162  14.0651
   163  14.1085
   164  14.1517
   165  14.1948
   166  14.2377
   167  14.2805
   168  14.3232
   169  14.3658
   170  14.4082
   171  14.4505
   172  14.4927
   173  14.5348
   174  14.5767
   175  14.6186
   176  14.6603
   177  14.7019
   178  14.7433
   179  14.7847
   180  14.8259
   181  14.8671
   182  14.9081
   183  14.9490
   184  14.9898
   185  15.0304
   186  15.0710
   187  15.1115
   188  15.1518
   189  15.1921
   190  15.2322
   191  15.2722
   192  15.3122
   193  15.3520
   194  15.3917
   195  15.4313
   196  15.4708
   197  15.5103
   198  15.5496
   199  15.5888
   200  15.6279
   201  15.6669
   202  15.7059
   203  15.7447
   204  15.7834
   205  15.8221
   206  15.8606
   207  15.8990
   208  15.9374
   209  15.9757
   210  16.0138
   211  16.0519
   212  16.0899
   213  16.1278
   214  16.1656
   215  16.2034
   216  16.2410
   217  16.2786
   218  16.3160
   219  16.3534
   220  16.3907
   221  16.4279
   222  16.4650
   223  16.5021
   224  16.5390
   225  16.5759
   226  16.6127
   227  16.6494
   228  16.6860
   229  16.7226
   230  16.7591
   231  16.7955
   232  16.8318
   233  16.8680
   234  16.9042
   235  16.9403
   236  16.9763
   237  17.0122
   238  17.0480
   239  17.0838
   240  17.1195
   241  17.1551
   242  17.1907
   243  17.2262
   244  17.2616
   245  17.2969
   246  17.3322
   247  17.3674
   248  17.4025
   249  17.4376
   250  17.4725
   251  17.5074
   252  17.5423
   253  17.5771
   254  17.6118
   255  17.6464
   256  17.6810
   257  17.7155
   258  17.7499
   259  17.7843
   260  17.8186
   261  17.8528
   262  17.8870
   263  17.9211
   264  17.9551
   265  17.9891
   266  18.0230
   267  18.0568
   268  18.0906
   269  18.1243
   270  18.1580
   271  18.1916
   272  18.2251
   273  18.2586
   274  18.2920
   275  18.3253
   276  18.3586
   277  18.3919
   278  18.4250
   279  18.4581
   280  18.4912
   281  18.5242
   282  18.5571
   283  18.5900
   284  18.6228
   285  18.6556
   286  18.6883
   287  18.7209
   288  18.7535
   289  18.7860
   290  18.8185
   291  18.8509
   292  18.8833
   293  18.9156
   294  18.9478
   295  18.9800
   296  19.0122
   297  19.0443
   298  19.0763
   299  19.1083
   300  19.1402
