   1000  10.0523  10052.3  2.93196  29.1672  9.271664E-02  0.181725
   1000  10.0010  10001.0  3.02553  30.2521  9.567571E-02  0.187524
   1000  10.2652  10265.2  2.97057  28.9383  9.393770E-02  0.184118
   1000  9.93716  9937.16  2.99730  30.1626  9.478308E-02  0.185775
   1000  10.0492  10049.2  3.08184  30.6675  9.745622E-02  0.191014
   1000  9.93136  9931.36  2.99868  30.1941  9.482665E-02  0.185860
   1000  10.0273  10027.3  2.89722  28.8933  9.161809E-02  0.179571
   1000  10.0740  10074.0  3.10695  30.8412  9.825041E-02  0.192571
   1000  9.87759  9877.59  3.05688  30.9476  9.666689E-02  0.189467
   1000  10.1092  10109.2  3.07499  30.4176  9.723963E-02  0.190590
   1000  10.1958  10195.8  2.79727  27.4355  8.845740E-02  0.173377
   1000  10.0220  10022.0  2.94256  29.3611  9.305199E-02  0.182382
   1000  10.0694  10069.4  2.98892  29.6833  9.451803E-02  0.185255
   1000  10.0328  10032.8  3.13879  31.2853  9.925722E-02  0.194544
   1000  9.95023  9950.23  2.87468  28.8906  9.090545E-02  0.178175
   1000  9.84401  9844.01  3.11801  31.6742  9.860019E-02  0.193256
   1000  9.92460  9924.60  2.97723  29.9985  9.414824E-02  0.184531
   1000  9.97294  9972.94  2.98258  29.9068  9.431756E-02  0.184862
   1000  9.92201  9922.01  3.07042  30.9455  9.709506E-02  0.190306
   1000  9.92393  9923.93  2.94524  29.6781  9.313658E-02  0.182548
   1000  9.88615  9886.15  3.02065  30.5544  9.552135E-02  0.187222
   1000  10.0201  10020.1  2.98706  29.8106  9.445919E-02  0.185140
   1000  9.97623  9976.23  3.07377  30.8109  9.720113E-02  0.190514
   1000  9.82720  9827.20  3.02389  30.7706  9.562366E-02  0.187422
   1000  9.93509  9935.09  3.00416  30.2379  9.499995E-02  0.186200
   1000  9.76939  9769.39  2.97451  30.4472  9.406228E-02  0.184362
   1000  9.83556  9835.56  2.98893  30.3890  9.451812E-02  0.185256
   1000  9.96716  9967.16  2.97377  29.8357  9.403885E-02  0.184316
   1000  9.88039  9880.39  3.12378  31.6160  9.878267E-02  0.193614
   1000  9.81039  9810.39  3.05952  31.1866  9.675063E-02  0.189631
   1000  10.0172  10017.2  3.01614  30.1096  9.537877E-02  0.186942
   1000  10.1032  10103.2  2.93641  29.0642  9.285731E-02  0.182000
   1000  9.91360  9913.60  2.94518  29.7084  9.313468E-02  0.182544
   1000  10.0869  10086.9  3.00666  29.8076  9.507895E-02  0.186355
   1000  9.92037  9920.37  3.05112  30.7561  9.648491E-02  0.189110
   1000  9.98162  9981.62  2.89898  29.0432  9.167375E-02  0.179681
   1000  9.93424  9934.24  2.92724  29.4662  9.256759E-02  0.181432
   1000  9.93280  9932.80  2.93565  29.5551  9.283338E-02  0.181953
   1000  9.96669  9966.69  2.98562  29.9559  9.441347E-02  0.185050
   1000  10.0356  10035.6  3.02926  30.1850  9.579358E-02  0.187755
   1000  9.98294  9982.94  2.95530  29.6035  9.345470E-02  0.183171
   1000  10.3018  10301.8  2.93839  28.5231  9.292004E-02  0.182123
   1000  10.0769  10076.9  2.90394  28.8176  9.183058E-02  0.179988
   1000  9.95004  9950.04  3.06834  30.8374  9.702931E-02  0.190177
   1000  10.0187  10018.7  2.99873  29.9314  9.482819E-02  0.185863
   1000  9.94082  9940.82  3.06674  30.8499  9.697876E-02  0.190078
   1000  10.0348  10034.8  2.94353  29.3333  9.308245E-02  0.182442
   1000  9.96845  9968.45  3.08285  30.9260  9.748817E-02  0.191077
   1000  10.1325  10132.5  3.09842  30.5790  9.798071E-02  0.192042
   1000  10.0639  10063.9  2.91828  28.9976  9.228414E-02  0.180877
   1000  9.83174  9831.74  2.93785  29.8813  9.290309E-02  0.182090
   1000  9.89528  9895.28  2.97337  30.0483  9.402613E-02  0.184291
   1000  10.0929  10092.9  3.05609  30.2797  9.664194E-02  0.189418
   1000  9.93268  9932.68  3.11541  31.3652  9.851789E-02  0.193095
   1000  9.84221  9842.21  2.99406  30.4206  9.468053E-02  0.185574
   1000  9.95280  9952.79  2.98705  30.0122  9.445894E-02  0.185140
   1000  10.0337  10033.7  2.94130  29.3141  9.301198E-02  0.182303
   1000  9.99633  9996.33  3.00487  30.0598  9.502248E-02  0.186244
   1000  10.0717  10071.7  2.97346  29.5228  9.402902E-02  0.184297
   1000  9.84158  9841.58  3.00931  30.5775  9.516258E-02  0.186519
   1000  9.73259  9732.59  2.89319  29.7268  9.149063E-02  0.179322
   1000  10.0585  10058.5  2.98917  29.7179  9.452587E-02  0.185271
   1000  9.86049  9860.49  3.05446  30.9768  9.659061E-02  0.189318
   1000  9.97470  9974.70  2.97325  29.8080  9.402254E-02  0.184284
   1000  10.0552  10055.2  2.91123  28.9525  9.206104E-02  0.180440
   1000  9.93569  9935.69  2.88259  29.0125  9.115559E-02  0.178665
   1000  10.0258  10025.8  2.92328  29.1576  9.244210E-02  0.181187
   1000  10.2064  10206.4  3.04920  29.8752  9.642411E-02  0.188991
   1000  10.1508  10150.8  3.11611  30.6983  9.854009E-02  0.193139
   1000  10.0344  10034.4  3.04221  30.3178  9.620326E-02  0.188558
   1000  9.92672  9926.72  3.07865  31.0138  9.735561E-02  0.190817
   1000  9.99605  9996.05  3.15640  31.5764  9.981409E-02  0.195636
   1000  9.94372  9943.71  2.82688  28.4288  8.939388E-02  0.175212
   1000  10.1181  10118.1  2.92771  28.9352  9.258235E-02  0.181461
   1000  10.0092  10009.2  2.93284  29.3013  9.274442E-02  0.181779
   1000  9.98739  9987.39  3.02438  30.2820  9.563944E-02  0.187453
   1000  10.0142  10014.2  3.13583  31.3138  9.916381E-02  0.194361
   1000  9.98450  9984.50  3.04683  30.5156  9.634938E-02  0.188845
   1000  10.0037  10003.7  2.87380  28.7275  9.087769E-02  0.178120
   1000  10.1163  10116.3  3.00595  29.7141  9.505658E-02  0.186311
   1000  10.1087  10108.7  2.99704  29.6481  9.477469E-02  0.185758
   1000  9.85653  9856.53  2.99305  30.3662  9.464867E-02  0.185511
   1000  10.1510  10151.0  2.95572  29.1174  9.346819E-02  0.183198
   1000  9.98531  9985.31  3.01661  30.2105  9.539353E-02  0.186971
   1000  10.1215  10121.5  3.16626  31.2825  0.100126  0.196247
   1000  9.90913  9909.13  3.15997  31.8895  9.992716E-02  0.195857
   1000  9.87490  9874.90  2.99262  30.3053  9.463505E-02  0.185485
   1000  9.96147  9961.47  2.85099  28.6202  9.015628E-02  0.176706
   1000  10.0217  10021.7  3.00492  29.9842  9.502404E-02  0.186247
   1000  9.98796  9987.96  3.05446  30.5814  9.659056E-02  0.189317
   1000  10.1081  10108.1  2.94072  29.0928  9.299368E-02  0.182268
   1000  9.84425  9844.25  3.06844  31.1699  9.703273E-02  0.190184
   1000  10.1216  10121.6  3.10768  30.7033  9.827334E-02  0.192616
   1000  9.95269  9952.69  2.92557  29.3948  9.251462E-02  0.181329
   1000  9.94625  9946.25  3.03844  30.5486  9.608405E-02  0.188325
   1000  10.0646  10064.6  3.07386  30.5412  9.720403E-02  0.190520
   1000  9.94765  9947.65  3.04577  30.6180  9.631575E-02  0.188779
   1000  9.96052  9960.52  2.97355  29.8534  9.403197E-02  0.184303
   1000  10.2119  10211.9  2.86120  28.0182  9.047896E-02  0.177339
   1000  10.0814  10081.4  2.94803  29.2422  9.322488E-02  0.182721
