   -1.00000   0.335214   0.333514   0.331272    420.982    194.435    338.398
    16.3662    27.2028
   -1.00000   0.336039   0.332181   0.331780    148.816    251.695    2.71343
   10.31239    7.50681
   -1.00000   0.336247   0.333283   0.330470    203.098    133.643    120.346
    2.20504    14.1103
   -1.00000   0.334986   0.333776   0.331238    132.292    33.1002    145.812
    26.5978   10.51706
   -1.00000   0.335352   0.333792   0.330857    123.744    36.0315    127.537
    28.9637    18.3792
   -1.00000   0.334190   0.334051   0.331759    136.162   0.884751    239.193
    10.7982    57.5492
   -1.00000   0.334917   0.333132   0.331950    56.9507    51.3003    22.4815
    20.1488    16.7081
   -1.00000   0.335303   0.333121   0.331576    226.353    192.598    96.6116
    4.40438    12.2679
   -1.00000   0.336597   0.332006   0.331397    205.941    336.908    5.93665
    9.74842    3.65859
   -1.00000   0.336460   0.331975   0.331564    766.396    1309.81    11.0050
    13.1984    17.9378
   -1.00000   0.336005   0.332535   0.331460    622.083    830.709    79.5914
    9.50741    5.24116
   -1.00000   0.335766   0.333214   0.331020    674.345    486.754    359.391
    11.6552    19.4076
   -1.00000   0.335929   0.332893   0.331178    1.95479E+09    1.94601E+09
    6.20419E+08    10.7874   10.34098
